#
# A fatal error has been detected by the Java Runtime Environment:
#
#  EXCEPTION_ACCESS_VIOLATION (0xc0000005) at pc=0x00007ffcce590c31, pid=16036, tid=18956
#
# JRE version: Java(TM) SE Runtime Environment 18.9 (11.0.12+8) (build 11.0.12+8-LTS-237)
# Java VM: Java HotSpot(TM) 64-Bit Server VM 18.9 (11.0.12+8-LTS-237, mixed mode, tiered, compressed oops, g1 gc, windows-amd64)
# Problematic frame:
# V  [jvm.dll+0x4f0c31]
#
# No core dump will be written. Minidumps are not enabled by default on client versions of Windows
#
# If you would like to submit a bug report, please visit:
#   https://bugreport.java.com/bugreport/crash.jsp
#

---------------  S U M M A R Y ------------

Command Line: -agentlib:jdwp=transport=dt_socket,address=127.0.0.1:53233,suspend=y,server=n -ea --add-opens=java.base/java.lang=ALL-UNNAMED --add-opens=java.base/java.lang.invoke=ALL-UNNAMED --add-opens=java.base/java.lang.reflect=ALL-UNNAMED --add-opens=java.base/java.io=ALL-UNNAMED --add-opens=java.base/java.nio=ALL-UNNAMED --add-opens=java.base/java.math=ALL-UNNAMED --add-opens=java.base/java.util=ALL-UNNAMED --add-opens=java.base/jdk.internal.misc=ALL-UNNAMED -Dio.netty.tryReflectionSetAccessible=true -Djava.util.logging.config.file=../../config/java.util.logging.properties --add-opens=java.base/java.lang=ALL-UNNAMED --add-opens=java.base/java.lang.invoke=ALL-UNNAMED --add-opens=java.base/java.lang.reflect=ALL-UNNAMED --add-opens=java.base/java.io=ALL-UNNAMED --add-opens=java.base/java.nio=ALL-UNNAMED --add-opens=java.base/java.math=ALL-UNNAMED --add-opens=java.base/java.util=ALL-UNNAMED --add-opens=java.base/jdk.internal.misc=ALL-UNNAMED -Dio.netty.tryReflectionSetAccessible=true -Djava.util.logging.config.file=../../config/java.util.logging.properties -Didea.test.cyclic.buffer.size=1048576 -javaagent:C:\Users\tkalk\AppData\Local\JetBrains\IdeaIC2021.2\captureAgent\debugger-agent.jar -Dfile.encoding=UTF-8 com.intellij.rt.junit.JUnitStarter -ideVersion5 -junit5 org.apache.ignite.internal.pagememory.persistence.PersistentPageMemoryNoLoadTest,testPageReplacement(org.apache.ignite.internal.pagememory.configuration.schema.PageMemoryCheckpointConfiguration,java.nio.file.Path)

Host: Intel(R) Core(TM) i7-8565U CPU @ 1.80GHz, 8 cores, 23G,  Windows 10 , 64 bit Build 19041 (10.0.19041.1806)
Time: Fri Aug  5 15:29:41 2022 RTZ 2 (зима) elapsed time: 3.336181 seconds (0d 0h 0m 3s)

---------------  T H R E A D  ---------------

Current thread (0x000001cfbf8d8000):  JavaThread "JDWP Transport Listener: dt_socket" daemon [_thread_in_vm, id=18956, stack(0x0000000b20100000,0x0000000b20200000)]

Stack: [0x0000000b20100000,0x0000000b20200000],  sp=0x0000000b201ff530,  free space=1021k
Native frames: (J=compiled Java code, j=interpreted, Vv=VM code, C=native code)
V  [jvm.dll+0x4f0c31]
V  [jvm.dll+0x4ddf0b]
V  [jvm.dll+0x2aa04a]
V  [jvm.dll+0x1cc4e4]
V  [jvm.dll+0x4ddb2f]
V  [jvm.dll+0x497613]
C  [jdwp.dll+0x3212]


siginfo: EXCEPTION_ACCESS_VIOLATION (0xc0000005), reading address 0xffffffffffffffff


Register to memory mapping:

RIP=0x00007ffcce590c31 jvm.dll
RAX=0x0000000b201ff568 is pointing into the stack for thread: 0x000001cfbf8d8000
RBX=0x6464646464646464 is an unknown value
RCX=0x000001cfbf8d8000 is a thread
RDX=0x0000000b201ff560 is pointing into the stack for thread: 0x000001cfbf8d8000
RSP=0x0000000b201ff530 is pointing into the stack for thread: 0x000001cfbf8d8000
RBP=0x0000000696d1a0f8 is an oop: jdk.internal.loader.ClassLoaders$AppClassLoader 
{0x0000000696d1a0f8} - klass: 'jdk/internal/loader/ClassLoaders$AppClassLoader'
RSI=0x0000000696d1a0f8 is an oop: jdk.internal.loader.ClassLoaders$AppClassLoader 
{0x0000000696d1a0f8} - klass: 'jdk/internal/loader/ClassLoaders$AppClassLoader'
RDI=0x0000000b201ff610 is pointing into the stack for thread: 0x000001cfbf8d8000
R8 =0x0000000000000002 is an unknown value
R9 =0x000001cfbf8d8000 is a thread
R10=0x0 is NULL
R11=0x0000000b201ff580 is pointing into the stack for thread: 0x000001cfbf8d8000
R12=0x0000000b201ff720 is pointing into the stack for thread: 0x000001cfbf8d8000
R13=0x0 is NULL
R14=0x0000000000001800 is an unknown value
R15=0x0000000b201ff728 is pointing into the stack for thread: 0x000001cfbf8d8000


Registers:
RAX=0x0000000b201ff568, RBX=0x6464646464646464, RCX=0x000001cfbf8d8000, RDX=0x0000000b201ff560
RSP=0x0000000b201ff530, RBP=0x0000000696d1a0f8, RSI=0x0000000696d1a0f8, RDI=0x0000000b201ff610
R8 =0x0000000000000002, R9 =0x000001cfbf8d8000, R10=0x0000000000000000, R11=0x0000000b201ff580
R12=0x0000000b201ff720, R13=0x0000000000000000, R14=0x0000000000001800, R15=0x0000000b201ff728
RIP=0x00007ffcce590c31, EFLAGS=0x0000000000010202

Top of Stack: (sp=0x0000000b201ff530)
0x0000000b201ff530:   6464646464646464 0000000696d1a0f8
0x0000000b201ff540:   0000000696d1a0f8 0000000696d1a0f8
0x0000000b201ff550:   6464646464646464 00007ffcce57df0b
0x0000000b201ff560:   000001cfbf8d8000 000001cfbf8d8000
0x0000000b201ff570:   000001cfbf8d8000 00007ffcce47537b
0x0000000b201ff580:   000001cfbf3c3960 00007ffcce34a04a
0x0000000b201ff590:   000001cfc2fb4400 00007ffcce57de80
0x0000000b201ff5a0:   0000000000000300 000001cfbf5a46f0
0x0000000b201ff5b0:   000001cfbf84e8c0 00007ffcce26c4e4
0x0000000b201ff5c0:   000001cfbf3c8250 000001cfbf8d8000
0x0000000b201ff5d0:   00007ffcce57de80 0000000696d1a0f8
0x0000000b201ff5e0:   000001cfbf7ecdb8 00007ffcce57db2f
0x0000000b201ff5f0:   0000000b201ff720 000001cf964837f0
0x0000000b201ff600:   000001cf96481700 000001cf9647c4f0
0x0000000b201ff610:   000001cfbf3ce2d8 000001cf000007cd
0x0000000b201ff620:   0000000000000000 00007ffc00000000 

Instructions: (pc=0x00007ffcce590c31)
0x00007ffcce590c11:   53 48 83 ec 20 48 8b d9 48 c7 44 24 30 00 00 00
0x00007ffcce590c21:   00 48 8d 4c 24 38 48 8d 54 24 30 e8 ff 08 dd ff
0x00007ffcce590c31:   48 8b 03 b2 01 4c 8b 44 24 30 48 8b cb ff 90 d8
0x00007ffcce590c41:   00 00 00 48 8d 4c 24 38 48 8b d8 e8 5f 09 dd ff 


Stack slot to memory mapping:
stack at sp + 0 slots: 0x6464646464646464 is an unknown value
stack at sp + 1 slots: 0x0000000696d1a0f8 is an oop: jdk.internal.loader.ClassLoaders$AppClassLoader 
{0x0000000696d1a0f8} - klass: 'jdk/internal/loader/ClassLoaders$AppClassLoader'
stack at sp + 2 slots: 0x0000000696d1a0f8 is an oop: jdk.internal.loader.ClassLoaders$AppClassLoader 
{0x0000000696d1a0f8} - klass: 'jdk/internal/loader/ClassLoaders$AppClassLoader'
stack at sp + 3 slots: 0x0000000696d1a0f8 is an oop: jdk.internal.loader.ClassLoaders$AppClassLoader 
{0x0000000696d1a0f8} - klass: 'jdk/internal/loader/ClassLoaders$AppClassLoader'
stack at sp + 4 slots: 0x6464646464646464 is an unknown value
stack at sp + 5 slots: 0x00007ffcce57df0b jvm.dll
stack at sp + 6 slots: 0x000001cfbf8d8000 is a thread
stack at sp + 7 slots: 0x000001cfbf8d8000 is a thread


---------------  P R O C E S S  ---------------

Threads class SMR info:
_java_thread_list=0x000001cfc00903b0, length=18, elements={
0x000001cf96487800, 0x000001cfbf382800, 0x000001cfbf383800, 0x000001cfbf41b000,
0x000001cfbf41c000, 0x000001cfbf41d000, 0x000001cfbf428800, 0x000001cfbf42f000,
0x000001cfbf430800, 0x000001cfbf5a3000, 0x000001cfbf5da800, 0x000001cfbf8d8000,
0x000001cfbf7ee000, 0x000001cfbf9ad000, 0x000001cfc0299800, 0x000001cfc029a000,
0x000001cfc029b000, 0x000001cfc0295800
}

Java Threads: ( => current thread )
  0x000001cf96487800 JavaThread "main" [_thread_blocked, id=10968, stack(0x0000000b1f000000,0x0000000b1f100000)]
  0x000001cfbf382800 JavaThread "Reference Handler" daemon [_thread_blocked, id=776, stack(0x0000000b1f700000,0x0000000b1f800000)]
  0x000001cfbf383800 JavaThread "Finalizer" daemon [_thread_blocked, id=14572, stack(0x0000000b1f800000,0x0000000b1f900000)]
  0x000001cfbf41b000 JavaThread "Signal Dispatcher" daemon [_thread_blocked, id=7776, stack(0x0000000b1f900000,0x0000000b1fa00000)]
  0x000001cfbf41c000 JavaThread "Attach Listener" daemon [_thread_blocked, id=13744, stack(0x0000000b1fa00000,0x0000000b1fb00000)]
  0x000001cfbf41d000 JavaThread "Service Thread" daemon [_thread_blocked, id=15000, stack(0x0000000b1fb00000,0x0000000b1fc00000)]
  0x000001cfbf428800 JavaThread "C2 CompilerThread0" daemon [_thread_in_native, id=2592, stack(0x0000000b1fc00000,0x0000000b1fd00000)]
  0x000001cfbf42f000 JavaThread "C1 CompilerThread0" daemon [_thread_blocked, id=8060, stack(0x0000000b1fd00000,0x0000000b1fe00000)]
  0x000001cfbf430800 JavaThread "Sweeper thread" daemon [_thread_blocked, id=1640, stack(0x0000000b1fe00000,0x0000000b1ff00000)]
  0x000001cfbf5a3000 JavaThread "Common-Cleaner" daemon [_thread_blocked, id=16016, stack(0x0000000b1ff00000,0x0000000b20000000)]
  0x000001cfbf5da800 JavaThread "C2 CompilerThread1" daemon [_thread_in_native, id=15556, stack(0x0000000b20000000,0x0000000b20100000)]
=>0x000001cfbf8d8000 JavaThread "JDWP Transport Listener: dt_socket" daemon [_thread_in_vm, id=18956, stack(0x0000000b20100000,0x0000000b20200000)]
  0x000001cfbf7ee000 JavaThread "JDWP Event Helper Thread" daemon [_thread_blocked, id=14628, stack(0x0000000b20200000,0x0000000b20300000)]
  0x000001cfbf9ad000 JavaThread "JDWP Command Reader" daemon [_thread_in_native, id=16828, stack(0x0000000b20300000,0x0000000b20400000)]
  0x000001cfc0299800 JavaThread "pool-1-thread-1" [_thread_blocked, id=7176, stack(0x0000000b20e00000,0x0000000b20f00000)]
  0x000001cfc029a000 JavaThread "%test%checkpoint-thread-1" [_thread_in_Java, id=15384, stack(0x0000000b20c00000,0x0000000b20d00000)]
  0x000001cfc029b000 JavaThread "%test%compaction-thread-2" [_thread_blocked, id=1180, stack(0x0000000b20f00000,0x0000000b21000000)]
  0x000001cfc0295800 JavaThread "FastTimestamps updater" daemon [_thread_blocked, id=14076, stack(0x0000000b21000000,0x0000000b21100000)]

Other Threads:
  0x000001cfbf3b9000 VMThread "VM Thread" [stack: 0x0000000b1f600000,0x0000000b1f700000] [id=11364]
  0x000001cfbfc96800 WatcherThread [stack: 0x0000000b20400000,0x0000000b20500000] [id=18124]
  0x000001cf9649d000 GCTaskThread "GC Thread#0" [stack: 0x0000000b1f100000,0x0000000b1f200000] [id=4048]
  0x000001cfc00ca000 GCTaskThread "GC Thread#1" [stack: 0x0000000b20500000,0x0000000b20600000] [id=17764]
  0x000001cfc00f0800 GCTaskThread "GC Thread#2" [stack: 0x0000000b20600000,0x0000000b20700000] [id=11376]
  0x000001cfc00a3800 GCTaskThread "GC Thread#3" [stack: 0x0000000b20700000,0x0000000b20800000] [id=9912]
  0x000001cfc00a4800 GCTaskThread "GC Thread#4" [stack: 0x0000000b20800000,0x0000000b20900000] [id=8392]
  0x000001cfc00e2800 GCTaskThread "GC Thread#5" [stack: 0x0000000b20900000,0x0000000b20a00000] [id=19384]
  0x000001cfc00e3000 GCTaskThread "GC Thread#6" [stack: 0x0000000b20a00000,0x0000000b20b00000] [id=15368]
  0x000001cfc0085000 GCTaskThread "GC Thread#7" [stack: 0x0000000b20b00000,0x0000000b20c00000] [id=18084]
  0x000001cf96525000 ConcurrentGCThread "G1 Main Marker" [stack: 0x0000000b1f200000,0x0000000b1f300000] [id=10628]
  0x000001cf96527800 ConcurrentGCThread "G1 Conc#0" [stack: 0x0000000b1f300000,0x0000000b1f400000] [id=19104]
  0x000001cfc00d2000 ConcurrentGCThread "G1 Conc#1" [stack: 0x0000000b20d00000,0x0000000b20e00000] [id=19024]
  0x000001cfbe9e8800 ConcurrentGCThread "G1 Refine#0" [stack: 0x0000000b1f400000,0x0000000b1f500000] [id=10392]
  0x000001cfbe9e9800 ConcurrentGCThread "G1 Young RemSet Sampling" [stack: 0x0000000b1f500000,0x0000000b1f600000] [id=12924]

Threads with active compile tasks:
C2 CompilerThread0   3348 2503       4       java.lang.invoke.InvokerBytecodeGenerator::emitPushArgument (120 bytes)
C2 CompilerThread1   3348 2499       4       java.lang.invoke.InvokerBytecodeGenerator::emitImplicitConversion (159 bytes)

VM state:not at safepoint (normal execution)

VM Mutex/Monitor currently owned by a thread:  ([mutex/lock_event])
[0x000001cf96481700] SystemDictionary_lock - owner thread: 0x000001cfbf8d8000
[0x000001cf964837f0] MultiArray_lock - owner thread: 0x000001cfbf8d8000

Heap address: 0x0000000683e00000, size: 6082 MB, Compressed Oops mode: Zero based, Oop shift amount: 3
Narrow klass base: 0x0000000800000000, Narrow klass shift: 0
Compressed class space size: 1073741824 Address: 0x0000000800000000

Heap:
 garbage-first heap   total 391168K, used 31703K [0x0000000683e00000, 0x0000000800000000)
  region size 1024K, 32 young (32768K), 6 survivors (6144K)
 Metaspace       used 24855K, capacity 25894K, committed 26032K, reserved 1071104K
  class space    used 3129K, capacity 3552K, committed 3584K, reserved 1048576K
Heap Regions: E=young(eden), S=young(survivor), O=old, HS=humongous(starts), HC=humongous(continues), CS=collection set, F=free, A=archive, TAMS=top-at-mark-start (previous, next)
|   0|0x0000000683e00000, 0x0000000683edc000, 0x0000000683f00000| 85%| O|  |TAMS 0x0000000683edc000, 0x0000000683e00000| Untracked 
|   1|0x0000000683f00000, 0x0000000683f00000, 0x0000000684000000|  0%| F|  |TAMS 0x0000000683f00000, 0x0000000683f00000| Untracked 
|   2|0x0000000684000000, 0x0000000684000000, 0x0000000684100000|  0%| F|  |TAMS 0x0000000684000000, 0x0000000684000000| Untracked 
|   3|0x0000000684100000, 0x0000000684100000, 0x0000000684200000|  0%| F|  |TAMS 0x0000000684100000, 0x0000000684100000| Untracked 
|   4|0x0000000684200000, 0x0000000684200000, 0x0000000684300000|  0%| F|  |TAMS 0x0000000684200000, 0x0000000684200000| Untracked 
|   5|0x0000000684300000, 0x0000000684300000, 0x0000000684400000|  0%| F|  |TAMS 0x0000000684300000, 0x0000000684300000| Untracked 
|   6|0x0000000684400000, 0x0000000684400000, 0x0000000684500000|  0%| F|  |TAMS 0x0000000684400000, 0x0000000684400000| Untracked 
|   7|0x0000000684500000, 0x0000000684500000, 0x0000000684600000|  0%| F|  |TAMS 0x0000000684500000, 0x0000000684500000| Untracked 
|   8|0x0000000684600000, 0x0000000684600000, 0x0000000684700000|  0%| F|  |TAMS 0x0000000684600000, 0x0000000684600000| Untracked 
|   9|0x0000000684700000, 0x0000000684700000, 0x0000000684800000|  0%| F|  |TAMS 0x0000000684700000, 0x0000000684700000| Untracked 
|  10|0x0000000684800000, 0x0000000684800000, 0x0000000684900000|  0%| F|  |TAMS 0x0000000684800000, 0x0000000684800000| Untracked 
|  11|0x0000000684900000, 0x0000000684900000, 0x0000000684a00000|  0%| F|  |TAMS 0x0000000684900000, 0x0000000684900000| Untracked 
|  12|0x0000000684a00000, 0x0000000684a00000, 0x0000000684b00000|  0%| F|  |TAMS 0x0000000684a00000, 0x0000000684a00000| Untracked 
|  13|0x0000000684b00000, 0x0000000684b00000, 0x0000000684c00000|  0%| F|  |TAMS 0x0000000684b00000, 0x0000000684b00000| Untracked 
|  14|0x0000000684c00000, 0x0000000684c00000, 0x0000000684d00000|  0%| F|  |TAMS 0x0000000684c00000, 0x0000000684c00000| Untracked 
|  15|0x0000000684d00000, 0x0000000684d00000, 0x0000000684e00000|  0%| F|  |TAMS 0x0000000684d00000, 0x0000000684d00000| Untracked 
|  16|0x0000000684e00000, 0x0000000684e00000, 0x0000000684f00000|  0%| F|  |TAMS 0x0000000684e00000, 0x0000000684e00000| Untracked 
|  17|0x0000000684f00000, 0x0000000684f00000, 0x0000000685000000|  0%| F|  |TAMS 0x0000000684f00000, 0x0000000684f00000| Untracked 
|  18|0x0000000685000000, 0x0000000685000000, 0x0000000685100000|  0%| F|  |TAMS 0x0000000685000000, 0x0000000685000000| Untracked 
|  19|0x0000000685100000, 0x0000000685100000, 0x0000000685200000|  0%| F|  |TAMS 0x0000000685100000, 0x0000000685100000| Untracked 
|  20|0x0000000685200000, 0x0000000685200000, 0x0000000685300000|  0%| F|  |TAMS 0x0000000685200000, 0x0000000685200000| Untracked 
|  21|0x0000000685300000, 0x0000000685300000, 0x0000000685400000|  0%| F|  |TAMS 0x0000000685300000, 0x0000000685300000| Untracked 
|  22|0x0000000685400000, 0x0000000685400000, 0x0000000685500000|  0%| F|  |TAMS 0x0000000685400000, 0x0000000685400000| Untracked 
|  23|0x0000000685500000, 0x0000000685500000, 0x0000000685600000|  0%| F|  |TAMS 0x0000000685500000, 0x0000000685500000| Untracked 
|  24|0x0000000685600000, 0x0000000685600000, 0x0000000685700000|  0%| F|  |TAMS 0x0000000685600000, 0x0000000685600000| Untracked 
|  25|0x0000000685700000, 0x0000000685700000, 0x0000000685800000|  0%| F|  |TAMS 0x0000000685700000, 0x0000000685700000| Untracked 
|  26|0x0000000685800000, 0x0000000685800000, 0x0000000685900000|  0%| F|  |TAMS 0x0000000685800000, 0x0000000685800000| Untracked 
|  27|0x0000000685900000, 0x0000000685900000, 0x0000000685a00000|  0%| F|  |TAMS 0x0000000685900000, 0x0000000685900000| Untracked 
|  28|0x0000000685a00000, 0x0000000685a00000, 0x0000000685b00000|  0%| F|  |TAMS 0x0000000685a00000, 0x0000000685a00000| Untracked 
|  29|0x0000000685b00000, 0x0000000685b00000, 0x0000000685c00000|  0%| F|  |TAMS 0x0000000685b00000, 0x0000000685b00000| Untracked 
|  30|0x0000000685c00000, 0x0000000685c00000, 0x0000000685d00000|  0%| F|  |TAMS 0x0000000685c00000, 0x0000000685c00000| Untracked 
|  31|0x0000000685d00000, 0x0000000685d00000, 0x0000000685e00000|  0%| F|  |TAMS 0x0000000685d00000, 0x0000000685d00000| Untracked 
|  32|0x0000000685e00000, 0x0000000685e00000, 0x0000000685f00000|  0%| F|  |TAMS 0x0000000685e00000, 0x0000000685e00000| Untracked 
|  33|0x0000000685f00000, 0x0000000685f00000, 0x0000000686000000|  0%| F|  |TAMS 0x0000000685f00000, 0x0000000685f00000| Untracked 
|  34|0x0000000686000000, 0x0000000686000000, 0x0000000686100000|  0%| F|  |TAMS 0x0000000686000000, 0x0000000686000000| Untracked 
|  35|0x0000000686100000, 0x0000000686100000, 0x0000000686200000|  0%| F|  |TAMS 0x0000000686100000, 0x0000000686100000| Untracked 
|  36|0x0000000686200000, 0x0000000686200000, 0x0000000686300000|  0%| F|  |TAMS 0x0000000686200000, 0x0000000686200000| Untracked 
|  37|0x0000000686300000, 0x0000000686300000, 0x0000000686400000|  0%| F|  |TAMS 0x0000000686300000, 0x0000000686300000| Untracked 
|  38|0x0000000686400000, 0x0000000686400000, 0x0000000686500000|  0%| F|  |TAMS 0x0000000686400000, 0x0000000686400000| Untracked 
|  39|0x0000000686500000, 0x0000000686500000, 0x0000000686600000|  0%| F|  |TAMS 0x0000000686500000, 0x0000000686500000| Untracked 
|  40|0x0000000686600000, 0x0000000686600000, 0x0000000686700000|  0%| F|  |TAMS 0x0000000686600000, 0x0000000686600000| Untracked 
|  41|0x0000000686700000, 0x0000000686700000, 0x0000000686800000|  0%| F|  |TAMS 0x0000000686700000, 0x0000000686700000| Untracked 
|  42|0x0000000686800000, 0x0000000686800000, 0x0000000686900000|  0%| F|  |TAMS 0x0000000686800000, 0x0000000686800000| Untracked 
|  43|0x0000000686900000, 0x0000000686900000, 0x0000000686a00000|  0%| F|  |TAMS 0x0000000686900000, 0x0000000686900000| Untracked 
|  44|0x0000000686a00000, 0x0000000686a00000, 0x0000000686b00000|  0%| F|  |TAMS 0x0000000686a00000, 0x0000000686a00000| Untracked 
|  45|0x0000000686b00000, 0x0000000686b00000, 0x0000000686c00000|  0%| F|  |TAMS 0x0000000686b00000, 0x0000000686b00000| Untracked 
|  46|0x0000000686c00000, 0x0000000686c00000, 0x0000000686d00000|  0%| F|  |TAMS 0x0000000686c00000, 0x0000000686c00000| Untracked 
|  47|0x0000000686d00000, 0x0000000686d00000, 0x0000000686e00000|  0%| F|  |TAMS 0x0000000686d00000, 0x0000000686d00000| Untracked 
|  48|0x0000000686e00000, 0x0000000686e00000, 0x0000000686f00000|  0%| F|  |TAMS 0x0000000686e00000, 0x0000000686e00000| Untracked 
|  49|0x0000000686f00000, 0x0000000686f00000, 0x0000000687000000|  0%| F|  |TAMS 0x0000000686f00000, 0x0000000686f00000| Untracked 
|  50|0x0000000687000000, 0x0000000687000000, 0x0000000687100000|  0%| F|  |TAMS 0x0000000687000000, 0x0000000687000000| Untracked 
|  51|0x0000000687100000, 0x0000000687100000, 0x0000000687200000|  0%| F|  |TAMS 0x0000000687100000, 0x0000000687100000| Untracked 
|  52|0x0000000687200000, 0x0000000687200000, 0x0000000687300000|  0%| F|  |TAMS 0x0000000687200000, 0x0000000687200000| Untracked 
|  53|0x0000000687300000, 0x0000000687300000, 0x0000000687400000|  0%| F|  |TAMS 0x0000000687300000, 0x0000000687300000| Untracked 
|  54|0x0000000687400000, 0x0000000687400000, 0x0000000687500000|  0%| F|  |TAMS 0x0000000687400000, 0x0000000687400000| Untracked 
|  55|0x0000000687500000, 0x0000000687500000, 0x0000000687600000|  0%| F|  |TAMS 0x0000000687500000, 0x0000000687500000| Untracked 
|  56|0x0000000687600000, 0x0000000687600000, 0x0000000687700000|  0%| F|  |TAMS 0x0000000687600000, 0x0000000687600000| Untracked 
|  57|0x0000000687700000, 0x0000000687700000, 0x0000000687800000|  0%| F|  |TAMS 0x0000000687700000, 0x0000000687700000| Untracked 
|  58|0x0000000687800000, 0x0000000687800000, 0x0000000687900000|  0%| F|  |TAMS 0x0000000687800000, 0x0000000687800000| Untracked 
|  59|0x0000000687900000, 0x0000000687900000, 0x0000000687a00000|  0%| F|  |TAMS 0x0000000687900000, 0x0000000687900000| Untracked 
|  60|0x0000000687a00000, 0x0000000687a00000, 0x0000000687b00000|  0%| F|  |TAMS 0x0000000687a00000, 0x0000000687a00000| Untracked 
|  61|0x0000000687b00000, 0x0000000687b00000, 0x0000000687c00000|  0%| F|  |TAMS 0x0000000687b00000, 0x0000000687b00000| Untracked 
|  62|0x0000000687c00000, 0x0000000687c00000, 0x0000000687d00000|  0%| F|  |TAMS 0x0000000687c00000, 0x0000000687c00000| Untracked 
|  63|0x0000000687d00000, 0x0000000687d00000, 0x0000000687e00000|  0%| F|  |TAMS 0x0000000687d00000, 0x0000000687d00000| Untracked 
|  64|0x0000000687e00000, 0x0000000687e00000, 0x0000000687f00000|  0%| F|  |TAMS 0x0000000687e00000, 0x0000000687e00000| Untracked 
|  65|0x0000000687f00000, 0x0000000687f00000, 0x0000000688000000|  0%| F|  |TAMS 0x0000000687f00000, 0x0000000687f00000| Untracked 
|  66|0x0000000688000000, 0x0000000688000000, 0x0000000688100000|  0%| F|  |TAMS 0x0000000688000000, 0x0000000688000000| Untracked 
|  67|0x0000000688100000, 0x0000000688100000, 0x0000000688200000|  0%| F|  |TAMS 0x0000000688100000, 0x0000000688100000| Untracked 
|  68|0x0000000688200000, 0x0000000688200000, 0x0000000688300000|  0%| F|  |TAMS 0x0000000688200000, 0x0000000688200000| Untracked 
|  69|0x0000000688300000, 0x0000000688300000, 0x0000000688400000|  0%| F|  |TAMS 0x0000000688300000, 0x0000000688300000| Untracked 
|  70|0x0000000688400000, 0x0000000688400000, 0x0000000688500000|  0%| F|  |TAMS 0x0000000688400000, 0x0000000688400000| Untracked 
|  71|0x0000000688500000, 0x0000000688500000, 0x0000000688600000|  0%| F|  |TAMS 0x0000000688500000, 0x0000000688500000| Untracked 
|  72|0x0000000688600000, 0x0000000688600000, 0x0000000688700000|  0%| F|  |TAMS 0x0000000688600000, 0x0000000688600000| Untracked 
|  73|0x0000000688700000, 0x0000000688700000, 0x0000000688800000|  0%| F|  |TAMS 0x0000000688700000, 0x0000000688700000| Untracked 
|  74|0x0000000688800000, 0x0000000688800000, 0x0000000688900000|  0%| F|  |TAMS 0x0000000688800000, 0x0000000688800000| Untracked 
|  75|0x0000000688900000, 0x0000000688900000, 0x0000000688a00000|  0%| F|  |TAMS 0x0000000688900000, 0x0000000688900000| Untracked 
|  76|0x0000000688a00000, 0x0000000688a00000, 0x0000000688b00000|  0%| F|  |TAMS 0x0000000688a00000, 0x0000000688a00000| Untracked 
|  77|0x0000000688b00000, 0x0000000688b00000, 0x0000000688c00000|  0%| F|  |TAMS 0x0000000688b00000, 0x0000000688b00000| Untracked 
|  78|0x0000000688c00000, 0x0000000688c00000, 0x0000000688d00000|  0%| F|  |TAMS 0x0000000688c00000, 0x0000000688c00000| Untracked 
|  79|0x0000000688d00000, 0x0000000688d00000, 0x0000000688e00000|  0%| F|  |TAMS 0x0000000688d00000, 0x0000000688d00000| Untracked 
|  80|0x0000000688e00000, 0x0000000688e00000, 0x0000000688f00000|  0%| F|  |TAMS 0x0000000688e00000, 0x0000000688e00000| Untracked 
|  81|0x0000000688f00000, 0x0000000688f00000, 0x0000000689000000|  0%| F|  |TAMS 0x0000000688f00000, 0x0000000688f00000| Untracked 
|  82|0x0000000689000000, 0x0000000689000000, 0x0000000689100000|  0%| F|  |TAMS 0x0000000689000000, 0x0000000689000000| Untracked 
|  83|0x0000000689100000, 0x0000000689100000, 0x0000000689200000|  0%| F|  |TAMS 0x0000000689100000, 0x0000000689100000| Untracked 
|  84|0x0000000689200000, 0x0000000689200000, 0x0000000689300000|  0%| F|  |TAMS 0x0000000689200000, 0x0000000689200000| Untracked 
|  85|0x0000000689300000, 0x0000000689300000, 0x0000000689400000|  0%| F|  |TAMS 0x0000000689300000, 0x0000000689300000| Untracked 
|  86|0x0000000689400000, 0x0000000689400000, 0x0000000689500000|  0%| F|  |TAMS 0x0000000689400000, 0x0000000689400000| Untracked 
|  87|0x0000000689500000, 0x0000000689500000, 0x0000000689600000|  0%| F|  |TAMS 0x0000000689500000, 0x0000000689500000| Untracked 
|  88|0x0000000689600000, 0x0000000689600000, 0x0000000689700000|  0%| F|  |TAMS 0x0000000689600000, 0x0000000689600000| Untracked 
|  89|0x0000000689700000, 0x0000000689700000, 0x0000000689800000|  0%| F|  |TAMS 0x0000000689700000, 0x0000000689700000| Untracked 
|  90|0x0000000689800000, 0x0000000689800000, 0x0000000689900000|  0%| F|  |TAMS 0x0000000689800000, 0x0000000689800000| Untracked 
|  91|0x0000000689900000, 0x0000000689900000, 0x0000000689a00000|  0%| F|  |TAMS 0x0000000689900000, 0x0000000689900000| Untracked 
|  92|0x0000000689a00000, 0x0000000689a00000, 0x0000000689b00000|  0%| F|  |TAMS 0x0000000689a00000, 0x0000000689a00000| Untracked 
|  93|0x0000000689b00000, 0x0000000689b00000, 0x0000000689c00000|  0%| F|  |TAMS 0x0000000689b00000, 0x0000000689b00000| Untracked 
|  94|0x0000000689c00000, 0x0000000689c00000, 0x0000000689d00000|  0%| F|  |TAMS 0x0000000689c00000, 0x0000000689c00000| Untracked 
|  95|0x0000000689d00000, 0x0000000689d00000, 0x0000000689e00000|  0%| F|  |TAMS 0x0000000689d00000, 0x0000000689d00000| Untracked 
|  96|0x0000000689e00000, 0x0000000689e00000, 0x0000000689f00000|  0%| F|  |TAMS 0x0000000689e00000, 0x0000000689e00000| Untracked 
|  97|0x0000000689f00000, 0x0000000689f00000, 0x000000068a000000|  0%| F|  |TAMS 0x0000000689f00000, 0x0000000689f00000| Untracked 
|  98|0x000000068a000000, 0x000000068a000000, 0x000000068a100000|  0%| F|  |TAMS 0x000000068a000000, 0x000000068a000000| Untracked 
|  99|0x000000068a100000, 0x000000068a100000, 0x000000068a200000|  0%| F|  |TAMS 0x000000068a100000, 0x000000068a100000| Untracked 
| 100|0x000000068a200000, 0x000000068a200000, 0x000000068a300000|  0%| F|  |TAMS 0x000000068a200000, 0x000000068a200000| Untracked 
| 101|0x000000068a300000, 0x000000068a300000, 0x000000068a400000|  0%| F|  |TAMS 0x000000068a300000, 0x000000068a300000| Untracked 
| 102|0x000000068a400000, 0x000000068a400000, 0x000000068a500000|  0%| F|  |TAMS 0x000000068a400000, 0x000000068a400000| Untracked 
| 103|0x000000068a500000, 0x000000068a500000, 0x000000068a600000|  0%| F|  |TAMS 0x000000068a500000, 0x000000068a500000| Untracked 
| 104|0x000000068a600000, 0x000000068a600000, 0x000000068a700000|  0%| F|  |TAMS 0x000000068a600000, 0x000000068a600000| Untracked 
| 105|0x000000068a700000, 0x000000068a700000, 0x000000068a800000|  0%| F|  |TAMS 0x000000068a700000, 0x000000068a700000| Untracked 
| 106|0x000000068a800000, 0x000000068a800000, 0x000000068a900000|  0%| F|  |TAMS 0x000000068a800000, 0x000000068a800000| Untracked 
| 107|0x000000068a900000, 0x000000068a900000, 0x000000068aa00000|  0%| F|  |TAMS 0x000000068a900000, 0x000000068a900000| Untracked 
| 108|0x000000068aa00000, 0x000000068aa00000, 0x000000068ab00000|  0%| F|  |TAMS 0x000000068aa00000, 0x000000068aa00000| Untracked 
| 109|0x000000068ab00000, 0x000000068ab00000, 0x000000068ac00000|  0%| F|  |TAMS 0x000000068ab00000, 0x000000068ab00000| Untracked 
| 110|0x000000068ac00000, 0x000000068ac00000, 0x000000068ad00000|  0%| F|  |TAMS 0x000000068ac00000, 0x000000068ac00000| Untracked 
| 111|0x000000068ad00000, 0x000000068ad00000, 0x000000068ae00000|  0%| F|  |TAMS 0x000000068ad00000, 0x000000068ad00000| Untracked 
| 112|0x000000068ae00000, 0x000000068ae00000, 0x000000068af00000|  0%| F|  |TAMS 0x000000068ae00000, 0x000000068ae00000| Untracked 
| 113|0x000000068af00000, 0x000000068af00000, 0x000000068b000000|  0%| F|  |TAMS 0x000000068af00000, 0x000000068af00000| Untracked 
| 114|0x000000068b000000, 0x000000068b000000, 0x000000068b100000|  0%| F|  |TAMS 0x000000068b000000, 0x000000068b000000| Untracked 
| 115|0x000000068b100000, 0x000000068b100000, 0x000000068b200000|  0%| F|  |TAMS 0x000000068b100000, 0x000000068b100000| Untracked 
| 116|0x000000068b200000, 0x000000068b200000, 0x000000068b300000|  0%| F|  |TAMS 0x000000068b200000, 0x000000068b200000| Untracked 
| 117|0x000000068b300000, 0x000000068b300000, 0x000000068b400000|  0%| F|  |TAMS 0x000000068b300000, 0x000000068b300000| Untracked 
| 118|0x000000068b400000, 0x000000068b400000, 0x000000068b500000|  0%| F|  |TAMS 0x000000068b400000, 0x000000068b400000| Untracked 
| 119|0x000000068b500000, 0x000000068b500000, 0x000000068b600000|  0%| F|  |TAMS 0x000000068b500000, 0x000000068b500000| Untracked 
| 120|0x000000068b600000, 0x000000068b600000, 0x000000068b700000|  0%| F|  |TAMS 0x000000068b600000, 0x000000068b600000| Untracked 
| 121|0x000000068b700000, 0x000000068b700000, 0x000000068b800000|  0%| F|  |TAMS 0x000000068b700000, 0x000000068b700000| Untracked 
| 122|0x000000068b800000, 0x000000068b800000, 0x000000068b900000|  0%| F|  |TAMS 0x000000068b800000, 0x000000068b800000| Untracked 
| 123|0x000000068b900000, 0x000000068b900000, 0x000000068ba00000|  0%| F|  |TAMS 0x000000068b900000, 0x000000068b900000| Untracked 
| 124|0x000000068ba00000, 0x000000068ba00000, 0x000000068bb00000|  0%| F|  |TAMS 0x000000068ba00000, 0x000000068ba00000| Untracked 
| 125|0x000000068bb00000, 0x000000068bb00000, 0x000000068bc00000|  0%| F|  |TAMS 0x000000068bb00000, 0x000000068bb00000| Untracked 
| 126|0x000000068bc00000, 0x000000068bc00000, 0x000000068bd00000|  0%| F|  |TAMS 0x000000068bc00000, 0x000000068bc00000| Untracked 
| 127|0x000000068bd00000, 0x000000068bd00000, 0x000000068be00000|  0%| F|  |TAMS 0x000000068bd00000, 0x000000068bd00000| Untracked 
| 128|0x000000068be00000, 0x000000068be00000, 0x000000068bf00000|  0%| F|  |TAMS 0x000000068be00000, 0x000000068be00000| Untracked 
| 129|0x000000068bf00000, 0x000000068bf00000, 0x000000068c000000|  0%| F|  |TAMS 0x000000068bf00000, 0x000000068bf00000| Untracked 
| 130|0x000000068c000000, 0x000000068c000000, 0x000000068c100000|  0%| F|  |TAMS 0x000000068c000000, 0x000000068c000000| Untracked 
| 131|0x000000068c100000, 0x000000068c100000, 0x000000068c200000|  0%| F|  |TAMS 0x000000068c100000, 0x000000068c100000| Untracked 
| 132|0x000000068c200000, 0x000000068c200000, 0x000000068c300000|  0%| F|  |TAMS 0x000000068c200000, 0x000000068c200000| Untracked 
| 133|0x000000068c300000, 0x000000068c300000, 0x000000068c400000|  0%| F|  |TAMS 0x000000068c300000, 0x000000068c300000| Untracked 
| 134|0x000000068c400000, 0x000000068c400000, 0x000000068c500000|  0%| F|  |TAMS 0x000000068c400000, 0x000000068c400000| Untracked 
| 135|0x000000068c500000, 0x000000068c500000, 0x000000068c600000|  0%| F|  |TAMS 0x000000068c500000, 0x000000068c500000| Untracked 
| 136|0x000000068c600000, 0x000000068c600000, 0x000000068c700000|  0%| F|  |TAMS 0x000000068c600000, 0x000000068c600000| Untracked 
| 137|0x000000068c700000, 0x000000068c700000, 0x000000068c800000|  0%| F|  |TAMS 0x000000068c700000, 0x000000068c700000| Untracked 
| 138|0x000000068c800000, 0x000000068c800000, 0x000000068c900000|  0%| F|  |TAMS 0x000000068c800000, 0x000000068c800000| Untracked 
| 139|0x000000068c900000, 0x000000068c900000, 0x000000068ca00000|  0%| F|  |TAMS 0x000000068c900000, 0x000000068c900000| Untracked 
| 140|0x000000068ca00000, 0x000000068ca00000, 0x000000068cb00000|  0%| F|  |TAMS 0x000000068ca00000, 0x000000068ca00000| Untracked 
| 141|0x000000068cb00000, 0x000000068cb00000, 0x000000068cc00000|  0%| F|  |TAMS 0x000000068cb00000, 0x000000068cb00000| Untracked 
| 142|0x000000068cc00000, 0x000000068cc00000, 0x000000068cd00000|  0%| F|  |TAMS 0x000000068cc00000, 0x000000068cc00000| Untracked 
| 143|0x000000068cd00000, 0x000000068cd00000, 0x000000068ce00000|  0%| F|  |TAMS 0x000000068cd00000, 0x000000068cd00000| Untracked 
| 144|0x000000068ce00000, 0x000000068ce00000, 0x000000068cf00000|  0%| F|  |TAMS 0x000000068ce00000, 0x000000068ce00000| Untracked 
| 145|0x000000068cf00000, 0x000000068cf00000, 0x000000068d000000|  0%| F|  |TAMS 0x000000068cf00000, 0x000000068cf00000| Untracked 
| 146|0x000000068d000000, 0x000000068d000000, 0x000000068d100000|  0%| F|  |TAMS 0x000000068d000000, 0x000000068d000000| Untracked 
| 147|0x000000068d100000, 0x000000068d100000, 0x000000068d200000|  0%| F|  |TAMS 0x000000068d100000, 0x000000068d100000| Untracked 
| 148|0x000000068d200000, 0x000000068d200000, 0x000000068d300000|  0%| F|  |TAMS 0x000000068d200000, 0x000000068d200000| Untracked 
| 149|0x000000068d300000, 0x000000068d300000, 0x000000068d400000|  0%| F|  |TAMS 0x000000068d300000, 0x000000068d300000| Untracked 
| 150|0x000000068d400000, 0x000000068d400000, 0x000000068d500000|  0%| F|  |TAMS 0x000000068d400000, 0x000000068d400000| Untracked 
| 151|0x000000068d500000, 0x000000068d500000, 0x000000068d600000|  0%| F|  |TAMS 0x000000068d500000, 0x000000068d500000| Untracked 
| 152|0x000000068d600000, 0x000000068d600000, 0x000000068d700000|  0%| F|  |TAMS 0x000000068d600000, 0x000000068d600000| Untracked 
| 153|0x000000068d700000, 0x000000068d700000, 0x000000068d800000|  0%| F|  |TAMS 0x000000068d700000, 0x000000068d700000| Untracked 
| 154|0x000000068d800000, 0x000000068d800000, 0x000000068d900000|  0%| F|  |TAMS 0x000000068d800000, 0x000000068d800000| Untracked 
| 155|0x000000068d900000, 0x000000068d900000, 0x000000068da00000|  0%| F|  |TAMS 0x000000068d900000, 0x000000068d900000| Untracked 
| 156|0x000000068da00000, 0x000000068da00000, 0x000000068db00000|  0%| F|  |TAMS 0x000000068da00000, 0x000000068da00000| Untracked 
| 157|0x000000068db00000, 0x000000068db00000, 0x000000068dc00000|  0%| F|  |TAMS 0x000000068db00000, 0x000000068db00000| Untracked 
| 158|0x000000068dc00000, 0x000000068dc00000, 0x000000068dd00000|  0%| F|  |TAMS 0x000000068dc00000, 0x000000068dc00000| Untracked 
| 159|0x000000068dd00000, 0x000000068dd00000, 0x000000068de00000|  0%| F|  |TAMS 0x000000068dd00000, 0x000000068dd00000| Untracked 
| 160|0x000000068de00000, 0x000000068de00000, 0x000000068df00000|  0%| F|  |TAMS 0x000000068de00000, 0x000000068de00000| Untracked 
| 161|0x000000068df00000, 0x000000068df00000, 0x000000068e000000|  0%| F|  |TAMS 0x000000068df00000, 0x000000068df00000| Untracked 
| 162|0x000000068e000000, 0x000000068e000000, 0x000000068e100000|  0%| F|  |TAMS 0x000000068e000000, 0x000000068e000000| Untracked 
| 163|0x000000068e100000, 0x000000068e100000, 0x000000068e200000|  0%| F|  |TAMS 0x000000068e100000, 0x000000068e100000| Untracked 
| 164|0x000000068e200000, 0x000000068e200000, 0x000000068e300000|  0%| F|  |TAMS 0x000000068e200000, 0x000000068e200000| Untracked 
| 165|0x000000068e300000, 0x000000068e300000, 0x000000068e400000|  0%| F|  |TAMS 0x000000068e300000, 0x000000068e300000| Untracked 
| 166|0x000000068e400000, 0x000000068e400000, 0x000000068e500000|  0%| F|  |TAMS 0x000000068e400000, 0x000000068e400000| Untracked 
| 167|0x000000068e500000, 0x000000068e500000, 0x000000068e600000|  0%| F|  |TAMS 0x000000068e500000, 0x000000068e500000| Untracked 
| 168|0x000000068e600000, 0x000000068e600000, 0x000000068e700000|  0%| F|  |TAMS 0x000000068e600000, 0x000000068e600000| Untracked 
| 169|0x000000068e700000, 0x000000068e700000, 0x000000068e800000|  0%| F|  |TAMS 0x000000068e700000, 0x000000068e700000| Untracked 
| 170|0x000000068e800000, 0x000000068e800000, 0x000000068e900000|  0%| F|  |TAMS 0x000000068e800000, 0x000000068e800000| Untracked 
| 171|0x000000068e900000, 0x000000068e900000, 0x000000068ea00000|  0%| F|  |TAMS 0x000000068e900000, 0x000000068e900000| Untracked 
| 172|0x000000068ea00000, 0x000000068ea00000, 0x000000068eb00000|  0%| F|  |TAMS 0x000000068ea00000, 0x000000068ea00000| Untracked 
| 173|0x000000068eb00000, 0x000000068eb00000, 0x000000068ec00000|  0%| F|  |TAMS 0x000000068eb00000, 0x000000068eb00000| Untracked 
| 174|0x000000068ec00000, 0x000000068ec00000, 0x000000068ed00000|  0%| F|  |TAMS 0x000000068ec00000, 0x000000068ec00000| Untracked 
| 175|0x000000068ed00000, 0x000000068ed00000, 0x000000068ee00000|  0%| F|  |TAMS 0x000000068ed00000, 0x000000068ed00000| Untracked 
| 176|0x000000068ee00000, 0x000000068ee00000, 0x000000068ef00000|  0%| F|  |TAMS 0x000000068ee00000, 0x000000068ee00000| Untracked 
| 177|0x000000068ef00000, 0x000000068ef00000, 0x000000068f000000|  0%| F|  |TAMS 0x000000068ef00000, 0x000000068ef00000| Untracked 
| 178|0x000000068f000000, 0x000000068f000000, 0x000000068f100000|  0%| F|  |TAMS 0x000000068f000000, 0x000000068f000000| Untracked 
| 179|0x000000068f100000, 0x000000068f100000, 0x000000068f200000|  0%| F|  |TAMS 0x000000068f100000, 0x000000068f100000| Untracked 
| 180|0x000000068f200000, 0x000000068f200000, 0x000000068f300000|  0%| F|  |TAMS 0x000000068f200000, 0x000000068f200000| Untracked 
| 181|0x000000068f300000, 0x000000068f300000, 0x000000068f400000|  0%| F|  |TAMS 0x000000068f300000, 0x000000068f300000| Untracked 
| 182|0x000000068f400000, 0x000000068f400000, 0x000000068f500000|  0%| F|  |TAMS 0x000000068f400000, 0x000000068f400000| Untracked 
| 183|0x000000068f500000, 0x000000068f500000, 0x000000068f600000|  0%| F|  |TAMS 0x000000068f500000, 0x000000068f500000| Untracked 
| 184|0x000000068f600000, 0x000000068f600000, 0x000000068f700000|  0%| F|  |TAMS 0x000000068f600000, 0x000000068f600000| Untracked 
| 185|0x000000068f700000, 0x000000068f700000, 0x000000068f800000|  0%| F|  |TAMS 0x000000068f700000, 0x000000068f700000| Untracked 
| 186|0x000000068f800000, 0x000000068f800000, 0x000000068f900000|  0%| F|  |TAMS 0x000000068f800000, 0x000000068f800000| Untracked 
| 187|0x000000068f900000, 0x000000068f900000, 0x000000068fa00000|  0%| F|  |TAMS 0x000000068f900000, 0x000000068f900000| Untracked 
| 188|0x000000068fa00000, 0x000000068fa00000, 0x000000068fb00000|  0%| F|  |TAMS 0x000000068fa00000, 0x000000068fa00000| Untracked 
| 189|0x000000068fb00000, 0x000000068fb00000, 0x000000068fc00000|  0%| F|  |TAMS 0x000000068fb00000, 0x000000068fb00000| Untracked 
| 190|0x000000068fc00000, 0x000000068fc00000, 0x000000068fd00000|  0%| F|  |TAMS 0x000000068fc00000, 0x000000068fc00000| Untracked 
| 191|0x000000068fd00000, 0x000000068fd00000, 0x000000068fe00000|  0%| F|  |TAMS 0x000000068fd00000, 0x000000068fd00000| Untracked 
| 192|0x000000068fe00000, 0x000000068fe00000, 0x000000068ff00000|  0%| F|  |TAMS 0x000000068fe00000, 0x000000068fe00000| Untracked 
| 193|0x000000068ff00000, 0x000000068ff00000, 0x0000000690000000|  0%| F|  |TAMS 0x000000068ff00000, 0x000000068ff00000| Untracked 
| 194|0x0000000690000000, 0x0000000690000000, 0x0000000690100000|  0%| F|  |TAMS 0x0000000690000000, 0x0000000690000000| Untracked 
| 195|0x0000000690100000, 0x0000000690100000, 0x0000000690200000|  0%| F|  |TAMS 0x0000000690100000, 0x0000000690100000| Untracked 
| 196|0x0000000690200000, 0x0000000690200000, 0x0000000690300000|  0%| F|  |TAMS 0x0000000690200000, 0x0000000690200000| Untracked 
| 197|0x0000000690300000, 0x0000000690300000, 0x0000000690400000|  0%| F|  |TAMS 0x0000000690300000, 0x0000000690300000| Untracked 
| 198|0x0000000690400000, 0x0000000690400000, 0x0000000690500000|  0%| F|  |TAMS 0x0000000690400000, 0x0000000690400000| Untracked 
| 199|0x0000000690500000, 0x0000000690500000, 0x0000000690600000|  0%| F|  |TAMS 0x0000000690500000, 0x0000000690500000| Untracked 
| 200|0x0000000690600000, 0x0000000690600000, 0x0000000690700000|  0%| F|  |TAMS 0x0000000690600000, 0x0000000690600000| Untracked 
| 201|0x0000000690700000, 0x0000000690700000, 0x0000000690800000|  0%| F|  |TAMS 0x0000000690700000, 0x0000000690700000| Untracked 
| 202|0x0000000690800000, 0x0000000690800000, 0x0000000690900000|  0%| F|  |TAMS 0x0000000690800000, 0x0000000690800000| Untracked 
| 203|0x0000000690900000, 0x0000000690900000, 0x0000000690a00000|  0%| F|  |TAMS 0x0000000690900000, 0x0000000690900000| Untracked 
| 204|0x0000000690a00000, 0x0000000690a00000, 0x0000000690b00000|  0%| F|  |TAMS 0x0000000690a00000, 0x0000000690a00000| Untracked 
| 205|0x0000000690b00000, 0x0000000690b00000, 0x0000000690c00000|  0%| F|  |TAMS 0x0000000690b00000, 0x0000000690b00000| Untracked 
| 206|0x0000000690c00000, 0x0000000690c00000, 0x0000000690d00000|  0%| F|  |TAMS 0x0000000690c00000, 0x0000000690c00000| Untracked 
| 207|0x0000000690d00000, 0x0000000690d00000, 0x0000000690e00000|  0%| F|  |TAMS 0x0000000690d00000, 0x0000000690d00000| Untracked 
| 208|0x0000000690e00000, 0x0000000690e00000, 0x0000000690f00000|  0%| F|  |TAMS 0x0000000690e00000, 0x0000000690e00000| Untracked 
| 209|0x0000000690f00000, 0x0000000690f00000, 0x0000000691000000|  0%| F|  |TAMS 0x0000000690f00000, 0x0000000690f00000| Untracked 
| 210|0x0000000691000000, 0x0000000691000000, 0x0000000691100000|  0%| F|  |TAMS 0x0000000691000000, 0x0000000691000000| Untracked 
| 211|0x0000000691100000, 0x0000000691100000, 0x0000000691200000|  0%| F|  |TAMS 0x0000000691100000, 0x0000000691100000| Untracked 
| 212|0x0000000691200000, 0x0000000691200000, 0x0000000691300000|  0%| F|  |TAMS 0x0000000691200000, 0x0000000691200000| Untracked 
| 213|0x0000000691300000, 0x0000000691300000, 0x0000000691400000|  0%| F|  |TAMS 0x0000000691300000, 0x0000000691300000| Untracked 
| 214|0x0000000691400000, 0x0000000691400000, 0x0000000691500000|  0%| F|  |TAMS 0x0000000691400000, 0x0000000691400000| Untracked 
| 215|0x0000000691500000, 0x0000000691500000, 0x0000000691600000|  0%| F|  |TAMS 0x0000000691500000, 0x0000000691500000| Untracked 
| 216|0x0000000691600000, 0x0000000691600000, 0x0000000691700000|  0%| F|  |TAMS 0x0000000691600000, 0x0000000691600000| Untracked 
| 217|0x0000000691700000, 0x0000000691700000, 0x0000000691800000|  0%| F|  |TAMS 0x0000000691700000, 0x0000000691700000| Untracked 
| 218|0x0000000691800000, 0x0000000691800000, 0x0000000691900000|  0%| F|  |TAMS 0x0000000691800000, 0x0000000691800000| Untracked 
| 219|0x0000000691900000, 0x0000000691900000, 0x0000000691a00000|  0%| F|  |TAMS 0x0000000691900000, 0x0000000691900000| Untracked 
| 220|0x0000000691a00000, 0x0000000691a00000, 0x0000000691b00000|  0%| F|  |TAMS 0x0000000691a00000, 0x0000000691a00000| Untracked 
| 221|0x0000000691b00000, 0x0000000691b00000, 0x0000000691c00000|  0%| F|  |TAMS 0x0000000691b00000, 0x0000000691b00000| Untracked 
| 222|0x0000000691c00000, 0x0000000691c00000, 0x0000000691d00000|  0%| F|  |TAMS 0x0000000691c00000, 0x0000000691c00000| Untracked 
| 223|0x0000000691d00000, 0x0000000691d00000, 0x0000000691e00000|  0%| F|  |TAMS 0x0000000691d00000, 0x0000000691d00000| Untracked 
| 224|0x0000000691e00000, 0x0000000691e00000, 0x0000000691f00000|  0%| F|  |TAMS 0x0000000691e00000, 0x0000000691e00000| Untracked 
| 225|0x0000000691f00000, 0x0000000691f00000, 0x0000000692000000|  0%| F|  |TAMS 0x0000000691f00000, 0x0000000691f00000| Untracked 
| 226|0x0000000692000000, 0x0000000692000000, 0x0000000692100000|  0%| F|  |TAMS 0x0000000692000000, 0x0000000692000000| Untracked 
| 227|0x0000000692100000, 0x0000000692100000, 0x0000000692200000|  0%| F|  |TAMS 0x0000000692100000, 0x0000000692100000| Untracked 
| 228|0x0000000692200000, 0x0000000692200000, 0x0000000692300000|  0%| F|  |TAMS 0x0000000692200000, 0x0000000692200000| Untracked 
| 229|0x0000000692300000, 0x0000000692300000, 0x0000000692400000|  0%| F|  |TAMS 0x0000000692300000, 0x0000000692300000| Untracked 
| 230|0x0000000692400000, 0x0000000692400000, 0x0000000692500000|  0%| F|  |TAMS 0x0000000692400000, 0x0000000692400000| Untracked 
| 231|0x0000000692500000, 0x0000000692500000, 0x0000000692600000|  0%| F|  |TAMS 0x0000000692500000, 0x0000000692500000| Untracked 
| 232|0x0000000692600000, 0x0000000692600000, 0x0000000692700000|  0%| F|  |TAMS 0x0000000692600000, 0x0000000692600000| Untracked 
| 233|0x0000000692700000, 0x0000000692700000, 0x0000000692800000|  0%| F|  |TAMS 0x0000000692700000, 0x0000000692700000| Untracked 
| 234|0x0000000692800000, 0x0000000692800000, 0x0000000692900000|  0%| F|  |TAMS 0x0000000692800000, 0x0000000692800000| Untracked 
| 235|0x0000000692900000, 0x0000000692900000, 0x0000000692a00000|  0%| F|  |TAMS 0x0000000692900000, 0x0000000692900000| Untracked 
| 236|0x0000000692a00000, 0x0000000692a00000, 0x0000000692b00000|  0%| F|  |TAMS 0x0000000692a00000, 0x0000000692a00000| Untracked 
| 237|0x0000000692b00000, 0x0000000692b00000, 0x0000000692c00000|  0%| F|  |TAMS 0x0000000692b00000, 0x0000000692b00000| Untracked 
| 238|0x0000000692c00000, 0x0000000692c00000, 0x0000000692d00000|  0%| F|  |TAMS 0x0000000692c00000, 0x0000000692c00000| Untracked 
| 239|0x0000000692d00000, 0x0000000692d00000, 0x0000000692e00000|  0%| F|  |TAMS 0x0000000692d00000, 0x0000000692d00000| Untracked 
| 240|0x0000000692e00000, 0x0000000692e00000, 0x0000000692f00000|  0%| F|  |TAMS 0x0000000692e00000, 0x0000000692e00000| Untracked 
| 241|0x0000000692f00000, 0x0000000692f00000, 0x0000000693000000|  0%| F|  |TAMS 0x0000000692f00000, 0x0000000692f00000| Untracked 
| 242|0x0000000693000000, 0x0000000693000000, 0x0000000693100000|  0%| F|  |TAMS 0x0000000693000000, 0x0000000693000000| Untracked 
| 243|0x0000000693100000, 0x0000000693100000, 0x0000000693200000|  0%| F|  |TAMS 0x0000000693100000, 0x0000000693100000| Untracked 
| 244|0x0000000693200000, 0x0000000693200000, 0x0000000693300000|  0%| F|  |TAMS 0x0000000693200000, 0x0000000693200000| Untracked 
| 245|0x0000000693300000, 0x0000000693300000, 0x0000000693400000|  0%| F|  |TAMS 0x0000000693300000, 0x0000000693300000| Untracked 
| 246|0x0000000693400000, 0x0000000693400000, 0x0000000693500000|  0%| F|  |TAMS 0x0000000693400000, 0x0000000693400000| Untracked 
| 247|0x0000000693500000, 0x0000000693500000, 0x0000000693600000|  0%| F|  |TAMS 0x0000000693500000, 0x0000000693500000| Untracked 
| 248|0x0000000693600000, 0x0000000693600000, 0x0000000693700000|  0%| F|  |TAMS 0x0000000693600000, 0x0000000693600000| Untracked 
| 249|0x0000000693700000, 0x0000000693700000, 0x0000000693800000|  0%| F|  |TAMS 0x0000000693700000, 0x0000000693700000| Untracked 
| 250|0x0000000693800000, 0x0000000693800000, 0x0000000693900000|  0%| F|  |TAMS 0x0000000693800000, 0x0000000693800000| Untracked 
| 251|0x0000000693900000, 0x0000000693900000, 0x0000000693a00000|  0%| F|  |TAMS 0x0000000693900000, 0x0000000693900000| Untracked 
| 252|0x0000000693a00000, 0x0000000693a00000, 0x0000000693b00000|  0%| F|  |TAMS 0x0000000693a00000, 0x0000000693a00000| Untracked 
| 253|0x0000000693b00000, 0x0000000693b00000, 0x0000000693c00000|  0%| F|  |TAMS 0x0000000693b00000, 0x0000000693b00000| Untracked 
| 254|0x0000000693c00000, 0x0000000693c00000, 0x0000000693d00000|  0%| F|  |TAMS 0x0000000693c00000, 0x0000000693c00000| Untracked 
| 255|0x0000000693d00000, 0x0000000693d00000, 0x0000000693e00000|  0%| F|  |TAMS 0x0000000693d00000, 0x0000000693d00000| Untracked 
| 256|0x0000000693e00000, 0x0000000693e00000, 0x0000000693f00000|  0%| F|  |TAMS 0x0000000693e00000, 0x0000000693e00000| Untracked 
| 257|0x0000000693f00000, 0x0000000693f00000, 0x0000000694000000|  0%| F|  |TAMS 0x0000000693f00000, 0x0000000693f00000| Untracked 
| 258|0x0000000694000000, 0x0000000694000000, 0x0000000694100000|  0%| F|  |TAMS 0x0000000694000000, 0x0000000694000000| Untracked 
| 259|0x0000000694100000, 0x0000000694100000, 0x0000000694200000|  0%| F|  |TAMS 0x0000000694100000, 0x0000000694100000| Untracked 
| 260|0x0000000694200000, 0x0000000694200000, 0x0000000694300000|  0%| F|  |TAMS 0x0000000694200000, 0x0000000694200000| Untracked 
| 261|0x0000000694300000, 0x0000000694300000, 0x0000000694400000|  0%| F|  |TAMS 0x0000000694300000, 0x0000000694300000| Untracked 
| 262|0x0000000694400000, 0x0000000694400000, 0x0000000694500000|  0%| F|  |TAMS 0x0000000694400000, 0x0000000694400000| Untracked 
| 263|0x0000000694500000, 0x0000000694500000, 0x0000000694600000|  0%| F|  |TAMS 0x0000000694500000, 0x0000000694500000| Untracked 
| 264|0x0000000694600000, 0x0000000694600000, 0x0000000694700000|  0%| F|  |TAMS 0x0000000694600000, 0x0000000694600000| Untracked 
| 265|0x0000000694700000, 0x0000000694700000, 0x0000000694800000|  0%| F|  |TAMS 0x0000000694700000, 0x0000000694700000| Untracked 
| 266|0x0000000694800000, 0x0000000694800000, 0x0000000694900000|  0%| F|  |TAMS 0x0000000694800000, 0x0000000694800000| Untracked 
| 267|0x0000000694900000, 0x0000000694900000, 0x0000000694a00000|  0%| F|  |TAMS 0x0000000694900000, 0x0000000694900000| Untracked 
| 268|0x0000000694a00000, 0x0000000694a00000, 0x0000000694b00000|  0%| F|  |TAMS 0x0000000694a00000, 0x0000000694a00000| Untracked 
| 269|0x0000000694b00000, 0x0000000694b00000, 0x0000000694c00000|  0%| F|  |TAMS 0x0000000694b00000, 0x0000000694b00000| Untracked 
| 270|0x0000000694c00000, 0x0000000694c00000, 0x0000000694d00000|  0%| F|  |TAMS 0x0000000694c00000, 0x0000000694c00000| Untracked 
| 271|0x0000000694d00000, 0x0000000694d00000, 0x0000000694e00000|  0%| F|  |TAMS 0x0000000694d00000, 0x0000000694d00000| Untracked 
| 272|0x0000000694e00000, 0x0000000694e00000, 0x0000000694f00000|  0%| F|  |TAMS 0x0000000694e00000, 0x0000000694e00000| Untracked 
| 273|0x0000000694f00000, 0x0000000694f00000, 0x0000000695000000|  0%| F|  |TAMS 0x0000000694f00000, 0x0000000694f00000| Untracked 
| 274|0x0000000695000000, 0x0000000695000000, 0x0000000695100000|  0%| F|  |TAMS 0x0000000695000000, 0x0000000695000000| Untracked 
| 275|0x0000000695100000, 0x0000000695100000, 0x0000000695200000|  0%| F|  |TAMS 0x0000000695100000, 0x0000000695100000| Untracked 
| 276|0x0000000695200000, 0x0000000695200000, 0x0000000695300000|  0%| F|  |TAMS 0x0000000695200000, 0x0000000695200000| Untracked 
| 277|0x0000000695300000, 0x0000000695300000, 0x0000000695400000|  0%| F|  |TAMS 0x0000000695300000, 0x0000000695300000| Untracked 
| 278|0x0000000695400000, 0x0000000695400000, 0x0000000695500000|  0%| F|  |TAMS 0x0000000695400000, 0x0000000695400000| Untracked 
| 279|0x0000000695500000, 0x0000000695500000, 0x0000000695600000|  0%| F|  |TAMS 0x0000000695500000, 0x0000000695500000| Untracked 
| 280|0x0000000695600000, 0x0000000695600000, 0x0000000695700000|  0%| F|  |TAMS 0x0000000695600000, 0x0000000695600000| Untracked 
| 281|0x0000000695700000, 0x0000000695700000, 0x0000000695800000|  0%| F|  |TAMS 0x0000000695700000, 0x0000000695700000| Untracked 
| 282|0x0000000695800000, 0x0000000695800000, 0x0000000695900000|  0%| F|  |TAMS 0x0000000695800000, 0x0000000695800000| Untracked 
| 283|0x0000000695900000, 0x0000000695900000, 0x0000000695a00000|  0%| F|  |TAMS 0x0000000695900000, 0x0000000695900000| Untracked 
| 284|0x0000000695a00000, 0x0000000695a00000, 0x0000000695b00000|  0%| F|  |TAMS 0x0000000695a00000, 0x0000000695a00000| Untracked 
| 285|0x0000000695b00000, 0x0000000695b00000, 0x0000000695c00000|  0%| F|  |TAMS 0x0000000695b00000, 0x0000000695b00000| Untracked 
| 286|0x0000000695c00000, 0x0000000695c00000, 0x0000000695d00000|  0%| F|  |TAMS 0x0000000695c00000, 0x0000000695c00000| Untracked 
| 287|0x0000000695d00000, 0x0000000695d00000, 0x0000000695e00000|  0%| F|  |TAMS 0x0000000695d00000, 0x0000000695d00000| Untracked 
| 288|0x0000000695e00000, 0x0000000695e00000, 0x0000000695f00000|  0%| F|  |TAMS 0x0000000695e00000, 0x0000000695e00000| Untracked 
| 289|0x0000000695f00000, 0x0000000695f00000, 0x0000000696000000|  0%| F|  |TAMS 0x0000000695f00000, 0x0000000695f00000| Untracked 
| 290|0x0000000696000000, 0x0000000696000000, 0x0000000696100000|  0%| F|  |TAMS 0x0000000696000000, 0x0000000696000000| Untracked 
| 291|0x0000000696100000, 0x0000000696100000, 0x0000000696200000|  0%| F|  |TAMS 0x0000000696100000, 0x0000000696100000| Untracked 
| 292|0x0000000696200000, 0x0000000696200000, 0x0000000696300000|  0%| F|  |TAMS 0x0000000696200000, 0x0000000696200000| Untracked 
| 293|0x0000000696300000, 0x0000000696300000, 0x0000000696400000|  0%| F|  |TAMS 0x0000000696300000, 0x0000000696300000| Untracked 
| 294|0x0000000696400000, 0x0000000696400000, 0x0000000696500000|  0%| F|  |TAMS 0x0000000696400000, 0x0000000696400000| Untracked 
| 295|0x0000000696500000, 0x0000000696500000, 0x0000000696600000|  0%| F|  |TAMS 0x0000000696500000, 0x0000000696500000| Untracked 
| 296|0x0000000696600000, 0x0000000696600000, 0x0000000696700000|  0%| F|  |TAMS 0x0000000696600000, 0x0000000696600000| Untracked 
| 297|0x0000000696700000, 0x0000000696700000, 0x0000000696800000|  0%| F|  |TAMS 0x0000000696700000, 0x0000000696700000| Untracked 
| 298|0x0000000696800000, 0x0000000696819f80, 0x0000000696900000| 10%| S|CS|TAMS 0x0000000696800000, 0x0000000696800000| Complete 
| 299|0x0000000696900000, 0x0000000696a00000, 0x0000000696a00000|100%| S|CS|TAMS 0x0000000696900000, 0x0000000696900000| Complete 
| 300|0x0000000696a00000, 0x0000000696b00000, 0x0000000696b00000|100%| S|CS|TAMS 0x0000000696a00000, 0x0000000696a00000| Complete 
| 301|0x0000000696b00000, 0x0000000696c00000, 0x0000000696c00000|100%| S|CS|TAMS 0x0000000696b00000, 0x0000000696b00000| Complete 
| 302|0x0000000696c00000, 0x0000000696d00000, 0x0000000696d00000|100%| S|CS|TAMS 0x0000000696c00000, 0x0000000696c00000| Complete 
| 303|0x0000000696d00000, 0x0000000696e00000, 0x0000000696e00000|100%| S|CS|TAMS 0x0000000696d00000, 0x0000000696d00000| Complete 
| 304|0x0000000696e00000, 0x0000000696e00000, 0x0000000696f00000|  0%| F|  |TAMS 0x0000000696e00000, 0x0000000696e00000| Untracked 
| 305|0x0000000696f00000, 0x0000000696f00000, 0x0000000697000000|  0%| F|  |TAMS 0x0000000696f00000, 0x0000000696f00000| Untracked 
| 306|0x0000000697000000, 0x0000000697000000, 0x0000000697100000|  0%| F|  |TAMS 0x0000000697000000, 0x0000000697000000| Untracked 
| 307|0x0000000697100000, 0x0000000697100000, 0x0000000697200000|  0%| F|  |TAMS 0x0000000697100000, 0x0000000697100000| Untracked 
| 308|0x0000000697200000, 0x0000000697200000, 0x0000000697300000|  0%| F|  |TAMS 0x0000000697200000, 0x0000000697200000| Untracked 
| 309|0x0000000697300000, 0x0000000697300000, 0x0000000697400000|  0%| F|  |TAMS 0x0000000697300000, 0x0000000697300000| Untracked 
| 310|0x0000000697400000, 0x0000000697400000, 0x0000000697500000|  0%| F|  |TAMS 0x0000000697400000, 0x0000000697400000| Untracked 
| 311|0x0000000697500000, 0x0000000697500000, 0x0000000697600000|  0%| F|  |TAMS 0x0000000697500000, 0x0000000697500000| Untracked 
| 312|0x0000000697600000, 0x0000000697600000, 0x0000000697700000|  0%| F|  |TAMS 0x0000000697600000, 0x0000000697600000| Untracked 
| 313|0x0000000697700000, 0x0000000697700000, 0x0000000697800000|  0%| F|  |TAMS 0x0000000697700000, 0x0000000697700000| Untracked 
| 314|0x0000000697800000, 0x0000000697800000, 0x0000000697900000|  0%| F|  |TAMS 0x0000000697800000, 0x0000000697800000| Untracked 
| 315|0x0000000697900000, 0x0000000697900000, 0x0000000697a00000|  0%| F|  |TAMS 0x0000000697900000, 0x0000000697900000| Untracked 
| 316|0x0000000697a00000, 0x0000000697a00000, 0x0000000697b00000|  0%| F|  |TAMS 0x0000000697a00000, 0x0000000697a00000| Untracked 
| 317|0x0000000697b00000, 0x0000000697b00000, 0x0000000697c00000|  0%| F|  |TAMS 0x0000000697b00000, 0x0000000697b00000| Untracked 
| 318|0x0000000697c00000, 0x0000000697c00000, 0x0000000697d00000|  0%| F|  |TAMS 0x0000000697c00000, 0x0000000697c00000| Untracked 
| 319|0x0000000697d00000, 0x0000000697d00000, 0x0000000697e00000|  0%| F|  |TAMS 0x0000000697d00000, 0x0000000697d00000| Untracked 
| 320|0x0000000697e00000, 0x0000000697e00000, 0x0000000697f00000|  0%| F|  |TAMS 0x0000000697e00000, 0x0000000697e00000| Untracked 
| 321|0x0000000697f00000, 0x0000000697f00000, 0x0000000698000000|  0%| F|  |TAMS 0x0000000697f00000, 0x0000000697f00000| Untracked 
| 322|0x0000000698000000, 0x0000000698000000, 0x0000000698100000|  0%| F|  |TAMS 0x0000000698000000, 0x0000000698000000| Untracked 
| 323|0x0000000698100000, 0x0000000698100000, 0x0000000698200000|  0%| F|  |TAMS 0x0000000698100000, 0x0000000698100000| Untracked 
| 324|0x0000000698200000, 0x0000000698200000, 0x0000000698300000|  0%| F|  |TAMS 0x0000000698200000, 0x0000000698200000| Untracked 
| 325|0x0000000698300000, 0x0000000698300000, 0x0000000698400000|  0%| F|  |TAMS 0x0000000698300000, 0x0000000698300000| Untracked 
| 326|0x0000000698400000, 0x0000000698400000, 0x0000000698500000|  0%| F|  |TAMS 0x0000000698400000, 0x0000000698400000| Untracked 
| 327|0x0000000698500000, 0x0000000698500000, 0x0000000698600000|  0%| F|  |TAMS 0x0000000698500000, 0x0000000698500000| Untracked 
| 328|0x0000000698600000, 0x0000000698600000, 0x0000000698700000|  0%| F|  |TAMS 0x0000000698600000, 0x0000000698600000| Untracked 
| 329|0x0000000698700000, 0x0000000698700000, 0x0000000698800000|  0%| F|  |TAMS 0x0000000698700000, 0x0000000698700000| Untracked 
| 330|0x0000000698800000, 0x0000000698800000, 0x0000000698900000|  0%| F|  |TAMS 0x0000000698800000, 0x0000000698800000| Untracked 
| 331|0x0000000698900000, 0x0000000698900000, 0x0000000698a00000|  0%| F|  |TAMS 0x0000000698900000, 0x0000000698900000| Untracked 
| 332|0x0000000698a00000, 0x0000000698a00000, 0x0000000698b00000|  0%| F|  |TAMS 0x0000000698a00000, 0x0000000698a00000| Untracked 
| 333|0x0000000698b00000, 0x0000000698b00000, 0x0000000698c00000|  0%| F|  |TAMS 0x0000000698b00000, 0x0000000698b00000| Untracked 
| 334|0x0000000698c00000, 0x0000000698c00000, 0x0000000698d00000|  0%| F|  |TAMS 0x0000000698c00000, 0x0000000698c00000| Untracked 
| 335|0x0000000698d00000, 0x0000000698d00000, 0x0000000698e00000|  0%| F|  |TAMS 0x0000000698d00000, 0x0000000698d00000| Untracked 
| 336|0x0000000698e00000, 0x0000000698e00000, 0x0000000698f00000|  0%| F|  |TAMS 0x0000000698e00000, 0x0000000698e00000| Untracked 
| 337|0x0000000698f00000, 0x0000000698f00000, 0x0000000699000000|  0%| F|  |TAMS 0x0000000698f00000, 0x0000000698f00000| Untracked 
| 338|0x0000000699000000, 0x0000000699000000, 0x0000000699100000|  0%| F|  |TAMS 0x0000000699000000, 0x0000000699000000| Untracked 
| 339|0x0000000699100000, 0x0000000699100000, 0x0000000699200000|  0%| F|  |TAMS 0x0000000699100000, 0x0000000699100000| Untracked 
| 340|0x0000000699200000, 0x0000000699200000, 0x0000000699300000|  0%| F|  |TAMS 0x0000000699200000, 0x0000000699200000| Untracked 
| 341|0x0000000699300000, 0x0000000699300000, 0x0000000699400000|  0%| F|  |TAMS 0x0000000699300000, 0x0000000699300000| Untracked 
| 342|0x0000000699400000, 0x0000000699400000, 0x0000000699500000|  0%| F|  |TAMS 0x0000000699400000, 0x0000000699400000| Untracked 
| 343|0x0000000699500000, 0x0000000699500000, 0x0000000699600000|  0%| F|  |TAMS 0x0000000699500000, 0x0000000699500000| Untracked 
| 344|0x0000000699600000, 0x0000000699600000, 0x0000000699700000|  0%| F|  |TAMS 0x0000000699600000, 0x0000000699600000| Untracked 
| 345|0x0000000699700000, 0x0000000699700000, 0x0000000699800000|  0%| F|  |TAMS 0x0000000699700000, 0x0000000699700000| Untracked 
| 346|0x0000000699800000, 0x0000000699800000, 0x0000000699900000|  0%| F|  |TAMS 0x0000000699800000, 0x0000000699800000| Untracked 
| 347|0x0000000699900000, 0x0000000699900000, 0x0000000699a00000|  0%| F|  |TAMS 0x0000000699900000, 0x0000000699900000| Untracked 
| 348|0x0000000699a00000, 0x0000000699a00000, 0x0000000699b00000|  0%| F|  |TAMS 0x0000000699a00000, 0x0000000699a00000| Untracked 
| 349|0x0000000699b00000, 0x0000000699b00000, 0x0000000699c00000|  0%| F|  |TAMS 0x0000000699b00000, 0x0000000699b00000| Untracked 
| 350|0x0000000699c00000, 0x0000000699c00000, 0x0000000699d00000|  0%| F|  |TAMS 0x0000000699c00000, 0x0000000699c00000| Untracked 
| 351|0x0000000699d00000, 0x0000000699d00000, 0x0000000699e00000|  0%| F|  |TAMS 0x0000000699d00000, 0x0000000699d00000| Untracked 
| 352|0x0000000699e00000, 0x0000000699e00000, 0x0000000699f00000|  0%| F|  |TAMS 0x0000000699e00000, 0x0000000699e00000| Untracked 
| 353|0x0000000699f00000, 0x0000000699f00000, 0x000000069a000000|  0%| F|  |TAMS 0x0000000699f00000, 0x0000000699f00000| Untracked 
| 354|0x000000069a000000, 0x000000069a000000, 0x000000069a100000|  0%| F|  |TAMS 0x000000069a000000, 0x000000069a000000| Untracked 
| 355|0x000000069a100000, 0x000000069a100000, 0x000000069a200000|  0%| F|  |TAMS 0x000000069a100000, 0x000000069a100000| Untracked 
| 356|0x000000069a200000, 0x000000069a300000, 0x000000069a300000|100%| E|  |TAMS 0x000000069a200000, 0x000000069a200000| Complete 
| 357|0x000000069a300000, 0x000000069a400000, 0x000000069a400000|100%| E|CS|TAMS 0x000000069a300000, 0x000000069a300000| Complete 
| 358|0x000000069a400000, 0x000000069a500000, 0x000000069a500000|100%| E|CS|TAMS 0x000000069a400000, 0x000000069a400000| Complete 
| 359|0x000000069a500000, 0x000000069a600000, 0x000000069a600000|100%| E|CS|TAMS 0x000000069a500000, 0x000000069a500000| Complete 
| 360|0x000000069a600000, 0x000000069a700000, 0x000000069a700000|100%| E|CS|TAMS 0x000000069a600000, 0x000000069a600000| Complete 
| 361|0x000000069a700000, 0x000000069a800000, 0x000000069a800000|100%| E|CS|TAMS 0x000000069a700000, 0x000000069a700000| Complete 
| 362|0x000000069a800000, 0x000000069a900000, 0x000000069a900000|100%| E|CS|TAMS 0x000000069a800000, 0x000000069a800000| Complete 
| 363|0x000000069a900000, 0x000000069aa00000, 0x000000069aa00000|100%| E|CS|TAMS 0x000000069a900000, 0x000000069a900000| Complete 
| 364|0x000000069aa00000, 0x000000069ab00000, 0x000000069ab00000|100%| E|CS|TAMS 0x000000069aa00000, 0x000000069aa00000| Complete 
| 365|0x000000069ab00000, 0x000000069ac00000, 0x000000069ac00000|100%| E|CS|TAMS 0x000000069ab00000, 0x000000069ab00000| Complete 
| 366|0x000000069ac00000, 0x000000069ad00000, 0x000000069ad00000|100%| E|CS|TAMS 0x000000069ac00000, 0x000000069ac00000| Complete 
| 367|0x000000069ad00000, 0x000000069ae00000, 0x000000069ae00000|100%| E|CS|TAMS 0x000000069ad00000, 0x000000069ad00000| Complete 
| 368|0x000000069ae00000, 0x000000069af00000, 0x000000069af00000|100%| E|CS|TAMS 0x000000069ae00000, 0x000000069ae00000| Complete 
| 369|0x000000069af00000, 0x000000069b000000, 0x000000069b000000|100%| E|CS|TAMS 0x000000069af00000, 0x000000069af00000| Complete 
| 370|0x000000069b000000, 0x000000069b100000, 0x000000069b100000|100%| E|CS|TAMS 0x000000069b000000, 0x000000069b000000| Complete 
| 371|0x000000069b100000, 0x000000069b200000, 0x000000069b200000|100%| E|CS|TAMS 0x000000069b100000, 0x000000069b100000| Complete 
| 372|0x000000069b200000, 0x000000069b300000, 0x000000069b300000|100%| E|CS|TAMS 0x000000069b200000, 0x000000069b200000| Complete 
| 373|0x000000069b300000, 0x000000069b400000, 0x000000069b400000|100%| E|CS|TAMS 0x000000069b300000, 0x000000069b300000| Complete 
| 374|0x000000069b400000, 0x000000069b500000, 0x000000069b500000|100%| E|CS|TAMS 0x000000069b400000, 0x000000069b400000| Complete 
| 375|0x000000069b500000, 0x000000069b600000, 0x000000069b600000|100%| E|CS|TAMS 0x000000069b500000, 0x000000069b500000| Complete 
| 376|0x000000069b600000, 0x000000069b700000, 0x000000069b700000|100%| E|CS|TAMS 0x000000069b600000, 0x000000069b600000| Complete 
| 377|0x000000069b700000, 0x000000069b800000, 0x000000069b800000|100%| E|CS|TAMS 0x000000069b700000, 0x000000069b700000| Complete 
| 378|0x000000069b800000, 0x000000069b900000, 0x000000069b900000|100%| E|CS|TAMS 0x000000069b800000, 0x000000069b800000| Complete 
| 379|0x000000069b900000, 0x000000069ba00000, 0x000000069ba00000|100%| E|CS|TAMS 0x000000069b900000, 0x000000069b900000| Complete 
| 380|0x000000069ba00000, 0x000000069bb00000, 0x000000069bb00000|100%| E|CS|TAMS 0x000000069ba00000, 0x000000069ba00000| Complete 
| 381|0x000000069bb00000, 0x000000069bc00000, 0x000000069bc00000|100%| E|CS|TAMS 0x000000069bb00000, 0x000000069bb00000| Complete 

Card table byte_map: [0x000001cfae860000,0x000001cfaf450000] _byte_map_base: 0x000001cfab441000

Marking Bits (Prev, Next): (CMBitMap*) 0x000001cf9650cce0, (CMBitMap*) 0x000001cf9650cca8
 Prev Bits: [0x000001cfb5f50000, 0x000001cfbbe58000)
 Next Bits: [0x000001cfb0040000, 0x000001cfb5f48000)

Polling page: 0x000001cf94370000

Metaspace:

Usage:
  Non-class:     21.82 MB capacity,    21.22 MB ( 97%) used,   504.86 KB (  2%) free+waste,   110.88 KB ( <1%) overhead. 
      Class:      3.47 MB capacity,     3.06 MB ( 88%) used,   366.73 KB ( 10%) free+waste,    55.75 KB (  2%) overhead. 
       Both:     25.29 MB capacity,    24.27 MB ( 96%) used,   871.59 KB (  3%) free+waste,   166.63 KB ( <1%) overhead. 

Virtual space:
  Non-class space:       22.00 MB reserved,      21.92 MB (>99%) committed 
      Class space:        1.00 GB reserved,       3.50 MB ( <1%) committed 
             Both:        1.02 GB reserved,      25.42 MB (  2%) committed 

Chunk freelists:
   Non-Class:  5.25 KB
       Class:  0 bytes
        Both:  5.25 KB

CodeHeap 'non-profiled nmethods': size=120000Kb used=1176Kb max_used=1176Kb free=118823Kb
 bounds [0x000001cfa6410000, 0x000001cfa6680000, 0x000001cfad940000]
CodeHeap 'profiled nmethods': size=120000Kb used=5101Kb max_used=5101Kb free=114898Kb
 bounds [0x000001cf9eee0000, 0x000001cf9f3e0000, 0x000001cfa6410000]
CodeHeap 'non-nmethods': size=5760Kb used=1270Kb max_used=1282Kb free=4489Kb
 bounds [0x000001cf9e940000, 0x000001cf9ebb0000, 0x000001cf9eee0000]
 total_blobs=3061 nmethods=2538 adapters=442
 compilation: enabled
              stopped_count=0, restarted_count=0
 full_count=0

Compilation events (10 events):
Event: 3.132 Thread 0x000001cfbf42f000 2537       3       sun.misc.Unsafe::putByte (9 bytes)
Event: 3.132 Thread 0x000001cfbf42f000 nmethod 2537 0x000001cf9f3dab90 code [0x000001cf9f3dad40, 0x000001cf9f3daeb8]
Event: 3.132 Thread 0x000001cfbf42f000 2538       3       jdk.internal.misc.Unsafe::putByte (8 bytes)
Event: 3.132 Thread 0x000001cfbf42f000 nmethod 2538 0x000001cf9f3daf90 code [0x000001cf9f3db120, 0x000001cf9f3db238]
Event: 3.132 Thread 0x000001cfbf42f000 2536       3       org.apache.ignite.internal.util.GridUnsafe::putByte (9 bytes)
Event: 3.133 Thread 0x000001cfbf42f000 nmethod 2536 0x000001cf9f3db310 code [0x000001cf9f3db4c0, 0x000001cf9f3db678]
Event: 3.134 Thread 0x000001cfbf42f000 2542       1       org.mockito.internal.progress.MockingProgressImpl::getArgumentMatcherStorage (5 bytes)
Event: 3.134 Thread 0x000001cfbf42f000 nmethod 2542 0x000001cfa6535d10 code [0x000001cfa6535ea0, 0x000001cfa6535f58]
Event: 3.135 Thread 0x000001cfbf42f000 2543       1       java.util.concurrent.locks.AbstractQueuedSynchronizer::getState (5 bytes)
Event: 3.135 Thread 0x000001cfbf42f000 nmethod 2543 0x000001cfa6536010 code [0x000001cfa65361a0, 0x000001cfa6536258]

GC Heap History (4 events):
Event: 0.721 GC heap before
{Heap before GC invocations=0 (full 0):
 garbage-first heap   total 391168K, used 23552K [0x0000000683e00000, 0x0000000800000000)
  region size 1024K, 24 young (24576K), 0 survivors (0K)
 Metaspace       used 11099K, capacity 11524K, committed 11776K, reserved 1060864K
  class space    used 1098K, capacity 1248K, committed 1280K, reserved 1048576K
}
Event: 0.725 GC heap after
{Heap after GC invocations=1 (full 0):
 garbage-first heap   total 391168K, used 3952K [0x0000000683e00000, 0x0000000800000000)
  region size 1024K, 3 young (3072K), 3 survivors (3072K)
 Metaspace       used 11099K, capacity 11524K, committed 11776K, reserved 1060864K
  class space    used 1098K, capacity 1248K, committed 1280K, reserved 1048576K
}
Event: 2.494 GC heap before
{Heap before GC invocations=1 (full 0):
 garbage-first heap   total 391168K, used 79728K [0x0000000683e00000, 0x0000000800000000)
  region size 1024K, 78 young (79872K), 3 survivors (3072K)
 Metaspace       used 20354K, capacity 21168K, committed 21296K, reserved 1067008K
  class space    used 2562K, capacity 2870K, committed 2944K, reserved 1048576K
}
Event: 2.500 GC heap after
{Heap after GC invocations=2 (full 0):
 garbage-first heap   total 391168K, used 6103K [0x0000000683e00000, 0x0000000800000000)
  region size 1024K, 6 young (6144K), 6 survivors (6144K)
 Metaspace       used 20354K, capacity 21168K, committed 21296K, reserved 1067008K
  class space    used 2562K, capacity 2870K, committed 2944K, reserved 1048576K
}

Deoptimization events (10 events):
Event: 2.478 Thread 0x000001cf96487800 Uncommon trap: reason=bimorphic_or_optimized_type_check action=maybe_recompile pc=0x000001cfa64f20fc method=java.util.HashMap.getNode(ILjava/lang/Object;)Ljava/util/HashMap$Node; @ 126 c2
Event: 2.483 Thread 0x000001cf96487800 Uncommon trap: reason=bimorphic_or_optimized_type_check action=maybe_recompile pc=0x000001cfa64f20fc method=java.util.HashMap.getNode(ILjava/lang/Object;)Ljava/util/HashMap$Node; @ 126 c2
Event: 2.486 Thread 0x000001cf96487800 Uncommon trap: reason=bimorphic_or_optimized_type_check action=maybe_recompile pc=0x000001cfa64f20fc method=java.util.HashMap.getNode(ILjava/lang/Object;)Ljava/util/HashMap$Node; @ 126 c2
Event: 2.599 Thread 0x000001cf96487800 Uncommon trap: reason=intrinsic_or_type_checked_inlining action=make_not_entrant pc=0x000001cfa650652c method=java.util.Arrays.copyOf([Ljava/lang/Object;ILjava/lang/Class;)[Ljava/lang/Object; @ 35 c2
Event: 3.016 Thread 0x000001cf96487800 Uncommon trap: reason=unstable_if action=reinterpret pc=0x000001cfa644c068 method=java.io.WinNTFileSystem.normalize(Ljava/lang/String;)Ljava/lang/String; @ 128 c2
Event: 3.059 Thread 0x000001cf96487800 Uncommon trap: reason=unstable_if action=reinterpret pc=0x000001cfa645a9c4 method=java.lang.CharacterDataLatin1.isWhitespace(I)Z @ 14 c2
Event: 3.064 Thread 0x000001cf96487800 Uncommon trap: reason=unstable_if action=reinterpret pc=0x000001cfa642945c method=sun.nio.fs.WindowsPathParser.isSlash(C)Z @ 9 c2
Event: 3.064 Thread 0x000001cf96487800 Uncommon trap: reason=unstable_if action=reinterpret pc=0x000001cfa64b73b0 method=java.io.WinNTFileSystem.isLetter(C)Z @ 3 c2
Event: 3.131 Thread 0x000001cf96487800 Uncommon trap: reason=unstable_if action=reinterpret pc=0x000001cfa647214c method=jdk.internal.org.objectweb.asm.Type.getArgumentsAndReturnSizes(Ljava/lang/String;)I @ 47 c2
Event: 3.131 Thread 0x000001cf96487800 Uncommon trap: reason=unstable_if action=reinterpret pc=0x000001cfa64cf2b0 method=jdk.internal.org.objectweb.asm.Frame.push(Ljdk/internal/org/objectweb/asm/ClassWriter;Ljava/lang/String;)V @ 18 c2

Classes redefined (0 events):
No events

Internal exceptions (10 events):
Event: 3.087 Thread 0x000001cf96487800 Exception <a 'java/lang/NoSuchMethodError'{0x000000069a465900}: java.lang.invoke.DirectMethodHandle$Holder.invokeStatic(Ljava/lang/Object;Ljava/lang/Object;Ljava/lang/Object;Ljava/lang/Object;Ljava/lang/Object;Ljava/lang/Object;Ljava/lang/Object;Ljava/lan
Event: 3.088 Thread 0x000001cf96487800 Exception <a 'java/lang/NoSuchMethodError'{0x000000069a474868}: java.lang.invoke.DirectMethodHandle$Holder.invokeSpecial(Ljava/lang/Object;Ljava/lang/Object;IIILjava/lang/Object;Ljava/lang/Object;Ljava/lang/Object;Ljava/lang/Object;Ljava/lang/Object;Ljava
Event: 3.088 Thread 0x000001cf96487800 Exception <a 'java/lang/NoSuchMethodError'{0x000000069a478ab0}: java.lang.invoke.DelegatingMethodHandle$Holder.reinvoke_L(Ljava/lang/Object;IIILjava/lang/Object;Ljava/lang/Object;Ljava/lang/Object;Ljava/lang/Object;Ljava/lang/Object;Ljava/lang/Object;)Lja
Event: 3.091 Thread 0x000001cf96487800 Exception <a 'java/lang/NoSuchMethodError'{0x000000069a4e2668}: java.lang.invoke.DirectMethodHandle$Holder.invokeStatic(Ljava/lang/Object;Ljava/lang/Object;Ljava/lang/Object;Ljava/lang/Object;Ljava/lang/Object;Ljava/lang/Object;Ljava/lang/Object;Ljava/lan
Event: 3.097 Thread 0x000001cf96487800 Exception <a 'sun/nio/fs/WindowsException'{0x000000069a34ef30}> (0x000000069a34ef30) thrown at [./open/src/hotspot/share/prims/jni.cpp, line 611]
Event: 3.097 Thread 0x000001cf96487800 Exception <a 'sun/nio/fs/WindowsException'{0x000000069a34f3b0}> (0x000000069a34f3b0) thrown at [./open/src/hotspot/share/prims/jni.cpp, line 611]
Event: 3.101 Thread 0x000001cf96487800 Exception <a 'sun/nio/fs/WindowsException'{0x000000069a36ad40}> (0x000000069a36ad40) thrown at [./open/src/hotspot/share/prims/jni.cpp, line 611]
Event: 3.101 Thread 0x000001cf96487800 Exception <a 'sun/nio/fs/WindowsException'{0x000000069a36b1c0}> (0x000000069a36b1c0) thrown at [./open/src/hotspot/share/prims/jni.cpp, line 611]
Event: 3.106 Thread 0x000001cf96487800 Exception <a 'java/lang/NoSuchMethodError'{0x000000069a398930}: java.lang.invoke.DirectMethodHandle$Holder.invokeStatic(Ljava/lang/Object;Ljava/lang/Object;Ljava/lang/Object;J)Ljava/lang/Object;> (0x000000069a398930) thrown at [./open/src/hotspot/share/in
Event: 3.107 Thread 0x000001cf96487800 Exception <a 'java/lang/NoSuchMethodError'{0x000000069a39c4f0}: java.lang.invoke.DirectMethodHandle$Holder.invokeSpecial(Ljava/lang/Object;Ljava/lang/Object;Ljava/lang/Object;Ljava/lang/Object;J)Ljava/lang/Object;> (0x000000069a39c4f0) thrown at [./open/s

Events (10 events):
Event: 3.256 Executing VM operation: GetFrameCount
Event: 3.256 Executing VM operation: GetFrameCount done
Event: 3.257 Executing VM operation: GetFrameCount
Event: 3.257 Executing VM operation: GetFrameCount done
Event: 3.257 Executing VM operation: GetStackTrace
Event: 3.257 Executing VM operation: GetStackTrace done
Event: 3.327 Executing VM operation: GetFrameCount
Event: 3.327 Executing VM operation: GetFrameCount done
Event: 3.327 Executing VM operation: GetStackTrace
Event: 3.327 Executing VM operation: GetStackTrace done


Dynamic libraries:
0x00007ff7ccd40000 - 0x00007ff7ccd4f000 	C:\Program Files\Java\jdk-11.0.12\bin\java.exe
0x00007ffd1e2f0000 - 0x00007ffd1e4e8000 	C:\WINDOWS\SYSTEM32\ntdll.dll
0x00007ffd1dfb0000 - 0x00007ffd1e06d000 	C:\WINDOWS\System32\KERNEL32.DLL
0x00007ffd1bc50000 - 0x00007ffd1bf1e000 	C:\WINDOWS\System32\KERNELBASE.dll
0x00007ffd1ba80000 - 0x00007ffd1bb80000 	C:\WINDOWS\System32\ucrtbase.dll
0x00007ffd15010000 - 0x00007ffd15028000 	C:\Program Files\Java\jdk-11.0.12\bin\jli.dll
0x00007ffd15030000 - 0x00007ffd15045000 	C:\Program Files\Java\jdk-11.0.12\bin\VCRUNTIME140.dll
0x00007ffd1c990000 - 0x00007ffd1ca3e000 	C:\WINDOWS\System32\ADVAPI32.dll
0x00007ffd1db80000 - 0x00007ffd1dc1e000 	C:\WINDOWS\System32\msvcrt.dll
0x00007ffd1d890000 - 0x00007ffd1d92c000 	C:\WINDOWS\System32\sechost.dll
0x00007ffd1c480000 - 0x00007ffd1c5a5000 	C:\WINDOWS\System32\RPCRT4.dll
0x00007ffd1ceb0000 - 0x00007ffd1d050000 	C:\WINDOWS\System32\USER32.dll
0x00007ffd1bb80000 - 0x00007ffd1bba2000 	C:\WINDOWS\System32\win32u.dll
0x00007ffcfe570000 - 0x00007ffcfe80a000 	C:\WINDOWS\WinSxS\amd64_microsoft.windows.common-controls_6595b64144ccf1df_6.0.19041.1110_none_60b5254171f9507e\COMCTL32.dll
0x00007ffd1d0c0000 - 0x00007ffd1d0ea000 	C:\WINDOWS\System32\GDI32.dll
0x00007ffd1c190000 - 0x00007ffd1c29b000 	C:\WINDOWS\System32\gdi32full.dll
0x00007ffd1bbb0000 - 0x00007ffd1bc4d000 	C:\WINDOWS\System32\msvcp_win.dll
0x00007ffd11a70000 - 0x00007ffd11a7a000 	C:\WINDOWS\SYSTEM32\VERSION.dll
0x00007ffd1d850000 - 0x00007ffd1d880000 	C:\WINDOWS\System32\IMM32.DLL
0x00007ffd12480000 - 0x00007ffd1251b000 	C:\Program Files\Java\jdk-11.0.12\bin\msvcp140.dll
0x00007ffcce0a0000 - 0x00007ffcceb9f000 	C:\Program Files\Java\jdk-11.0.12\bin\server\jvm.dll
0x00007ffd1dfa0000 - 0x00007ffd1dfa8000 	C:\WINDOWS\System32\PSAPI.DLL
0x00007ffd03c70000 - 0x00007ffd03c97000 	C:\WINDOWS\SYSTEM32\WINMM.dll
0x00007ffcfdfb0000 - 0x00007ffcfdfb9000 	C:\WINDOWS\SYSTEM32\WSOCK32.dll
0x00007ffd1d050000 - 0x00007ffd1d0bb000 	C:\WINDOWS\System32\WS2_32.dll
0x00007ffd19980000 - 0x00007ffd19992000 	C:\WINDOWS\SYSTEM32\kernel.appcore.dll
0x00007ffd15000000 - 0x00007ffd15010000 	C:\Program Files\Java\jdk-11.0.12\bin\verify.dll
0x00007ffd19780000 - 0x00007ffd19964000 	C:\WINDOWS\SYSTEM32\DBGHELP.DLL
0x00007ffd0dd70000 - 0x00007ffd0dd9c000 	C:\WINDOWS\SYSTEM32\dbgcore.DLL
0x00007ffd1bf20000 - 0x00007ffd1bfa2000 	C:\WINDOWS\System32\bcryptPrimitives.dll
0x00007ffd14fd0000 - 0x00007ffd14ff8000 	C:\Program Files\Java\jdk-11.0.12\bin\java.dll
0x00007ffd14fc0000 - 0x00007ffd14fca000 	C:\Program Files\Java\jdk-11.0.12\bin\jimage.dll
0x00007ffcff050000 - 0x00007ffcff088000 	C:\Program Files\Java\jdk-11.0.12\bin\jdwp.dll
0x00007ffd13960000 - 0x00007ffd1396e000 	C:\Program Files\Java\jdk-11.0.12\bin\instrument.dll
0x00007ffd14fa0000 - 0x00007ffd14fb6000 	C:\Program Files\Java\jdk-11.0.12\bin\zip.dll
0x00007ffd1d100000 - 0x00007ffd1d844000 	C:\WINDOWS\System32\SHELL32.dll
0x00007ffd19b10000 - 0x00007ffd1a2a4000 	C:\WINDOWS\SYSTEM32\windows.storage.dll
0x00007ffd1c630000 - 0x00007ffd1c984000 	C:\WINDOWS\System32\combase.dll
0x00007ffd1b470000 - 0x00007ffd1b4a0000 	C:\WINDOWS\SYSTEM32\Wldp.dll
0x00007ffd1c350000 - 0x00007ffd1c3fd000 	C:\WINDOWS\System32\SHCORE.dll
0x00007ffd1dc80000 - 0x00007ffd1dcd5000 	C:\WINDOWS\System32\shlwapi.dll
0x00007ffd1b950000 - 0x00007ffd1b96f000 	C:\WINDOWS\SYSTEM32\profapi.dll
0x00007ffd13940000 - 0x00007ffd1394a000 	C:\Program Files\Java\jdk-11.0.12\bin\dt_socket.dll
0x00007ffd1b1d0000 - 0x00007ffd1b23a000 	C:\WINDOWS\system32\mswsock.dll
0x00007ffd14f80000 - 0x00007ffd14f99000 	C:\Program Files\Java\jdk-11.0.12\bin\net.dll
0x00007ffd0d720000 - 0x00007ffd0d82a000 	C:\WINDOWS\SYSTEM32\WINHTTP.dll
0x00007ffd13aa0000 - 0x00007ffd13ab2000 	C:\Program Files\Java\jdk-11.0.12\bin\nio.dll
0x00007ffd1b3c0000 - 0x00007ffd1b3d8000 	C:\WINDOWS\SYSTEM32\CRYPTSP.dll
0x00007ffd1aae0000 - 0x00007ffd1ab14000 	C:\WINDOWS\system32\rsaenh.dll
0x00007ffd1c160000 - 0x00007ffd1c187000 	C:\WINDOWS\System32\bcrypt.dll
0x00007ffd1b8d0000 - 0x00007ffd1b8fe000 	C:\WINDOWS\SYSTEM32\USERENV.dll
0x00007ffd1b3e0000 - 0x00007ffd1b3ec000 	C:\WINDOWS\SYSTEM32\CRYPTBASE.dll
0x00007ffd1ae70000 - 0x00007ffd1aeab000 	C:\WINDOWS\SYSTEM32\IPHLPAPI.DLL
0x00007ffd1d880000 - 0x00007ffd1d888000 	C:\WINDOWS\System32\NSI.dll
0x00007ffd10e50000 - 0x00007ffd10e67000 	C:\WINDOWS\SYSTEM32\dhcpcsvc6.DLL
0x00007ffd114f0000 - 0x00007ffd1150d000 	C:\WINDOWS\SYSTEM32\dhcpcsvc.DLL
0x00007ffd1aec0000 - 0x00007ffd1af8b000 	C:\WINDOWS\SYSTEM32\DNSAPI.dll

dbghelp: loaded successfully - version: 4.0.5 - missing functions: none
symbol engine: initialized successfully - sym options: 0x614 - pdb path: .;C:\Program Files\Java\jdk-11.0.12\bin;C:\WINDOWS\SYSTEM32;C:\WINDOWS\WinSxS\amd64_microsoft.windows.common-controls_6595b64144ccf1df_6.0.19041.1110_none_60b5254171f9507e;C:\Program Files\Java\jdk-11.0.12\bin\server

VM Arguments:
jvm_args: -agentlib:jdwp=transport=dt_socket,address=127.0.0.1:53233,suspend=y,server=n -ea --add-opens=java.base/java.lang=ALL-UNNAMED --add-opens=java.base/java.lang.invoke=ALL-UNNAMED --add-opens=java.base/java.lang.reflect=ALL-UNNAMED --add-opens=java.base/java.io=ALL-UNNAMED --add-opens=java.base/java.nio=ALL-UNNAMED --add-opens=java.base/java.math=ALL-UNNAMED --add-opens=java.base/java.util=ALL-UNNAMED --add-opens=java.base/jdk.internal.misc=ALL-UNNAMED -Dio.netty.tryReflectionSetAccessible=true -Djava.util.logging.config.file=../../config/java.util.logging.properties --add-opens=java.base/java.lang=ALL-UNNAMED --add-opens=java.base/java.lang.invoke=ALL-UNNAMED --add-opens=java.base/java.lang.reflect=ALL-UNNAMED --add-opens=java.base/java.io=ALL-UNNAMED --add-opens=java.base/java.nio=ALL-UNNAMED --add-opens=java.base/java.math=ALL-UNNAMED --add-opens=java.base/java.util=ALL-UNNAMED --add-opens=java.base/jdk.internal.misc=ALL-UNNAMED -Dio.netty.tryReflectionSetAccessible=true -Djava.util.logging.config.file=../../config/java.util.logging.properties -Didea.test.cyclic.buffer.size=1048576 -javaagent:C:\Users\tkalk\AppData\Local\JetBrains\IdeaIC2021.2\captureAgent\debugger-agent.jar -Dfile.encoding=UTF-8 
java_command: com.intellij.rt.junit.JUnitStarter -ideVersion5 -junit5 org.apache.ignite.internal.pagememory.persistence.PersistentPageMemoryNoLoadTest,testPageReplacement(org.apache.ignite.internal.pagememory.configuration.schema.PageMemoryCheckpointConfiguration,java.nio.file.Path)
java_class_path (initial): C:\Users\tkalk\.m2\repository\org\junit\platform\junit-platform-launcher\1.8.1\junit-platform-launcher-1.8.1.jar;C:\Program Files\JetBrains\IntelliJ IDEA Community Edition 2020.2.3\lib\idea_rt.jar;C:\Program Files\JetBrains\IntelliJ IDEA Community Edition 2020.2.3\plugins\junit\lib\junit5-rt.jar;C:\Program Files\JetBrains\IntelliJ IDEA Community Edition 2020.2.3\plugins\junit\lib\junit-rt.jar;C:\Users\tkalk\IdeaProjects\incubator-ignite3\modules\page-memory\target\test-classes;C:\Users\tkalk\IdeaProjects\incubator-ignite3\modules\page-memory\target\classes;C:\Users\tkalk\IdeaProjects\incubator-ignite3\modules\api\target\classes;C:\Users\tkalk\IdeaProjects\incubator-ignite3\modules\configuration-api\target\classes;C:\Users\tkalk\.m2\repository\org\jetbrains\annotations\20.1.0\annotations-20.1.0.jar;C:\Users\tkalk\IdeaProjects\incubator-ignite3\modules\core\target\classes;C:\Users\tkalk\.m2\repository\it\unimi\dsi\fastutil-core\8.5.6\fastutil-core-8.5.6.jar;C:\Users\tkalk\IdeaProjects\incubator-ignite3\modules\configuration\target\classes;C:\Users\tkalk\IdeaProjects\incubator-ignite3\modules\bytecode\target\classes;C:\Users\tkalk\.m2\repository\org\ow2\asm\asm\9.0\asm-9.0.jar;C:\Users\tkalk\.m2\repository\org\ow2\asm\asm-tree\9.0\asm-tree-9.0.jar;C:\Users\tkalk\.m2\repository\org\ow2\asm\asm-util\9.0\asm-util-9.0.jar;C:\Users\tkalk\.m2\repository\org\ow2\asm\asm-analysis\9.0\asm-analysis-9.0.jar;C:\Users\tkalk\IdeaProjects\incubator-ignite3\modules\rest-api\target\classes;C:\Users\tkalk\.m2\repository\com\fasterxml\jackson\core\jackson-annotations\2.13.1\jackson-annotations-2.13.1.jar;C:\Users\tkalk\.m2\repository\com\fasterxml\jackson\core\jackson-databind\2.13.1\jackson-databind-2.13.1.jar;C:\Users\tkalk\.m2\repository\com\fasterxml\jackson\core\jackson-core\2.13.1\jackson-core-2.13.1.jar;C:\Users\tkalk\.m2\repository\jakarta\annotation\jakarta.annotation-api\2.0.0\jakarta.annotation-api-2.0.0.jar;C:\Users\tkalk\.m2\repository\jakarta\in
Launcher Type: SUN_STANDARD

[Global flags]
     intx CICompilerCount                          = 4                                         {product} {ergonomic}
     uint ConcGCThreads                            = 2                                         {product} {ergonomic}
     uint G1ConcRefinementThreads                  = 8                                         {product} {ergonomic}
   size_t G1HeapRegionSize                         = 1048576                                   {product} {ergonomic}
    uintx GCDrainStackTargetSize                   = 64                                        {product} {ergonomic}
   size_t InitialHeapSize                          = 400556032                                 {product} {ergonomic}
   size_t MarkStackSize                            = 4194304                                   {product} {ergonomic}
   size_t MaxHeapSize                              = 6377439232                                {product} {ergonomic}
   size_t MaxNewSize                               = 3826253824                                {product} {ergonomic}
   size_t MinHeapDeltaBytes                        = 1048576                                   {product} {ergonomic}
    uintx NonNMethodCodeHeapSize                   = 5836300                                {pd product} {ergonomic}
    uintx NonProfiledCodeHeapSize                  = 122910970                              {pd product} {ergonomic}
    uintx ProfiledCodeHeapSize                     = 122910970                              {pd product} {ergonomic}
    uintx ReservedCodeCacheSize                    = 251658240                              {pd product} {ergonomic}
     bool SegmentedCodeCache                       = true                                      {product} {ergonomic}
     bool UseCompressedClassPointers               = true                                 {lp64_product} {ergonomic}
     bool UseCompressedOops                        = true                                 {lp64_product} {ergonomic}
     bool UseG1GC                                  = true                                      {product} {ergonomic}
     bool UseLargePagesIndividualAllocation        = false                                  {pd product} {ergonomic}

Logging:
Log output configuration:
 #0: stdout all=warning uptime,level,tags
 #1: stderr all=off uptime,level,tags

Environment Variables:
JAVA_HOME=C:\Program Files\Java\jdk-11.0.12
PATH=C:\Program Files\Common Files\Oracle\Java\javapath;C:\Program Files (x86)\Common Files\Oracle\Java\javapath;C:\WINDOWS\system32;C:\WINDOWS;C:\WINDOWS\System32\Wbem;C:\WINDOWS\System32\WindowsPowerShell\v1.0\;C:\WINDOWS\System32\OpenSSH\;C:\Program Files\Intel\WiFi\bin\;C:\Program Files\Common Files\Intel\WirelessCommon\;C:\Program Files\Git\cmd;C:\Program Files\Java\jdk1.8.0_271\bin;C:\Program Files\Maven\apache-maven-3.6.3\bin;C:\Program Files\BIND9.16.20.x64;C:\Users\tkalk\AppData\Local\Microsoft\WindowsApps;
USERNAME=tkalk
OS=Windows_NT
PROCESSOR_IDENTIFIER=Intel64 Family 6 Model 142 Stepping 12, GenuineIntel



---------------  S Y S T E M  ---------------

OS: Windows 10 , 64 bit Build 19041 (10.0.19041.1806)

CPU:total 8 (initial active 8) (4 cores per cpu, 2 threads per core) family 6 model 142 stepping 12 microcode 0xd6, cmov, cx8, fxsr, mmx, sse, sse2, sse3, ssse3, sse4.1, sse4.2, popcnt, avx, avx2, aes, clmul, erms, 3dnowpref, lzcnt, ht, tsc, tscinvbit, bmi1, bmi2, adx, fma

Memory: 4k page, system-wide physical 24321M (12803M free)
TotalPageFile size 27905M (AvailPageFile size 14847M)
current process WorkingSet (physical memory assigned to process): 219M, peak: 219M
current process commit charge ("private bytes"): 559M, peak: 559M

vm_info: Java HotSpot(TM) 64-Bit Server VM (11.0.12+8-LTS-237) for windows-amd64 JRE (11.0.12+8-LTS-237), built on Jun  8 2021 11:25:59 by "mach5one" with MS VC++ 15.9 (VS2017)

END.
