#
# A fatal error has been detected by the Java Runtime Environment:
#
#  EXCEPTION_ACCESS_VIOLATION (0xc0000005) at pc=0x00007ffcce1ad29f, pid=16728, tid=1072
#
# JRE version: Java(TM) SE Runtime Environment 18.9 (11.0.12+8) (build 11.0.12+8-LTS-237)
# Java VM: Java HotSpot(TM) 64-Bit Server VM 18.9 (11.0.12+8-LTS-237, mixed mode, tiered, compressed oops, g1 gc, windows-amd64)
# Problematic frame:
# V  [jvm.dll+0x10d29f]
#
# No core dump will be written. Minidumps are not enabled by default on client versions of Windows
#
# If you would like to submit a bug report, please visit:
#   https://bugreport.java.com/bugreport/crash.jsp
#

---------------  S U M M A R Y ------------

Command Line: -agentlib:jdwp=transport=dt_socket,address=127.0.0.1:53013,suspend=y,server=n -ea --add-opens=java.base/java.lang=ALL-UNNAMED --add-opens=java.base/java.lang.invoke=ALL-UNNAMED --add-opens=java.base/java.lang.reflect=ALL-UNNAMED --add-opens=java.base/java.io=ALL-UNNAMED --add-opens=java.base/java.nio=ALL-UNNAMED --add-opens=java.base/java.math=ALL-UNNAMED --add-opens=java.base/java.util=ALL-UNNAMED --add-opens=java.base/jdk.internal.misc=ALL-UNNAMED -Dio.netty.tryReflectionSetAccessible=true -Djava.util.logging.config.file=../../config/java.util.logging.properties --add-opens=java.base/java.lang=ALL-UNNAMED --add-opens=java.base/java.lang.invoke=ALL-UNNAMED --add-opens=java.base/java.lang.reflect=ALL-UNNAMED --add-opens=java.base/java.io=ALL-UNNAMED --add-opens=java.base/java.nio=ALL-UNNAMED --add-opens=java.base/java.math=ALL-UNNAMED --add-opens=java.base/java.util=ALL-UNNAMED --add-opens=java.base/jdk.internal.misc=ALL-UNNAMED -Dio.netty.tryReflectionSetAccessible=true -Djava.util.logging.config.file=../../config/java.util.logging.properties -Didea.test.cyclic.buffer.size=1048576 -javaagent:C:\Users\tkalk\AppData\Local\JetBrains\IdeaIC2021.2\captureAgent\debugger-agent.jar -Dfile.encoding=UTF-8 com.intellij.rt.junit.JUnitStarter -ideVersion5 -junit5 org.apache.ignite.internal.pagememory.persistence.PersistentPageMemoryNoLoadTest

Host: Intel(R) Core(TM) i7-8565U CPU @ 1.80GHz, 8 cores, 23G,  Windows 10 , 64 bit Build 19041 (10.0.19041.1806)
Time: Fri Aug  5 15:18:53 2022 RTZ 2 (зима) elapsed time: 4.396577 seconds (0d 0h 0m 4s)

---------------  T H R E A D  ---------------

Current thread (0x000002aff11e6000):  JavaThread "C2 CompilerThread1" daemon [_thread_in_native, id=1072, stack(0x000000c6d8f00000,0x000000c6d9000000)]


Current CompileTask:
C2:   4396 3489       4       java.lang.invoke.MethodType::makeImpl (108 bytes)

Stack: [0x000000c6d8f00000,0x000000c6d9000000],  sp=0x000000c6d8ffb4d0,  free space=1005k
Native frames: (J=compiled Java code, j=interpreted, Vv=VM code, C=native code)
V  [jvm.dll+0x10d29f]
V  [jvm.dll+0x1d38ed]
V  [jvm.dll+0x1d39d6]
V  [jvm.dll+0x1940ea]
V  [jvm.dll+0x1fd212]
V  [jvm.dll+0x1fc2ed]
V  [jvm.dll+0x17f18c]
V  [jvm.dll+0x20b87c]
V  [jvm.dll+0x20997b]
V  [jvm.dll+0x716359]
V  [jvm.dll+0x70f064]
V  [jvm.dll+0x616f66]
C  [ucrtbase.dll+0x21bb2]
C  [KERNEL32.DLL+0x17034]
C  [ntdll.dll+0x52651]


siginfo: EXCEPTION_ACCESS_VIOLATION (0xc0000005), reading address 0xffffffffffffffff


Register to memory mapping:

RIP=0x00007ffcce1ad29f jvm.dll
RAX=0x000000000000025f is an unknown value
RBX=0x000002afee810578 points into unknown readable memory: 0x00007ffcce8babb0 | b0 ab 8b ce fc 7f 00 00
RCX=0x6464646464646464 is an unknown value
RDX=0x0000000000000008 is an unknown value
RSP=0x000000c6d8ffb4d0 is pointing into the stack for thread: 0x000002aff11e6000
RBP=0x0 is NULL
RSI=0x0 is NULL
RDI=0x0 is NULL
R8 =0x0000000000000001 is an unknown value
R9 =0x0000000000000008 is an unknown value
R10=0x000002aff1882f70 points into unknown readable memory: 0x6464646464646464 | 64 64 64 64 64 64 64 64
R11=0x0000000000000001 is an unknown value
R12=0x000002afee358e78 points into unknown readable memory: 0x88000a000626846b | 6b 84 26 06 00 0a 00 88
R13=0x000000c6d8ffb970 is pointing into the stack for thread: 0x000002aff11e6000
R14=0x0 is NULL
R15=0x0000000000000001 is an unknown value


Registers:
RAX=0x000000000000025f, RBX=0x000002afee810578, RCX=0x6464646464646464, RDX=0x0000000000000008
RSP=0x000000c6d8ffb4d0, RBP=0x0000000000000000, RSI=0x0000000000000000, RDI=0x0000000000000000
R8 =0x0000000000000001, R9 =0x0000000000000008, R10=0x000002aff1882f70, R11=0x0000000000000001
R12=0x000002afee358e78, R13=0x000000c6d8ffb970, R14=0x0000000000000000, R15=0x0000000000000001
RIP=0x00007ffcce1ad29f, EFLAGS=0x0000000000010202

Top of Stack: (sp=0x000000c6d8ffb4d0)
0x000000c6d8ffb4d0:   0000000000000000 00007ffcce3eb594
0x000000c6d8ffb4e0:   000002afee358aa0 000002aff0d3f5e8
0x000000c6d8ffb4f0:   0000000000000000 0000000000000000
0x000000c6d8ffb500:   00000000000003d8 000002afee358a90
0x000000c6d8ffb510:   000000c6d8ffb770 00007ffcce2738ed
0x000000c6d8ffb520:   000000c6d8ffb770 000002afee810578
0x000000c6d8ffb530:   0000000000000020 000002afee358aa0
0x000000c6d8ffb540:   00007ffc00000009 00007ffcce29ca82
0x000000c6d8ffb550:   000000c6d8ffbaf8 00007ffcce2739d6
0x000000c6d8ffb560:   000000c6d8ffb770 000000000000001f
0x000000c6d8ffb570:   00000000000003d8 000000c6d8ffb690
0x000000c6d8ffb580:   0000000000000000 00007ffcce2340ea
0x000000c6d8ffb590:   000000c6d8ffba10 0000000000000000
0x000000c6d8ffb5a0:   000002afee358e78 00000000000003d8
0x000000c6d8ffb5b0:   00007ffcce8b9f00 000000000000000d
0x000000c6d8ffb5c0:   0000000000000006 000002afee358a90 

Instructions: (pc=0x00007ffcce1ad29f)
0x00007ffcce1ad27f:   45 85 c9 74 09 48 8b 43 20 48 8b 00 eb 03 49 8b
0x00007ffcce1ad28f:   c6 48 8b 40 08 48 8b 0c 10 8b 41 28 49 8b 0c c2
0x00007ffcce1ad29f:   f2 0f 10 49 08 0f 28 c1 f2 0f 59 c3 66 0f 2f f0
0x00007ffcce1ad2af:   76 04 ff c6 eb 0f f2 0f 59 ca ff c5 66 0f 2f 4b 


Stack slot to memory mapping:
stack at sp + 0 slots: 0x0 is NULL
stack at sp + 1 slots: 0x00007ffcce3eb594 jvm.dll
stack at sp + 2 slots: 0x000002afee358aa0 points into unknown readable memory: 0x00007ffcce9432b0 | b0 32 94 ce fc 7f 00 00
stack at sp + 3 slots: 0x000002aff0d3f5e8 points into unknown readable memory: 0x00007ffcce8b6930 | 30 69 8b ce fc 7f 00 00
stack at sp + 4 slots: 0x0 is NULL
stack at sp + 5 slots: 0x0 is NULL
stack at sp + 6 slots: 0x00000000000003d8 is an unknown value
stack at sp + 7 slots: 0x000002afee358a90 points into unknown readable memory: 0x000002aff359d040 | 40 d0 59 f3 af 02 00 00


---------------  P R O C E S S  ---------------

Threads class SMR info:
_java_thread_list=0x000002aff18e4b20, length=19, elements={
0x000002afc46d9800, 0x000002afed5d0800, 0x000002afed5d2000, 0x000002afed666000,
0x000002afed667000, 0x000002afed669000, 0x000002afed66e000, 0x000002afed66f800,
0x000002afed679800, 0x000002afed7f3000, 0x000002afed8be800, 0x000002afedb65000,
0x000002afeda58000, 0x000002afee40c800, 0x000002aff0660800, 0x000002aff11e6000,
0x000002aff0d54000, 0x000002aff20ac800, 0x000002aff20af800
}

Java Threads: ( => current thread )
  0x000002afc46d9800 JavaThread "main" [_thread_blocked, id=2432, stack(0x000000c6d6b00000,0x000000c6d6c00000)]
  0x000002afed5d0800 JavaThread "Reference Handler" daemon [_thread_blocked, id=1572, stack(0x000000c6d7200000,0x000000c6d7300000)]
  0x000002afed5d2000 JavaThread "Finalizer" daemon [_thread_blocked, id=13112, stack(0x000000c6d7300000,0x000000c6d7400000)]
  0x000002afed666000 JavaThread "Signal Dispatcher" daemon [_thread_blocked, id=956, stack(0x000000c6d7400000,0x000000c6d7500000)]
  0x000002afed667000 JavaThread "Attach Listener" daemon [_thread_blocked, id=7724, stack(0x000000c6d7500000,0x000000c6d7600000)]
  0x000002afed669000 JavaThread "Service Thread" daemon [_thread_blocked, id=18708, stack(0x000000c6d7600000,0x000000c6d7700000)]
  0x000002afed66e000 JavaThread "C2 CompilerThread0" daemon [_thread_in_native, id=17548, stack(0x000000c6d7700000,0x000000c6d7800000)]
  0x000002afed66f800 JavaThread "C1 CompilerThread0" daemon [_thread_blocked, id=16192, stack(0x000000c6d7800000,0x000000c6d7900000)]
  0x000002afed679800 JavaThread "Sweeper thread" daemon [_thread_blocked, id=13400, stack(0x000000c6d7900000,0x000000c6d7a00000)]
  0x000002afed7f3000 JavaThread "Common-Cleaner" daemon [_thread_blocked, id=18060, stack(0x000000c6d7a00000,0x000000c6d7b00000)]
  0x000002afed8be800 JavaThread "JDWP Transport Listener: dt_socket" daemon [_thread_blocked, id=18140, stack(0x000000c6d7c00000,0x000000c6d7d00000)]
  0x000002afedb65000 JavaThread "JDWP Event Helper Thread" daemon [_thread_blocked, id=2872, stack(0x000000c6d7d00000,0x000000c6d7e00000)]
  0x000002afeda58000 JavaThread "JDWP Command Reader" daemon [_thread_in_native, id=9056, stack(0x000000c6d7e00000,0x000000c6d7f00000)]
  0x000002afee40c800 JavaThread "pool-1-thread-1" [_thread_blocked, id=2764, stack(0x000000c6d8700000,0x000000c6d8800000)]
  0x000002aff0660800 JavaThread "FastTimestamps updater" daemon [_thread_blocked, id=17476, stack(0x000000c6d8900000,0x000000c6d8a00000)]
=>0x000002aff11e6000 JavaThread "C2 CompilerThread1" daemon [_thread_in_native, id=1072, stack(0x000000c6d8f00000,0x000000c6d9000000)]
  0x000002aff0d54000 JavaThread "C2 CompilerThread2" daemon [_thread_in_native, id=5712, stack(0x000000c6d8b00000,0x000000c6d8c00000)]
  0x000002aff20ac800 JavaThread "%test%checkpoint-thread-7" [_thread_blocked, id=7756, stack(0x000000c6d8800000,0x000000c6d8900000)]
  0x000002aff20af800 JavaThread "%test%compaction-thread-8" [_thread_blocked, id=13960, stack(0x000000c6d8a00000,0x000000c6d8b00000)]

Other Threads:
  0x000002afed603800 VMThread "VM Thread" [stack: 0x000000c6d7100000,0x000000c6d7200000] [id=10840]
  0x000002afede63000 WatcherThread [stack: 0x000000c6d7f00000,0x000000c6d8000000] [id=14524]
  0x000002afc46ef800 GCTaskThread "GC Thread#0" [stack: 0x000000c6d6c00000,0x000000c6d6d00000] [id=16756]
  0x000002afee315000 GCTaskThread "GC Thread#1" [stack: 0x000000c6d8000000,0x000000c6d8100000] [id=8504]
  0x000002afee306000 GCTaskThread "GC Thread#2" [stack: 0x000000c6d8100000,0x000000c6d8200000] [id=15396]
  0x000002afee2f5000 GCTaskThread "GC Thread#3" [stack: 0x000000c6d8200000,0x000000c6d8300000] [id=18936]
  0x000002afee2f6000 GCTaskThread "GC Thread#4" [stack: 0x000000c6d8300000,0x000000c6d8400000] [id=5932]
  0x000002afee31c000 GCTaskThread "GC Thread#5" [stack: 0x000000c6d8400000,0x000000c6d8500000] [id=19288]
  0x000002afee31d000 GCTaskThread "GC Thread#6" [stack: 0x000000c6d8500000,0x000000c6d8600000] [id=8200]
  0x000002afee325800 GCTaskThread "GC Thread#7" [stack: 0x000000c6d8600000,0x000000c6d8700000] [id=17904]
  0x000002afc270c000 ConcurrentGCThread "G1 Main Marker" [stack: 0x000000c6d6d00000,0x000000c6d6e00000] [id=16972]
  0x000002afc270e000 ConcurrentGCThread "G1 Conc#0" [stack: 0x000000c6d6e00000,0x000000c6d6f00000] [id=17628]
  0x000002aff0443800 ConcurrentGCThread "G1 Conc#1" [stack: 0x000000c6d7b00000,0x000000c6d7c00000] [id=14676]
  0x000002afecc35000 ConcurrentGCThread "G1 Refine#0" [stack: 0x000000c6d6f00000,0x000000c6d7000000] [id=6692]
  0x000002afecc35800 ConcurrentGCThread "G1 Young RemSet Sampling" [stack: 0x000000c6d7000000,0x000000c6d7100000] [id=6968]

Threads with active compile tasks:
C2 CompilerThread0   4429 3812       4       com.facebook.presto.bytecode.ParameterizedType::<init> (89 bytes)
C2 CompilerThread1   4429 3489       4       java.lang.invoke.MethodType::makeImpl (108 bytes)
C2 CompilerThread2   4429 3548       4       java.util.stream.ReferencePipeline::collect (124 bytes)

VM state:not at safepoint (normal execution)

VM Mutex/Monitor currently owned by a thread: None

Heap address: 0x0000000683e00000, size: 6082 MB, Compressed Oops mode: Zero based, Oop shift amount: 3
Narrow klass base: 0x0000000800000000, Narrow klass shift: 0
Compressed class space size: 1073741824 Address: 0x0000000800000000

Heap:
 garbage-first heap   total 391168K, used 185785K [0x0000000683e00000, 0x0000000800000000)
  region size 1024K, 182 young (186368K), 7 survivors (7168K)
 Metaspace       used 27109K, capacity 28847K, committed 29184K, reserved 1075200K
  class space    used 3391K, capacity 3999K, committed 4096K, reserved 1048576K
Heap Regions: E=young(eden), S=young(survivor), O=old, HS=humongous(starts), HC=humongous(continues), CS=collection set, F=free, A=archive, TAMS=top-at-mark-start (previous, next)
|   0|0x0000000683e00000, 0x0000000683ea6e00, 0x0000000683f00000| 65%| O|  |TAMS 0x0000000683ea6e00, 0x0000000683e00000| Untracked 
|   1|0x0000000683f00000, 0x0000000683f00000, 0x0000000684000000|  0%| F|  |TAMS 0x0000000683f00000, 0x0000000683f00000| Untracked 
|   2|0x0000000684000000, 0x0000000684000000, 0x0000000684100000|  0%| F|  |TAMS 0x0000000684000000, 0x0000000684000000| Untracked 
|   3|0x0000000684100000, 0x0000000684100000, 0x0000000684200000|  0%| F|  |TAMS 0x0000000684100000, 0x0000000684100000| Untracked 
|   4|0x0000000684200000, 0x0000000684200000, 0x0000000684300000|  0%| F|  |TAMS 0x0000000684200000, 0x0000000684200000| Untracked 
|   5|0x0000000684300000, 0x0000000684300000, 0x0000000684400000|  0%| F|  |TAMS 0x0000000684300000, 0x0000000684300000| Untracked 
|   6|0x0000000684400000, 0x0000000684400000, 0x0000000684500000|  0%| F|  |TAMS 0x0000000684400000, 0x0000000684400000| Untracked 
|   7|0x0000000684500000, 0x0000000684500000, 0x0000000684600000|  0%| F|  |TAMS 0x0000000684500000, 0x0000000684500000| Untracked 
|   8|0x0000000684600000, 0x0000000684600000, 0x0000000684700000|  0%| F|  |TAMS 0x0000000684600000, 0x0000000684600000| Untracked 
|   9|0x0000000684700000, 0x0000000684700000, 0x0000000684800000|  0%| F|  |TAMS 0x0000000684700000, 0x0000000684700000| Untracked 
|  10|0x0000000684800000, 0x0000000684800000, 0x0000000684900000|  0%| F|  |TAMS 0x0000000684800000, 0x0000000684800000| Untracked 
|  11|0x0000000684900000, 0x0000000684900000, 0x0000000684a00000|  0%| F|  |TAMS 0x0000000684900000, 0x0000000684900000| Untracked 
|  12|0x0000000684a00000, 0x0000000684a00000, 0x0000000684b00000|  0%| F|  |TAMS 0x0000000684a00000, 0x0000000684a00000| Untracked 
|  13|0x0000000684b00000, 0x0000000684b00000, 0x0000000684c00000|  0%| F|  |TAMS 0x0000000684b00000, 0x0000000684b00000| Untracked 
|  14|0x0000000684c00000, 0x0000000684c00000, 0x0000000684d00000|  0%| F|  |TAMS 0x0000000684c00000, 0x0000000684c00000| Untracked 
|  15|0x0000000684d00000, 0x0000000684d00000, 0x0000000684e00000|  0%| F|  |TAMS 0x0000000684d00000, 0x0000000684d00000| Untracked 
|  16|0x0000000684e00000, 0x0000000684e00000, 0x0000000684f00000|  0%| F|  |TAMS 0x0000000684e00000, 0x0000000684e00000| Untracked 
|  17|0x0000000684f00000, 0x0000000684f00000, 0x0000000685000000|  0%| F|  |TAMS 0x0000000684f00000, 0x0000000684f00000| Untracked 
|  18|0x0000000685000000, 0x0000000685000000, 0x0000000685100000|  0%| F|  |TAMS 0x0000000685000000, 0x0000000685000000| Untracked 
|  19|0x0000000685100000, 0x0000000685100000, 0x0000000685200000|  0%| F|  |TAMS 0x0000000685100000, 0x0000000685100000| Untracked 
|  20|0x0000000685200000, 0x0000000685200000, 0x0000000685300000|  0%| F|  |TAMS 0x0000000685200000, 0x0000000685200000| Untracked 
|  21|0x0000000685300000, 0x0000000685300000, 0x0000000685400000|  0%| F|  |TAMS 0x0000000685300000, 0x0000000685300000| Untracked 
|  22|0x0000000685400000, 0x0000000685400000, 0x0000000685500000|  0%| F|  |TAMS 0x0000000685400000, 0x0000000685400000| Untracked 
|  23|0x0000000685500000, 0x0000000685500000, 0x0000000685600000|  0%| F|  |TAMS 0x0000000685500000, 0x0000000685500000| Untracked 
|  24|0x0000000685600000, 0x0000000685600000, 0x0000000685700000|  0%| F|  |TAMS 0x0000000685600000, 0x0000000685600000| Untracked 
|  25|0x0000000685700000, 0x0000000685700000, 0x0000000685800000|  0%| F|  |TAMS 0x0000000685700000, 0x0000000685700000| Untracked 
|  26|0x0000000685800000, 0x0000000685800000, 0x0000000685900000|  0%| F|  |TAMS 0x0000000685800000, 0x0000000685800000| Untracked 
|  27|0x0000000685900000, 0x0000000685900000, 0x0000000685a00000|  0%| F|  |TAMS 0x0000000685900000, 0x0000000685900000| Untracked 
|  28|0x0000000685a00000, 0x0000000685a00000, 0x0000000685b00000|  0%| F|  |TAMS 0x0000000685a00000, 0x0000000685a00000| Untracked 
|  29|0x0000000685b00000, 0x0000000685b00000, 0x0000000685c00000|  0%| F|  |TAMS 0x0000000685b00000, 0x0000000685b00000| Untracked 
|  30|0x0000000685c00000, 0x0000000685c00000, 0x0000000685d00000|  0%| F|  |TAMS 0x0000000685c00000, 0x0000000685c00000| Untracked 
|  31|0x0000000685d00000, 0x0000000685d00000, 0x0000000685e00000|  0%| F|  |TAMS 0x0000000685d00000, 0x0000000685d00000| Untracked 
|  32|0x0000000685e00000, 0x0000000685e00000, 0x0000000685f00000|  0%| F|  |TAMS 0x0000000685e00000, 0x0000000685e00000| Untracked 
|  33|0x0000000685f00000, 0x0000000685f00000, 0x0000000686000000|  0%| F|  |TAMS 0x0000000685f00000, 0x0000000685f00000| Untracked 
|  34|0x0000000686000000, 0x0000000686000000, 0x0000000686100000|  0%| F|  |TAMS 0x0000000686000000, 0x0000000686000000| Untracked 
|  35|0x0000000686100000, 0x0000000686100000, 0x0000000686200000|  0%| F|  |TAMS 0x0000000686100000, 0x0000000686100000| Untracked 
|  36|0x0000000686200000, 0x0000000686200000, 0x0000000686300000|  0%| F|  |TAMS 0x0000000686200000, 0x0000000686200000| Untracked 
|  37|0x0000000686300000, 0x0000000686300000, 0x0000000686400000|  0%| F|  |TAMS 0x0000000686300000, 0x0000000686300000| Untracked 
|  38|0x0000000686400000, 0x0000000686400000, 0x0000000686500000|  0%| F|  |TAMS 0x0000000686400000, 0x0000000686400000| Untracked 
|  39|0x0000000686500000, 0x0000000686500000, 0x0000000686600000|  0%| F|  |TAMS 0x0000000686500000, 0x0000000686500000| Untracked 
|  40|0x0000000686600000, 0x0000000686600000, 0x0000000686700000|  0%| F|  |TAMS 0x0000000686600000, 0x0000000686600000| Untracked 
|  41|0x0000000686700000, 0x0000000686700000, 0x0000000686800000|  0%| F|  |TAMS 0x0000000686700000, 0x0000000686700000| Untracked 
|  42|0x0000000686800000, 0x0000000686800000, 0x0000000686900000|  0%| F|  |TAMS 0x0000000686800000, 0x0000000686800000| Untracked 
|  43|0x0000000686900000, 0x0000000686900000, 0x0000000686a00000|  0%| F|  |TAMS 0x0000000686900000, 0x0000000686900000| Untracked 
|  44|0x0000000686a00000, 0x0000000686a00000, 0x0000000686b00000|  0%| F|  |TAMS 0x0000000686a00000, 0x0000000686a00000| Untracked 
|  45|0x0000000686b00000, 0x0000000686b00000, 0x0000000686c00000|  0%| F|  |TAMS 0x0000000686b00000, 0x0000000686b00000| Untracked 
|  46|0x0000000686c00000, 0x0000000686c00000, 0x0000000686d00000|  0%| F|  |TAMS 0x0000000686c00000, 0x0000000686c00000| Untracked 
|  47|0x0000000686d00000, 0x0000000686d00000, 0x0000000686e00000|  0%| F|  |TAMS 0x0000000686d00000, 0x0000000686d00000| Untracked 
|  48|0x0000000686e00000, 0x0000000686e00000, 0x0000000686f00000|  0%| F|  |TAMS 0x0000000686e00000, 0x0000000686e00000| Untracked 
|  49|0x0000000686f00000, 0x0000000686f00000, 0x0000000687000000|  0%| F|  |TAMS 0x0000000686f00000, 0x0000000686f00000| Untracked 
|  50|0x0000000687000000, 0x0000000687000000, 0x0000000687100000|  0%| F|  |TAMS 0x0000000687000000, 0x0000000687000000| Untracked 
|  51|0x0000000687100000, 0x0000000687100000, 0x0000000687200000|  0%| F|  |TAMS 0x0000000687100000, 0x0000000687100000| Untracked 
|  52|0x0000000687200000, 0x0000000687200000, 0x0000000687300000|  0%| F|  |TAMS 0x0000000687200000, 0x0000000687200000| Untracked 
|  53|0x0000000687300000, 0x0000000687300000, 0x0000000687400000|  0%| F|  |TAMS 0x0000000687300000, 0x0000000687300000| Untracked 
|  54|0x0000000687400000, 0x0000000687400000, 0x0000000687500000|  0%| F|  |TAMS 0x0000000687400000, 0x0000000687400000| Untracked 
|  55|0x0000000687500000, 0x0000000687500000, 0x0000000687600000|  0%| F|  |TAMS 0x0000000687500000, 0x0000000687500000| Untracked 
|  56|0x0000000687600000, 0x0000000687600000, 0x0000000687700000|  0%| F|  |TAMS 0x0000000687600000, 0x0000000687600000| Untracked 
|  57|0x0000000687700000, 0x0000000687700000, 0x0000000687800000|  0%| F|  |TAMS 0x0000000687700000, 0x0000000687700000| Untracked 
|  58|0x0000000687800000, 0x0000000687800000, 0x0000000687900000|  0%| F|  |TAMS 0x0000000687800000, 0x0000000687800000| Untracked 
|  59|0x0000000687900000, 0x0000000687900000, 0x0000000687a00000|  0%| F|  |TAMS 0x0000000687900000, 0x0000000687900000| Untracked 
|  60|0x0000000687a00000, 0x0000000687a00000, 0x0000000687b00000|  0%| F|  |TAMS 0x0000000687a00000, 0x0000000687a00000| Untracked 
|  61|0x0000000687b00000, 0x0000000687b00000, 0x0000000687c00000|  0%| F|  |TAMS 0x0000000687b00000, 0x0000000687b00000| Untracked 
|  62|0x0000000687c00000, 0x0000000687c00000, 0x0000000687d00000|  0%| F|  |TAMS 0x0000000687c00000, 0x0000000687c00000| Untracked 
|  63|0x0000000687d00000, 0x0000000687d00000, 0x0000000687e00000|  0%| F|  |TAMS 0x0000000687d00000, 0x0000000687d00000| Untracked 
|  64|0x0000000687e00000, 0x0000000687e00000, 0x0000000687f00000|  0%| F|  |TAMS 0x0000000687e00000, 0x0000000687e00000| Untracked 
|  65|0x0000000687f00000, 0x0000000687f00000, 0x0000000688000000|  0%| F|  |TAMS 0x0000000687f00000, 0x0000000687f00000| Untracked 
|  66|0x0000000688000000, 0x0000000688000000, 0x0000000688100000|  0%| F|  |TAMS 0x0000000688000000, 0x0000000688000000| Untracked 
|  67|0x0000000688100000, 0x0000000688100000, 0x0000000688200000|  0%| F|  |TAMS 0x0000000688100000, 0x0000000688100000| Untracked 
|  68|0x0000000688200000, 0x0000000688200000, 0x0000000688300000|  0%| F|  |TAMS 0x0000000688200000, 0x0000000688200000| Untracked 
|  69|0x0000000688300000, 0x0000000688300000, 0x0000000688400000|  0%| F|  |TAMS 0x0000000688300000, 0x0000000688300000| Untracked 
|  70|0x0000000688400000, 0x0000000688400000, 0x0000000688500000|  0%| F|  |TAMS 0x0000000688400000, 0x0000000688400000| Untracked 
|  71|0x0000000688500000, 0x0000000688500000, 0x0000000688600000|  0%| F|  |TAMS 0x0000000688500000, 0x0000000688500000| Untracked 
|  72|0x0000000688600000, 0x0000000688600000, 0x0000000688700000|  0%| F|  |TAMS 0x0000000688600000, 0x0000000688600000| Untracked 
|  73|0x0000000688700000, 0x0000000688700000, 0x0000000688800000|  0%| F|  |TAMS 0x0000000688700000, 0x0000000688700000| Untracked 
|  74|0x0000000688800000, 0x0000000688800000, 0x0000000688900000|  0%| F|  |TAMS 0x0000000688800000, 0x0000000688800000| Untracked 
|  75|0x0000000688900000, 0x0000000688900000, 0x0000000688a00000|  0%| F|  |TAMS 0x0000000688900000, 0x0000000688900000| Untracked 
|  76|0x0000000688a00000, 0x0000000688a00000, 0x0000000688b00000|  0%| F|  |TAMS 0x0000000688a00000, 0x0000000688a00000| Untracked 
|  77|0x0000000688b00000, 0x0000000688b00000, 0x0000000688c00000|  0%| F|  |TAMS 0x0000000688b00000, 0x0000000688b00000| Untracked 
|  78|0x0000000688c00000, 0x0000000688c00000, 0x0000000688d00000|  0%| F|  |TAMS 0x0000000688c00000, 0x0000000688c00000| Untracked 
|  79|0x0000000688d00000, 0x0000000688d00000, 0x0000000688e00000|  0%| F|  |TAMS 0x0000000688d00000, 0x0000000688d00000| Untracked 
|  80|0x0000000688e00000, 0x0000000688e00000, 0x0000000688f00000|  0%| F|  |TAMS 0x0000000688e00000, 0x0000000688e00000| Untracked 
|  81|0x0000000688f00000, 0x0000000688f00000, 0x0000000689000000|  0%| F|  |TAMS 0x0000000688f00000, 0x0000000688f00000| Untracked 
|  82|0x0000000689000000, 0x0000000689000000, 0x0000000689100000|  0%| F|  |TAMS 0x0000000689000000, 0x0000000689000000| Untracked 
|  83|0x0000000689100000, 0x0000000689100000, 0x0000000689200000|  0%| F|  |TAMS 0x0000000689100000, 0x0000000689100000| Untracked 
|  84|0x0000000689200000, 0x0000000689200000, 0x0000000689300000|  0%| F|  |TAMS 0x0000000689200000, 0x0000000689200000| Untracked 
|  85|0x0000000689300000, 0x0000000689300000, 0x0000000689400000|  0%| F|  |TAMS 0x0000000689300000, 0x0000000689300000| Untracked 
|  86|0x0000000689400000, 0x0000000689400000, 0x0000000689500000|  0%| F|  |TAMS 0x0000000689400000, 0x0000000689400000| Untracked 
|  87|0x0000000689500000, 0x0000000689500000, 0x0000000689600000|  0%| F|  |TAMS 0x0000000689500000, 0x0000000689500000| Untracked 
|  88|0x0000000689600000, 0x0000000689600000, 0x0000000689700000|  0%| F|  |TAMS 0x0000000689600000, 0x0000000689600000| Untracked 
|  89|0x0000000689700000, 0x0000000689700000, 0x0000000689800000|  0%| F|  |TAMS 0x0000000689700000, 0x0000000689700000| Untracked 
|  90|0x0000000689800000, 0x0000000689800000, 0x0000000689900000|  0%| F|  |TAMS 0x0000000689800000, 0x0000000689800000| Untracked 
|  91|0x0000000689900000, 0x0000000689900000, 0x0000000689a00000|  0%| F|  |TAMS 0x0000000689900000, 0x0000000689900000| Untracked 
|  92|0x0000000689a00000, 0x0000000689a00000, 0x0000000689b00000|  0%| F|  |TAMS 0x0000000689a00000, 0x0000000689a00000| Untracked 
|  93|0x0000000689b00000, 0x0000000689b00000, 0x0000000689c00000|  0%| F|  |TAMS 0x0000000689b00000, 0x0000000689b00000| Untracked 
|  94|0x0000000689c00000, 0x0000000689c00000, 0x0000000689d00000|  0%| F|  |TAMS 0x0000000689c00000, 0x0000000689c00000| Untracked 
|  95|0x0000000689d00000, 0x0000000689d00000, 0x0000000689e00000|  0%| F|  |TAMS 0x0000000689d00000, 0x0000000689d00000| Untracked 
|  96|0x0000000689e00000, 0x0000000689e00000, 0x0000000689f00000|  0%| F|  |TAMS 0x0000000689e00000, 0x0000000689e00000| Untracked 
|  97|0x0000000689f00000, 0x0000000689f00000, 0x000000068a000000|  0%| F|  |TAMS 0x0000000689f00000, 0x0000000689f00000| Untracked 
|  98|0x000000068a000000, 0x000000068a000000, 0x000000068a100000|  0%| F|  |TAMS 0x000000068a000000, 0x000000068a000000| Untracked 
|  99|0x000000068a100000, 0x000000068a100000, 0x000000068a200000|  0%| F|  |TAMS 0x000000068a100000, 0x000000068a100000| Untracked 
| 100|0x000000068a200000, 0x000000068a200000, 0x000000068a300000|  0%| F|  |TAMS 0x000000068a200000, 0x000000068a200000| Untracked 
| 101|0x000000068a300000, 0x000000068a300000, 0x000000068a400000|  0%| F|  |TAMS 0x000000068a300000, 0x000000068a300000| Untracked 
| 102|0x000000068a400000, 0x000000068a400000, 0x000000068a500000|  0%| F|  |TAMS 0x000000068a400000, 0x000000068a400000| Untracked 
| 103|0x000000068a500000, 0x000000068a500000, 0x000000068a600000|  0%| F|  |TAMS 0x000000068a500000, 0x000000068a500000| Untracked 
| 104|0x000000068a600000, 0x000000068a600000, 0x000000068a700000|  0%| F|  |TAMS 0x000000068a600000, 0x000000068a600000| Untracked 
| 105|0x000000068a700000, 0x000000068a700000, 0x000000068a800000|  0%| F|  |TAMS 0x000000068a700000, 0x000000068a700000| Untracked 
| 106|0x000000068a800000, 0x000000068a800000, 0x000000068a900000|  0%| F|  |TAMS 0x000000068a800000, 0x000000068a800000| Untracked 
| 107|0x000000068a900000, 0x000000068a900000, 0x000000068aa00000|  0%| F|  |TAMS 0x000000068a900000, 0x000000068a900000| Untracked 
| 108|0x000000068aa00000, 0x000000068aa00000, 0x000000068ab00000|  0%| F|  |TAMS 0x000000068aa00000, 0x000000068aa00000| Untracked 
| 109|0x000000068ab00000, 0x000000068ab00000, 0x000000068ac00000|  0%| F|  |TAMS 0x000000068ab00000, 0x000000068ab00000| Untracked 
| 110|0x000000068ac00000, 0x000000068ac00000, 0x000000068ad00000|  0%| F|  |TAMS 0x000000068ac00000, 0x000000068ac00000| Untracked 
| 111|0x000000068ad00000, 0x000000068ad00000, 0x000000068ae00000|  0%| F|  |TAMS 0x000000068ad00000, 0x000000068ad00000| Untracked 
| 112|0x000000068ae00000, 0x000000068ae00000, 0x000000068af00000|  0%| F|  |TAMS 0x000000068ae00000, 0x000000068ae00000| Untracked 
| 113|0x000000068af00000, 0x000000068af00000, 0x000000068b000000|  0%| F|  |TAMS 0x000000068af00000, 0x000000068af00000| Untracked 
| 114|0x000000068b000000, 0x000000068b000000, 0x000000068b100000|  0%| F|  |TAMS 0x000000068b000000, 0x000000068b000000| Untracked 
| 115|0x000000068b100000, 0x000000068b100000, 0x000000068b200000|  0%| F|  |TAMS 0x000000068b100000, 0x000000068b100000| Untracked 
| 116|0x000000068b200000, 0x000000068b200000, 0x000000068b300000|  0%| F|  |TAMS 0x000000068b200000, 0x000000068b200000| Untracked 
| 117|0x000000068b300000, 0x000000068b300000, 0x000000068b400000|  0%| F|  |TAMS 0x000000068b300000, 0x000000068b300000| Untracked 
| 118|0x000000068b400000, 0x000000068b400000, 0x000000068b500000|  0%| F|  |TAMS 0x000000068b400000, 0x000000068b400000| Untracked 
| 119|0x000000068b500000, 0x000000068b500000, 0x000000068b600000|  0%| F|  |TAMS 0x000000068b500000, 0x000000068b500000| Untracked 
| 120|0x000000068b600000, 0x000000068b600000, 0x000000068b700000|  0%| F|  |TAMS 0x000000068b600000, 0x000000068b600000| Untracked 
| 121|0x000000068b700000, 0x000000068b700000, 0x000000068b800000|  0%| F|  |TAMS 0x000000068b700000, 0x000000068b700000| Untracked 
| 122|0x000000068b800000, 0x000000068b800000, 0x000000068b900000|  0%| F|  |TAMS 0x000000068b800000, 0x000000068b800000| Untracked 
| 123|0x000000068b900000, 0x000000068b900000, 0x000000068ba00000|  0%| F|  |TAMS 0x000000068b900000, 0x000000068b900000| Untracked 
| 124|0x000000068ba00000, 0x000000068ba00000, 0x000000068bb00000|  0%| F|  |TAMS 0x000000068ba00000, 0x000000068ba00000| Untracked 
| 125|0x000000068bb00000, 0x000000068bb00000, 0x000000068bc00000|  0%| F|  |TAMS 0x000000068bb00000, 0x000000068bb00000| Untracked 
| 126|0x000000068bc00000, 0x000000068bc00000, 0x000000068bd00000|  0%| F|  |TAMS 0x000000068bc00000, 0x000000068bc00000| Untracked 
| 127|0x000000068bd00000, 0x000000068bd00000, 0x000000068be00000|  0%| F|  |TAMS 0x000000068bd00000, 0x000000068bd00000| Untracked 
| 128|0x000000068be00000, 0x000000068be00000, 0x000000068bf00000|  0%| F|  |TAMS 0x000000068be00000, 0x000000068be00000| Untracked 
| 129|0x000000068bf00000, 0x000000068bf00000, 0x000000068c000000|  0%| F|  |TAMS 0x000000068bf00000, 0x000000068bf00000| Untracked 
| 130|0x000000068c000000, 0x000000068c000000, 0x000000068c100000|  0%| F|  |TAMS 0x000000068c000000, 0x000000068c000000| Untracked 
| 131|0x000000068c100000, 0x000000068c100000, 0x000000068c200000|  0%| F|  |TAMS 0x000000068c100000, 0x000000068c100000| Untracked 
| 132|0x000000068c200000, 0x000000068c200000, 0x000000068c300000|  0%| F|  |TAMS 0x000000068c200000, 0x000000068c200000| Untracked 
| 133|0x000000068c300000, 0x000000068c300000, 0x000000068c400000|  0%| F|  |TAMS 0x000000068c300000, 0x000000068c300000| Untracked 
| 134|0x000000068c400000, 0x000000068c400000, 0x000000068c500000|  0%| F|  |TAMS 0x000000068c400000, 0x000000068c400000| Untracked 
| 135|0x000000068c500000, 0x000000068c500000, 0x000000068c600000|  0%| F|  |TAMS 0x000000068c500000, 0x000000068c500000| Untracked 
| 136|0x000000068c600000, 0x000000068c600000, 0x000000068c700000|  0%| F|  |TAMS 0x000000068c600000, 0x000000068c600000| Untracked 
| 137|0x000000068c700000, 0x000000068c700000, 0x000000068c800000|  0%| F|  |TAMS 0x000000068c700000, 0x000000068c700000| Untracked 
| 138|0x000000068c800000, 0x000000068c800000, 0x000000068c900000|  0%| F|  |TAMS 0x000000068c800000, 0x000000068c800000| Untracked 
| 139|0x000000068c900000, 0x000000068c900000, 0x000000068ca00000|  0%| F|  |TAMS 0x000000068c900000, 0x000000068c900000| Untracked 
| 140|0x000000068ca00000, 0x000000068ca00000, 0x000000068cb00000|  0%| F|  |TAMS 0x000000068ca00000, 0x000000068ca00000| Untracked 
| 141|0x000000068cb00000, 0x000000068cb00000, 0x000000068cc00000|  0%| F|  |TAMS 0x000000068cb00000, 0x000000068cb00000| Untracked 
| 142|0x000000068cc00000, 0x000000068cc00000, 0x000000068cd00000|  0%| F|  |TAMS 0x000000068cc00000, 0x000000068cc00000| Untracked 
| 143|0x000000068cd00000, 0x000000068cd00000, 0x000000068ce00000|  0%| F|  |TAMS 0x000000068cd00000, 0x000000068cd00000| Untracked 
| 144|0x000000068ce00000, 0x000000068ce00000, 0x000000068cf00000|  0%| F|  |TAMS 0x000000068ce00000, 0x000000068ce00000| Untracked 
| 145|0x000000068cf00000, 0x000000068cf00000, 0x000000068d000000|  0%| F|  |TAMS 0x000000068cf00000, 0x000000068cf00000| Untracked 
| 146|0x000000068d000000, 0x000000068d000000, 0x000000068d100000|  0%| F|  |TAMS 0x000000068d000000, 0x000000068d000000| Untracked 
| 147|0x000000068d100000, 0x000000068d100000, 0x000000068d200000|  0%| F|  |TAMS 0x000000068d100000, 0x000000068d100000| Untracked 
| 148|0x000000068d200000, 0x000000068d200000, 0x000000068d300000|  0%| F|  |TAMS 0x000000068d200000, 0x000000068d200000| Untracked 
| 149|0x000000068d300000, 0x000000068d300000, 0x000000068d400000|  0%| F|  |TAMS 0x000000068d300000, 0x000000068d300000| Untracked 
| 150|0x000000068d400000, 0x000000068d400000, 0x000000068d500000|  0%| F|  |TAMS 0x000000068d400000, 0x000000068d400000| Untracked 
| 151|0x000000068d500000, 0x000000068d500000, 0x000000068d600000|  0%| F|  |TAMS 0x000000068d500000, 0x000000068d500000| Untracked 
| 152|0x000000068d600000, 0x000000068d600000, 0x000000068d700000|  0%| F|  |TAMS 0x000000068d600000, 0x000000068d600000| Untracked 
| 153|0x000000068d700000, 0x000000068d700000, 0x000000068d800000|  0%| F|  |TAMS 0x000000068d700000, 0x000000068d700000| Untracked 
| 154|0x000000068d800000, 0x000000068d800000, 0x000000068d900000|  0%| F|  |TAMS 0x000000068d800000, 0x000000068d800000| Untracked 
| 155|0x000000068d900000, 0x000000068d900000, 0x000000068da00000|  0%| F|  |TAMS 0x000000068d900000, 0x000000068d900000| Untracked 
| 156|0x000000068da00000, 0x000000068da00000, 0x000000068db00000|  0%| F|  |TAMS 0x000000068da00000, 0x000000068da00000| Untracked 
| 157|0x000000068db00000, 0x000000068db00000, 0x000000068dc00000|  0%| F|  |TAMS 0x000000068db00000, 0x000000068db00000| Untracked 
| 158|0x000000068dc00000, 0x000000068dc00000, 0x000000068dd00000|  0%| F|  |TAMS 0x000000068dc00000, 0x000000068dc00000| Untracked 
| 159|0x000000068dd00000, 0x000000068dd00000, 0x000000068de00000|  0%| F|  |TAMS 0x000000068dd00000, 0x000000068dd00000| Untracked 
| 160|0x000000068de00000, 0x000000068de00000, 0x000000068df00000|  0%| F|  |TAMS 0x000000068de00000, 0x000000068de00000| Untracked 
| 161|0x000000068df00000, 0x000000068df00000, 0x000000068e000000|  0%| F|  |TAMS 0x000000068df00000, 0x000000068df00000| Untracked 
| 162|0x000000068e000000, 0x000000068e000000, 0x000000068e100000|  0%| F|  |TAMS 0x000000068e000000, 0x000000068e000000| Untracked 
| 163|0x000000068e100000, 0x000000068e100000, 0x000000068e200000|  0%| F|  |TAMS 0x000000068e100000, 0x000000068e100000| Untracked 
| 164|0x000000068e200000, 0x000000068e200000, 0x000000068e300000|  0%| F|  |TAMS 0x000000068e200000, 0x000000068e200000| Untracked 
| 165|0x000000068e300000, 0x000000068e300000, 0x000000068e400000|  0%| F|  |TAMS 0x000000068e300000, 0x000000068e300000| Untracked 
| 166|0x000000068e400000, 0x000000068e400000, 0x000000068e500000|  0%| F|  |TAMS 0x000000068e400000, 0x000000068e400000| Untracked 
| 167|0x000000068e500000, 0x000000068e500000, 0x000000068e600000|  0%| F|  |TAMS 0x000000068e500000, 0x000000068e500000| Untracked 
| 168|0x000000068e600000, 0x000000068e600000, 0x000000068e700000|  0%| F|  |TAMS 0x000000068e600000, 0x000000068e600000| Untracked 
| 169|0x000000068e700000, 0x000000068e700000, 0x000000068e800000|  0%| F|  |TAMS 0x000000068e700000, 0x000000068e700000| Untracked 
| 170|0x000000068e800000, 0x000000068e800000, 0x000000068e900000|  0%| F|  |TAMS 0x000000068e800000, 0x000000068e800000| Untracked 
| 171|0x000000068e900000, 0x000000068e900000, 0x000000068ea00000|  0%| F|  |TAMS 0x000000068e900000, 0x000000068e900000| Untracked 
| 172|0x000000068ea00000, 0x000000068eac7870, 0x000000068eb00000| 77%| S|CS|TAMS 0x000000068ea00000, 0x000000068ea00000| Complete 
| 173|0x000000068eb00000, 0x000000068ec00000, 0x000000068ec00000|100%| S|CS|TAMS 0x000000068eb00000, 0x000000068eb00000| Complete 
| 174|0x000000068ec00000, 0x000000068ed00000, 0x000000068ed00000|100%| S|CS|TAMS 0x000000068ec00000, 0x000000068ec00000| Complete 
| 175|0x000000068ed00000, 0x000000068ee00000, 0x000000068ee00000|100%| S|CS|TAMS 0x000000068ed00000, 0x000000068ed00000| Complete 
| 176|0x000000068ee00000, 0x000000068ef00000, 0x000000068ef00000|100%| S|CS|TAMS 0x000000068ee00000, 0x000000068ee00000| Complete 
| 177|0x000000068ef00000, 0x000000068f000000, 0x000000068f000000|100%| S|CS|TAMS 0x000000068ef00000, 0x000000068ef00000| Complete 
| 178|0x000000068f000000, 0x000000068f100000, 0x000000068f100000|100%| S|CS|TAMS 0x000000068f000000, 0x000000068f000000| Complete 
| 179|0x000000068f100000, 0x000000068f100000, 0x000000068f200000|  0%| F|  |TAMS 0x000000068f100000, 0x000000068f100000| Untracked 
| 180|0x000000068f200000, 0x000000068f200000, 0x000000068f300000|  0%| F|  |TAMS 0x000000068f200000, 0x000000068f200000| Untracked 
| 181|0x000000068f300000, 0x000000068f300000, 0x000000068f400000|  0%| F|  |TAMS 0x000000068f300000, 0x000000068f300000| Untracked 
| 182|0x000000068f400000, 0x000000068f400000, 0x000000068f500000|  0%| F|  |TAMS 0x000000068f400000, 0x000000068f400000| Untracked 
| 183|0x000000068f500000, 0x000000068f500000, 0x000000068f600000|  0%| F|  |TAMS 0x000000068f500000, 0x000000068f500000| Untracked 
| 184|0x000000068f600000, 0x000000068f600000, 0x000000068f700000|  0%| F|  |TAMS 0x000000068f600000, 0x000000068f600000| Untracked 
| 185|0x000000068f700000, 0x000000068f700000, 0x000000068f800000|  0%| F|  |TAMS 0x000000068f700000, 0x000000068f700000| Untracked 
| 186|0x000000068f800000, 0x000000068f800000, 0x000000068f900000|  0%| F|  |TAMS 0x000000068f800000, 0x000000068f800000| Untracked 
| 187|0x000000068f900000, 0x000000068f900000, 0x000000068fa00000|  0%| F|  |TAMS 0x000000068f900000, 0x000000068f900000| Untracked 
| 188|0x000000068fa00000, 0x000000068fa00000, 0x000000068fb00000|  0%| F|  |TAMS 0x000000068fa00000, 0x000000068fa00000| Untracked 
| 189|0x000000068fb00000, 0x000000068fb00000, 0x000000068fc00000|  0%| F|  |TAMS 0x000000068fb00000, 0x000000068fb00000| Untracked 
| 190|0x000000068fc00000, 0x000000068fc00000, 0x000000068fd00000|  0%| F|  |TAMS 0x000000068fc00000, 0x000000068fc00000| Untracked 
| 191|0x000000068fd00000, 0x000000068fd00000, 0x000000068fe00000|  0%| F|  |TAMS 0x000000068fd00000, 0x000000068fd00000| Untracked 
| 192|0x000000068fe00000, 0x000000068fe00000, 0x000000068ff00000|  0%| F|  |TAMS 0x000000068fe00000, 0x000000068fe00000| Untracked 
| 193|0x000000068ff00000, 0x000000068ff00000, 0x0000000690000000|  0%| F|  |TAMS 0x000000068ff00000, 0x000000068ff00000| Untracked 
| 194|0x0000000690000000, 0x0000000690000000, 0x0000000690100000|  0%| F|  |TAMS 0x0000000690000000, 0x0000000690000000| Untracked 
| 195|0x0000000690100000, 0x0000000690100000, 0x0000000690200000|  0%| F|  |TAMS 0x0000000690100000, 0x0000000690100000| Untracked 
| 196|0x0000000690200000, 0x0000000690200000, 0x0000000690300000|  0%| F|  |TAMS 0x0000000690200000, 0x0000000690200000| Untracked 
| 197|0x0000000690300000, 0x0000000690300000, 0x0000000690400000|  0%| F|  |TAMS 0x0000000690300000, 0x0000000690300000| Untracked 
| 198|0x0000000690400000, 0x0000000690400000, 0x0000000690500000|  0%| F|  |TAMS 0x0000000690400000, 0x0000000690400000| Untracked 
| 199|0x0000000690500000, 0x0000000690500000, 0x0000000690600000|  0%| F|  |TAMS 0x0000000690500000, 0x0000000690500000| Untracked 
| 200|0x0000000690600000, 0x0000000690600000, 0x0000000690700000|  0%| F|  |TAMS 0x0000000690600000, 0x0000000690600000| Untracked 
| 201|0x0000000690700000, 0x0000000690700000, 0x0000000690800000|  0%| F|  |TAMS 0x0000000690700000, 0x0000000690700000| Untracked 
| 202|0x0000000690800000, 0x0000000690800000, 0x0000000690900000|  0%| F|  |TAMS 0x0000000690800000, 0x0000000690800000| Untracked 
| 203|0x0000000690900000, 0x0000000690900000, 0x0000000690a00000|  0%| F|  |TAMS 0x0000000690900000, 0x0000000690900000| Untracked 
| 204|0x0000000690a00000, 0x0000000690a00000, 0x0000000690b00000|  0%| F|  |TAMS 0x0000000690a00000, 0x0000000690a00000| Untracked 
| 205|0x0000000690b00000, 0x0000000690b00000, 0x0000000690c00000|  0%| F|  |TAMS 0x0000000690b00000, 0x0000000690b00000| Untracked 
| 206|0x0000000690c00000, 0x0000000690c00000, 0x0000000690d00000|  0%| F|  |TAMS 0x0000000690c00000, 0x0000000690c00000| Untracked 
| 207|0x0000000690d00000, 0x0000000690d80800, 0x0000000690e00000| 50%| E|  |TAMS 0x0000000690d00000, 0x0000000690d00000| Complete 
| 208|0x0000000690e00000, 0x0000000690f00000, 0x0000000690f00000|100%| E|CS|TAMS 0x0000000690e00000, 0x0000000690e00000| Complete 
| 209|0x0000000690f00000, 0x0000000691000000, 0x0000000691000000|100%| E|CS|TAMS 0x0000000690f00000, 0x0000000690f00000| Complete 
| 210|0x0000000691000000, 0x0000000691100000, 0x0000000691100000|100%| E|CS|TAMS 0x0000000691000000, 0x0000000691000000| Complete 
| 211|0x0000000691100000, 0x0000000691200000, 0x0000000691200000|100%| E|CS|TAMS 0x0000000691100000, 0x0000000691100000| Complete 
| 212|0x0000000691200000, 0x0000000691300000, 0x0000000691300000|100%| E|CS|TAMS 0x0000000691200000, 0x0000000691200000| Complete 
| 213|0x0000000691300000, 0x0000000691400000, 0x0000000691400000|100%| E|CS|TAMS 0x0000000691300000, 0x0000000691300000| Complete 
| 214|0x0000000691400000, 0x0000000691500000, 0x0000000691500000|100%| E|CS|TAMS 0x0000000691400000, 0x0000000691400000| Complete 
| 215|0x0000000691500000, 0x0000000691600000, 0x0000000691600000|100%| E|CS|TAMS 0x0000000691500000, 0x0000000691500000| Complete 
| 216|0x0000000691600000, 0x0000000691700000, 0x0000000691700000|100%| E|CS|TAMS 0x0000000691600000, 0x0000000691600000| Complete 
| 217|0x0000000691700000, 0x0000000691800000, 0x0000000691800000|100%| E|CS|TAMS 0x0000000691700000, 0x0000000691700000| Complete 
| 218|0x0000000691800000, 0x0000000691900000, 0x0000000691900000|100%| E|CS|TAMS 0x0000000691800000, 0x0000000691800000| Complete 
| 219|0x0000000691900000, 0x0000000691a00000, 0x0000000691a00000|100%| E|CS|TAMS 0x0000000691900000, 0x0000000691900000| Complete 
| 220|0x0000000691a00000, 0x0000000691b00000, 0x0000000691b00000|100%| E|CS|TAMS 0x0000000691a00000, 0x0000000691a00000| Complete 
| 221|0x0000000691b00000, 0x0000000691c00000, 0x0000000691c00000|100%| E|CS|TAMS 0x0000000691b00000, 0x0000000691b00000| Complete 
| 222|0x0000000691c00000, 0x0000000691d00000, 0x0000000691d00000|100%| E|CS|TAMS 0x0000000691c00000, 0x0000000691c00000| Complete 
| 223|0x0000000691d00000, 0x0000000691e00000, 0x0000000691e00000|100%| E|CS|TAMS 0x0000000691d00000, 0x0000000691d00000| Complete 
| 224|0x0000000691e00000, 0x0000000691f00000, 0x0000000691f00000|100%| E|CS|TAMS 0x0000000691e00000, 0x0000000691e00000| Complete 
| 225|0x0000000691f00000, 0x0000000692000000, 0x0000000692000000|100%| E|CS|TAMS 0x0000000691f00000, 0x0000000691f00000| Complete 
| 226|0x0000000692000000, 0x0000000692100000, 0x0000000692100000|100%| E|CS|TAMS 0x0000000692000000, 0x0000000692000000| Complete 
| 227|0x0000000692100000, 0x0000000692200000, 0x0000000692200000|100%| E|CS|TAMS 0x0000000692100000, 0x0000000692100000| Complete 
| 228|0x0000000692200000, 0x0000000692300000, 0x0000000692300000|100%| E|CS|TAMS 0x0000000692200000, 0x0000000692200000| Complete 
| 229|0x0000000692300000, 0x0000000692400000, 0x0000000692400000|100%| E|CS|TAMS 0x0000000692300000, 0x0000000692300000| Complete 
| 230|0x0000000692400000, 0x0000000692500000, 0x0000000692500000|100%| E|CS|TAMS 0x0000000692400000, 0x0000000692400000| Complete 
| 231|0x0000000692500000, 0x0000000692600000, 0x0000000692600000|100%| E|CS|TAMS 0x0000000692500000, 0x0000000692500000| Complete 
| 232|0x0000000692600000, 0x0000000692700000, 0x0000000692700000|100%| E|CS|TAMS 0x0000000692600000, 0x0000000692600000| Complete 
| 233|0x0000000692700000, 0x0000000692800000, 0x0000000692800000|100%| E|CS|TAMS 0x0000000692700000, 0x0000000692700000| Complete 
| 234|0x0000000692800000, 0x0000000692900000, 0x0000000692900000|100%| E|CS|TAMS 0x0000000692800000, 0x0000000692800000| Complete 
| 235|0x0000000692900000, 0x0000000692a00000, 0x0000000692a00000|100%| E|CS|TAMS 0x0000000692900000, 0x0000000692900000| Complete 
| 236|0x0000000692a00000, 0x0000000692b00000, 0x0000000692b00000|100%| E|CS|TAMS 0x0000000692a00000, 0x0000000692a00000| Complete 
| 237|0x0000000692b00000, 0x0000000692c00000, 0x0000000692c00000|100%| E|CS|TAMS 0x0000000692b00000, 0x0000000692b00000| Complete 
| 238|0x0000000692c00000, 0x0000000692d00000, 0x0000000692d00000|100%| E|CS|TAMS 0x0000000692c00000, 0x0000000692c00000| Complete 
| 239|0x0000000692d00000, 0x0000000692e00000, 0x0000000692e00000|100%| E|CS|TAMS 0x0000000692d00000, 0x0000000692d00000| Complete 
| 240|0x0000000692e00000, 0x0000000692f00000, 0x0000000692f00000|100%| E|CS|TAMS 0x0000000692e00000, 0x0000000692e00000| Complete 
| 241|0x0000000692f00000, 0x0000000693000000, 0x0000000693000000|100%| E|CS|TAMS 0x0000000692f00000, 0x0000000692f00000| Complete 
| 242|0x0000000693000000, 0x0000000693100000, 0x0000000693100000|100%| E|CS|TAMS 0x0000000693000000, 0x0000000693000000| Complete 
| 243|0x0000000693100000, 0x0000000693200000, 0x0000000693200000|100%| E|CS|TAMS 0x0000000693100000, 0x0000000693100000| Complete 
| 244|0x0000000693200000, 0x0000000693300000, 0x0000000693300000|100%| E|CS|TAMS 0x0000000693200000, 0x0000000693200000| Complete 
| 245|0x0000000693300000, 0x0000000693400000, 0x0000000693400000|100%| E|CS|TAMS 0x0000000693300000, 0x0000000693300000| Complete 
| 246|0x0000000693400000, 0x0000000693500000, 0x0000000693500000|100%| E|CS|TAMS 0x0000000693400000, 0x0000000693400000| Complete 
| 247|0x0000000693500000, 0x0000000693600000, 0x0000000693600000|100%| E|CS|TAMS 0x0000000693500000, 0x0000000693500000| Complete 
| 248|0x0000000693600000, 0x0000000693700000, 0x0000000693700000|100%| E|CS|TAMS 0x0000000693600000, 0x0000000693600000| Complete 
| 249|0x0000000693700000, 0x0000000693800000, 0x0000000693800000|100%| E|CS|TAMS 0x0000000693700000, 0x0000000693700000| Complete 
| 250|0x0000000693800000, 0x0000000693900000, 0x0000000693900000|100%| E|CS|TAMS 0x0000000693800000, 0x0000000693800000| Complete 
| 251|0x0000000693900000, 0x0000000693a00000, 0x0000000693a00000|100%| E|CS|TAMS 0x0000000693900000, 0x0000000693900000| Complete 
| 252|0x0000000693a00000, 0x0000000693b00000, 0x0000000693b00000|100%| E|CS|TAMS 0x0000000693a00000, 0x0000000693a00000| Complete 
| 253|0x0000000693b00000, 0x0000000693c00000, 0x0000000693c00000|100%| E|CS|TAMS 0x0000000693b00000, 0x0000000693b00000| Complete 
| 254|0x0000000693c00000, 0x0000000693d00000, 0x0000000693d00000|100%| E|CS|TAMS 0x0000000693c00000, 0x0000000693c00000| Complete 
| 255|0x0000000693d00000, 0x0000000693e00000, 0x0000000693e00000|100%| E|CS|TAMS 0x0000000693d00000, 0x0000000693d00000| Complete 
| 256|0x0000000693e00000, 0x0000000693f00000, 0x0000000693f00000|100%| E|CS|TAMS 0x0000000693e00000, 0x0000000693e00000| Complete 
| 257|0x0000000693f00000, 0x0000000694000000, 0x0000000694000000|100%| E|CS|TAMS 0x0000000693f00000, 0x0000000693f00000| Complete 
| 258|0x0000000694000000, 0x0000000694100000, 0x0000000694100000|100%| E|CS|TAMS 0x0000000694000000, 0x0000000694000000| Complete 
| 259|0x0000000694100000, 0x0000000694200000, 0x0000000694200000|100%| E|CS|TAMS 0x0000000694100000, 0x0000000694100000| Complete 
| 260|0x0000000694200000, 0x0000000694300000, 0x0000000694300000|100%| E|CS|TAMS 0x0000000694200000, 0x0000000694200000| Complete 
| 261|0x0000000694300000, 0x0000000694400000, 0x0000000694400000|100%| E|CS|TAMS 0x0000000694300000, 0x0000000694300000| Complete 
| 262|0x0000000694400000, 0x0000000694500000, 0x0000000694500000|100%| E|CS|TAMS 0x0000000694400000, 0x0000000694400000| Complete 
| 263|0x0000000694500000, 0x0000000694600000, 0x0000000694600000|100%| E|CS|TAMS 0x0000000694500000, 0x0000000694500000| Complete 
| 264|0x0000000694600000, 0x0000000694700000, 0x0000000694700000|100%| E|CS|TAMS 0x0000000694600000, 0x0000000694600000| Complete 
| 265|0x0000000694700000, 0x0000000694800000, 0x0000000694800000|100%| E|CS|TAMS 0x0000000694700000, 0x0000000694700000| Complete 
| 266|0x0000000694800000, 0x0000000694900000, 0x0000000694900000|100%| E|CS|TAMS 0x0000000694800000, 0x0000000694800000| Complete 
| 267|0x0000000694900000, 0x0000000694a00000, 0x0000000694a00000|100%| E|CS|TAMS 0x0000000694900000, 0x0000000694900000| Complete 
| 268|0x0000000694a00000, 0x0000000694b00000, 0x0000000694b00000|100%| E|CS|TAMS 0x0000000694a00000, 0x0000000694a00000| Complete 
| 269|0x0000000694b00000, 0x0000000694c00000, 0x0000000694c00000|100%| E|CS|TAMS 0x0000000694b00000, 0x0000000694b00000| Complete 
| 270|0x0000000694c00000, 0x0000000694d00000, 0x0000000694d00000|100%| E|CS|TAMS 0x0000000694c00000, 0x0000000694c00000| Complete 
| 271|0x0000000694d00000, 0x0000000694e00000, 0x0000000694e00000|100%| E|CS|TAMS 0x0000000694d00000, 0x0000000694d00000| Complete 
| 272|0x0000000694e00000, 0x0000000694f00000, 0x0000000694f00000|100%| E|CS|TAMS 0x0000000694e00000, 0x0000000694e00000| Complete 
| 273|0x0000000694f00000, 0x0000000695000000, 0x0000000695000000|100%| E|CS|TAMS 0x0000000694f00000, 0x0000000694f00000| Complete 
| 274|0x0000000695000000, 0x0000000695100000, 0x0000000695100000|100%| E|CS|TAMS 0x0000000695000000, 0x0000000695000000| Complete 
| 275|0x0000000695100000, 0x0000000695200000, 0x0000000695200000|100%| E|CS|TAMS 0x0000000695100000, 0x0000000695100000| Complete 
| 276|0x0000000695200000, 0x0000000695300000, 0x0000000695300000|100%| E|CS|TAMS 0x0000000695200000, 0x0000000695200000| Complete 
| 277|0x0000000695300000, 0x0000000695400000, 0x0000000695400000|100%| E|CS|TAMS 0x0000000695300000, 0x0000000695300000| Complete 
| 278|0x0000000695400000, 0x0000000695500000, 0x0000000695500000|100%| E|CS|TAMS 0x0000000695400000, 0x0000000695400000| Complete 
| 279|0x0000000695500000, 0x0000000695600000, 0x0000000695600000|100%| E|CS|TAMS 0x0000000695500000, 0x0000000695500000| Complete 
| 280|0x0000000695600000, 0x0000000695700000, 0x0000000695700000|100%| E|CS|TAMS 0x0000000695600000, 0x0000000695600000| Complete 
| 281|0x0000000695700000, 0x0000000695800000, 0x0000000695800000|100%| E|CS|TAMS 0x0000000695700000, 0x0000000695700000| Complete 
| 282|0x0000000695800000, 0x0000000695900000, 0x0000000695900000|100%| E|CS|TAMS 0x0000000695800000, 0x0000000695800000| Complete 
| 283|0x0000000695900000, 0x0000000695a00000, 0x0000000695a00000|100%| E|CS|TAMS 0x0000000695900000, 0x0000000695900000| Complete 
| 284|0x0000000695a00000, 0x0000000695b00000, 0x0000000695b00000|100%| E|CS|TAMS 0x0000000695a00000, 0x0000000695a00000| Complete 
| 285|0x0000000695b00000, 0x0000000695c00000, 0x0000000695c00000|100%| E|CS|TAMS 0x0000000695b00000, 0x0000000695b00000| Complete 
| 286|0x0000000695c00000, 0x0000000695d00000, 0x0000000695d00000|100%| E|CS|TAMS 0x0000000695c00000, 0x0000000695c00000| Complete 
| 287|0x0000000695d00000, 0x0000000695e00000, 0x0000000695e00000|100%| E|CS|TAMS 0x0000000695d00000, 0x0000000695d00000| Complete 
| 288|0x0000000695e00000, 0x0000000695f00000, 0x0000000695f00000|100%| E|CS|TAMS 0x0000000695e00000, 0x0000000695e00000| Complete 
| 289|0x0000000695f00000, 0x0000000696000000, 0x0000000696000000|100%| E|CS|TAMS 0x0000000695f00000, 0x0000000695f00000| Complete 
| 290|0x0000000696000000, 0x0000000696100000, 0x0000000696100000|100%| E|CS|TAMS 0x0000000696000000, 0x0000000696000000| Complete 
| 291|0x0000000696100000, 0x0000000696200000, 0x0000000696200000|100%| E|CS|TAMS 0x0000000696100000, 0x0000000696100000| Complete 
| 292|0x0000000696200000, 0x0000000696300000, 0x0000000696300000|100%| E|CS|TAMS 0x0000000696200000, 0x0000000696200000| Complete 
| 293|0x0000000696300000, 0x0000000696400000, 0x0000000696400000|100%| E|CS|TAMS 0x0000000696300000, 0x0000000696300000| Complete 
| 294|0x0000000696400000, 0x0000000696500000, 0x0000000696500000|100%| E|CS|TAMS 0x0000000696400000, 0x0000000696400000| Complete 
| 295|0x0000000696500000, 0x0000000696600000, 0x0000000696600000|100%| E|CS|TAMS 0x0000000696500000, 0x0000000696500000| Complete 
| 296|0x0000000696600000, 0x0000000696700000, 0x0000000696700000|100%| E|CS|TAMS 0x0000000696600000, 0x0000000696600000| Complete 
| 297|0x0000000696700000, 0x0000000696800000, 0x0000000696800000|100%| E|CS|TAMS 0x0000000696700000, 0x0000000696700000| Complete 
| 298|0x0000000696800000, 0x0000000696900000, 0x0000000696900000|100%| E|CS|TAMS 0x0000000696800000, 0x0000000696800000| Complete 
| 299|0x0000000696900000, 0x0000000696a00000, 0x0000000696a00000|100%| E|CS|TAMS 0x0000000696900000, 0x0000000696900000| Complete 
| 300|0x0000000696a00000, 0x0000000696b00000, 0x0000000696b00000|100%| E|CS|TAMS 0x0000000696a00000, 0x0000000696a00000| Complete 
| 301|0x0000000696b00000, 0x0000000696c00000, 0x0000000696c00000|100%| E|CS|TAMS 0x0000000696b00000, 0x0000000696b00000| Complete 
| 302|0x0000000696c00000, 0x0000000696d00000, 0x0000000696d00000|100%| E|CS|TAMS 0x0000000696c00000, 0x0000000696c00000| Complete 
| 303|0x0000000696d00000, 0x0000000696e00000, 0x0000000696e00000|100%| E|CS|TAMS 0x0000000696d00000, 0x0000000696d00000| Complete 
| 304|0x0000000696e00000, 0x0000000696f00000, 0x0000000696f00000|100%| E|CS|TAMS 0x0000000696e00000, 0x0000000696e00000| Complete 
| 305|0x0000000696f00000, 0x0000000697000000, 0x0000000697000000|100%| E|CS|TAMS 0x0000000696f00000, 0x0000000696f00000| Complete 
| 306|0x0000000697000000, 0x0000000697100000, 0x0000000697100000|100%| E|CS|TAMS 0x0000000697000000, 0x0000000697000000| Complete 
| 307|0x0000000697100000, 0x0000000697200000, 0x0000000697200000|100%| E|CS|TAMS 0x0000000697100000, 0x0000000697100000| Complete 
| 308|0x0000000697200000, 0x0000000697300000, 0x0000000697300000|100%| E|CS|TAMS 0x0000000697200000, 0x0000000697200000| Complete 
| 309|0x0000000697300000, 0x0000000697400000, 0x0000000697400000|100%| E|CS|TAMS 0x0000000697300000, 0x0000000697300000| Complete 
| 310|0x0000000697400000, 0x0000000697500000, 0x0000000697500000|100%| E|CS|TAMS 0x0000000697400000, 0x0000000697400000| Complete 
| 311|0x0000000697500000, 0x0000000697600000, 0x0000000697600000|100%| E|CS|TAMS 0x0000000697500000, 0x0000000697500000| Complete 
| 312|0x0000000697600000, 0x0000000697700000, 0x0000000697700000|100%| E|CS|TAMS 0x0000000697600000, 0x0000000697600000| Complete 
| 313|0x0000000697700000, 0x0000000697800000, 0x0000000697800000|100%| E|CS|TAMS 0x0000000697700000, 0x0000000697700000| Complete 
| 314|0x0000000697800000, 0x0000000697900000, 0x0000000697900000|100%| E|CS|TAMS 0x0000000697800000, 0x0000000697800000| Complete 
| 315|0x0000000697900000, 0x0000000697a00000, 0x0000000697a00000|100%| E|CS|TAMS 0x0000000697900000, 0x0000000697900000| Complete 
| 316|0x0000000697a00000, 0x0000000697b00000, 0x0000000697b00000|100%| E|CS|TAMS 0x0000000697a00000, 0x0000000697a00000| Complete 
| 317|0x0000000697b00000, 0x0000000697c00000, 0x0000000697c00000|100%| E|CS|TAMS 0x0000000697b00000, 0x0000000697b00000| Complete 
| 318|0x0000000697c00000, 0x0000000697d00000, 0x0000000697d00000|100%| E|CS|TAMS 0x0000000697c00000, 0x0000000697c00000| Complete 
| 319|0x0000000697d00000, 0x0000000697e00000, 0x0000000697e00000|100%| E|CS|TAMS 0x0000000697d00000, 0x0000000697d00000| Complete 
| 320|0x0000000697e00000, 0x0000000697f00000, 0x0000000697f00000|100%| E|CS|TAMS 0x0000000697e00000, 0x0000000697e00000| Complete 
| 321|0x0000000697f00000, 0x0000000698000000, 0x0000000698000000|100%| E|CS|TAMS 0x0000000697f00000, 0x0000000697f00000| Complete 
| 322|0x0000000698000000, 0x0000000698100000, 0x0000000698100000|100%| E|CS|TAMS 0x0000000698000000, 0x0000000698000000| Complete 
| 323|0x0000000698100000, 0x0000000698200000, 0x0000000698200000|100%| E|CS|TAMS 0x0000000698100000, 0x0000000698100000| Complete 
| 324|0x0000000698200000, 0x0000000698300000, 0x0000000698300000|100%| E|CS|TAMS 0x0000000698200000, 0x0000000698200000| Complete 
| 325|0x0000000698300000, 0x0000000698400000, 0x0000000698400000|100%| E|CS|TAMS 0x0000000698300000, 0x0000000698300000| Complete 
| 326|0x0000000698400000, 0x0000000698500000, 0x0000000698500000|100%| E|CS|TAMS 0x0000000698400000, 0x0000000698400000| Complete 
| 327|0x0000000698500000, 0x0000000698600000, 0x0000000698600000|100%| E|CS|TAMS 0x0000000698500000, 0x0000000698500000| Complete 
| 328|0x0000000698600000, 0x0000000698700000, 0x0000000698700000|100%| E|CS|TAMS 0x0000000698600000, 0x0000000698600000| Complete 
| 329|0x0000000698700000, 0x0000000698800000, 0x0000000698800000|100%| E|CS|TAMS 0x0000000698700000, 0x0000000698700000| Complete 
| 330|0x0000000698800000, 0x0000000698900000, 0x0000000698900000|100%| E|CS|TAMS 0x0000000698800000, 0x0000000698800000| Complete 
| 331|0x0000000698900000, 0x0000000698a00000, 0x0000000698a00000|100%| E|CS|TAMS 0x0000000698900000, 0x0000000698900000| Complete 
| 332|0x0000000698a00000, 0x0000000698b00000, 0x0000000698b00000|100%| E|CS|TAMS 0x0000000698a00000, 0x0000000698a00000| Complete 
| 333|0x0000000698b00000, 0x0000000698c00000, 0x0000000698c00000|100%| E|CS|TAMS 0x0000000698b00000, 0x0000000698b00000| Complete 
| 334|0x0000000698c00000, 0x0000000698d00000, 0x0000000698d00000|100%| E|CS|TAMS 0x0000000698c00000, 0x0000000698c00000| Complete 
| 335|0x0000000698d00000, 0x0000000698e00000, 0x0000000698e00000|100%| E|CS|TAMS 0x0000000698d00000, 0x0000000698d00000| Complete 
| 336|0x0000000698e00000, 0x0000000698f00000, 0x0000000698f00000|100%| E|CS|TAMS 0x0000000698e00000, 0x0000000698e00000| Complete 
| 337|0x0000000698f00000, 0x0000000699000000, 0x0000000699000000|100%| E|CS|TAMS 0x0000000698f00000, 0x0000000698f00000| Complete 
| 338|0x0000000699000000, 0x0000000699100000, 0x0000000699100000|100%| E|CS|TAMS 0x0000000699000000, 0x0000000699000000| Complete 
| 339|0x0000000699100000, 0x0000000699200000, 0x0000000699200000|100%| E|CS|TAMS 0x0000000699100000, 0x0000000699100000| Complete 
| 340|0x0000000699200000, 0x0000000699300000, 0x0000000699300000|100%| E|CS|TAMS 0x0000000699200000, 0x0000000699200000| Complete 
| 341|0x0000000699300000, 0x0000000699400000, 0x0000000699400000|100%| E|CS|TAMS 0x0000000699300000, 0x0000000699300000| Complete 
| 342|0x0000000699400000, 0x0000000699500000, 0x0000000699500000|100%| E|CS|TAMS 0x0000000699400000, 0x0000000699400000| Complete 
| 343|0x0000000699500000, 0x0000000699600000, 0x0000000699600000|100%| E|CS|TAMS 0x0000000699500000, 0x0000000699500000| Complete 
| 344|0x0000000699600000, 0x0000000699700000, 0x0000000699700000|100%| E|CS|TAMS 0x0000000699600000, 0x0000000699600000| Complete 
| 345|0x0000000699700000, 0x0000000699800000, 0x0000000699800000|100%| E|CS|TAMS 0x0000000699700000, 0x0000000699700000| Complete 
| 346|0x0000000699800000, 0x0000000699900000, 0x0000000699900000|100%| E|CS|TAMS 0x0000000699800000, 0x0000000699800000| Complete 
| 347|0x0000000699900000, 0x0000000699a00000, 0x0000000699a00000|100%| E|CS|TAMS 0x0000000699900000, 0x0000000699900000| Complete 
| 348|0x0000000699a00000, 0x0000000699b00000, 0x0000000699b00000|100%| E|CS|TAMS 0x0000000699a00000, 0x0000000699a00000| Complete 
| 349|0x0000000699b00000, 0x0000000699c00000, 0x0000000699c00000|100%| E|CS|TAMS 0x0000000699b00000, 0x0000000699b00000| Complete 
| 350|0x0000000699c00000, 0x0000000699d00000, 0x0000000699d00000|100%| E|CS|TAMS 0x0000000699c00000, 0x0000000699c00000| Complete 
| 351|0x0000000699d00000, 0x0000000699e00000, 0x0000000699e00000|100%| E|CS|TAMS 0x0000000699d00000, 0x0000000699d00000| Complete 
| 352|0x0000000699e00000, 0x0000000699f00000, 0x0000000699f00000|100%| E|CS|TAMS 0x0000000699e00000, 0x0000000699e00000| Complete 
| 353|0x0000000699f00000, 0x000000069a000000, 0x000000069a000000|100%| E|CS|TAMS 0x0000000699f00000, 0x0000000699f00000| Complete 
| 354|0x000000069a000000, 0x000000069a100000, 0x000000069a100000|100%| E|CS|TAMS 0x000000069a000000, 0x000000069a000000| Complete 
| 355|0x000000069a100000, 0x000000069a200000, 0x000000069a200000|100%| E|CS|TAMS 0x000000069a100000, 0x000000069a100000| Complete 
| 356|0x000000069a200000, 0x000000069a300000, 0x000000069a300000|100%| E|CS|TAMS 0x000000069a200000, 0x000000069a200000| Complete 
| 357|0x000000069a300000, 0x000000069a400000, 0x000000069a400000|100%| E|CS|TAMS 0x000000069a300000, 0x000000069a300000| Complete 
| 358|0x000000069a400000, 0x000000069a500000, 0x000000069a500000|100%| E|CS|TAMS 0x000000069a400000, 0x000000069a400000| Complete 
| 359|0x000000069a500000, 0x000000069a600000, 0x000000069a600000|100%| E|CS|TAMS 0x000000069a500000, 0x000000069a500000| Complete 
| 360|0x000000069a600000, 0x000000069a700000, 0x000000069a700000|100%| E|CS|TAMS 0x000000069a600000, 0x000000069a600000| Complete 
| 361|0x000000069a700000, 0x000000069a800000, 0x000000069a800000|100%| E|CS|TAMS 0x000000069a700000, 0x000000069a700000| Complete 
| 362|0x000000069a800000, 0x000000069a900000, 0x000000069a900000|100%| E|CS|TAMS 0x000000069a800000, 0x000000069a800000| Complete 
| 363|0x000000069a900000, 0x000000069aa00000, 0x000000069aa00000|100%| E|CS|TAMS 0x000000069a900000, 0x000000069a900000| Complete 
| 364|0x000000069aa00000, 0x000000069ab00000, 0x000000069ab00000|100%| E|CS|TAMS 0x000000069aa00000, 0x000000069aa00000| Complete 
| 365|0x000000069ab00000, 0x000000069ac00000, 0x000000069ac00000|100%| E|CS|TAMS 0x000000069ab00000, 0x000000069ab00000| Complete 
| 366|0x000000069ac00000, 0x000000069ad00000, 0x000000069ad00000|100%| E|CS|TAMS 0x000000069ac00000, 0x000000069ac00000| Complete 
| 367|0x000000069ad00000, 0x000000069ae00000, 0x000000069ae00000|100%| E|CS|TAMS 0x000000069ad00000, 0x000000069ad00000| Complete 
| 368|0x000000069ae00000, 0x000000069af00000, 0x000000069af00000|100%| E|CS|TAMS 0x000000069ae00000, 0x000000069ae00000| Complete 
| 369|0x000000069af00000, 0x000000069b000000, 0x000000069b000000|100%| E|CS|TAMS 0x000000069af00000, 0x000000069af00000| Complete 
| 370|0x000000069b000000, 0x000000069b100000, 0x000000069b100000|100%| E|CS|TAMS 0x000000069b000000, 0x000000069b000000| Complete 
| 371|0x000000069b100000, 0x000000069b200000, 0x000000069b200000|100%| E|CS|TAMS 0x000000069b100000, 0x000000069b100000| Complete 
| 372|0x000000069b200000, 0x000000069b300000, 0x000000069b300000|100%| E|CS|TAMS 0x000000069b200000, 0x000000069b200000| Complete 
| 373|0x000000069b300000, 0x000000069b400000, 0x000000069b400000|100%| E|CS|TAMS 0x000000069b300000, 0x000000069b300000| Complete 
| 374|0x000000069b400000, 0x000000069b500000, 0x000000069b500000|100%| E|CS|TAMS 0x000000069b400000, 0x000000069b400000| Complete 
| 375|0x000000069b500000, 0x000000069b600000, 0x000000069b600000|100%| E|CS|TAMS 0x000000069b500000, 0x000000069b500000| Complete 
| 376|0x000000069b600000, 0x000000069b700000, 0x000000069b700000|100%| E|CS|TAMS 0x000000069b600000, 0x000000069b600000| Complete 
| 377|0x000000069b700000, 0x000000069b800000, 0x000000069b800000|100%| E|CS|TAMS 0x000000069b700000, 0x000000069b700000| Complete 
| 378|0x000000069b800000, 0x000000069b900000, 0x000000069b900000|100%| E|CS|TAMS 0x000000069b800000, 0x000000069b800000| Complete 
| 379|0x000000069b900000, 0x000000069ba00000, 0x000000069ba00000|100%| E|CS|TAMS 0x000000069b900000, 0x000000069b900000| Complete 
| 380|0x000000069ba00000, 0x000000069bb00000, 0x000000069bb00000|100%| E|CS|TAMS 0x000000069ba00000, 0x000000069ba00000| Complete 
| 381|0x000000069bb00000, 0x000000069bc00000, 0x000000069bc00000|100%| E|CS|TAMS 0x000000069bb00000, 0x000000069bb00000| Complete 

Card table byte_map: [0x000002afdcab0000,0x000002afdd6a0000] _byte_map_base: 0x000002afd9691000

Marking Bits (Prev, Next): (CMBitMap*) 0x000002afc270b870, (CMBitMap*) 0x000002afc270b838
 Prev Bits: [0x000002afe41a0000, 0x000002afea0a8000)
 Next Bits: [0x000002afde290000, 0x000002afe4198000)

Polling page: 0x000002afc25d0000

Metaspace:

Usage:
  Non-class:     24.27 MB capacity,    23.16 MB ( 95%) used,   991.22 KB (  4%) free+waste,   138.31 KB ( <1%) overhead. 
      Class:      3.91 MB capacity,     3.31 MB ( 85%) used,   537.72 KB ( 13%) free+waste,    70.06 KB (  2%) overhead. 
       Both:     28.17 MB capacity,    26.47 MB ( 94%) used,     1.49 MB (  5%) free+waste,   208.38 KB ( <1%) overhead. 

Virtual space:
  Non-class space:       26.00 MB reserved,      24.50 MB ( 94%) committed 
      Class space:        1.00 GB reserved,       4.00 MB ( <1%) committed 
             Both:        1.03 GB reserved,      28.50 MB (  3%) committed 

Chunk freelists:
   Non-Class:  6.00 KB
       Class:  128 bytes
        Both:  6.13 KB

CodeHeap 'non-profiled nmethods': size=120000Kb used=1730Kb max_used=1730Kb free=118269Kb
 bounds [0x000002afd4660000, 0x000002afd48d0000, 0x000002afdbb90000]
CodeHeap 'profiled nmethods': size=120000Kb used=8568Kb max_used=8568Kb free=111431Kb
 bounds [0x000002afcd130000, 0x000002afcd990000, 0x000002afd4660000]
CodeHeap 'non-nmethods': size=5760Kb used=1304Kb max_used=1343Kb free=4455Kb
 bounds [0x000002afccb90000, 0x000002afcce00000, 0x000002afcd130000]
 total_blobs=4475 nmethods=3918 adapters=472
 compilation: enabled
              stopped_count=0, restarted_count=0
 full_count=0

Compilation events (10 events):
Event: 4.375 Thread 0x000002afed66f800 3927   !   3       org.apache.ignite.internal.pagememory.persistence.PersistentPageMemory::acquirePage (1125 bytes)
Event: 4.388 Thread 0x000002afed66f800 nmethod 3927 0x000002afcd97ac90 code [0x000002afcd97bc00, 0x000002afcd986408]
Event: 4.388 Thread 0x000002afed66f800 3928   !   3       org.apache.ignite.internal.pagememory.persistence.PersistentPageMemory::releasePage (69 bytes)
Event: 4.390 Thread 0x000002afed66f800 nmethod 3928 0x000002afcd98c110 code [0x000002afcd98c3e0, 0x000002afcd98d408]
Event: 4.390 Thread 0x000002afed66f800 3929       3       org.apache.ignite.internal.pagememory.metric.IoStatisticsHolderNoOp::trackLogicalRead (1 bytes)
Event: 4.390 Thread 0x000002afed66f800 nmethod 3929 0x000002afcd98db90 code [0x000002afcd98dd20, 0x000002afcd98de18]
Event: 4.390 Thread 0x000002afed66f800 3924       3       java.lang.StackTraceElement::dropClassLoaderName (16 bytes)
Event: 4.390 Thread 0x000002afed66f800 nmethod 3924 0x000002afcd98de90 code [0x000002afcd98e020, 0x000002afcd98e178]
Event: 4.390 Thread 0x000002afed66f800 3926       1       org.apache.ignite.internal.pagememory.persistence.checkpoint.CheckpointManager::checkpointTimeoutLock (5 bytes)
Event: 4.390 Thread 0x000002afed66f800 nmethod 3926 0x000002afd480d310 code [0x000002afd480d4a0, 0x000002afd480d558]

GC Heap History (10 events):
Event: 2.519 GC heap before
{Heap before GC invocations=1 (full 0):
 garbage-first heap   total 391168K, used 77467K [0x0000000683e00000, 0x0000000800000000)
  region size 1024K, 76 young (77824K), 3 survivors (3072K)
 Metaspace       used 20186K, capacity 21017K, committed 21248K, reserved 1067008K
  class space    used 2523K, capacity 2797K, committed 2816K, reserved 1048576K
}
Event: 2.525 GC heap after
{Heap after GC invocations=2 (full 0):
 garbage-first heap   total 391168K, used 6213K [0x0000000683e00000, 0x0000000800000000)
  region size 1024K, 6 young (6144K), 6 survivors (6144K)
 Metaspace       used 20186K, capacity 21017K, committed 21248K, reserved 1067008K
  class space    used 2523K, capacity 2797K, committed 2816K, reserved 1048576K
}
Event: 3.298 GC heap before
{Heap before GC invocations=3 (full 0):
 garbage-first heap   total 391168K, used 87109K [0x0000000683e00000, 0x0000000800000000)
  region size 1024K, 85 young (87040K), 6 survivors (6144K)
 Metaspace       used 24543K, capacity 25679K, committed 25728K, reserved 1071104K
  class space    used 3043K, capacity 3452K, committed 3456K, reserved 1048576K
}
Event: 3.305 GC heap after
{Heap after GC invocations=4 (full 0):
 garbage-first heap   total 391168K, used 7523K [0x0000000683e00000, 0x0000000800000000)
  region size 1024K, 7 young (7168K), 7 survivors (7168K)
 Metaspace       used 24543K, capacity 25679K, committed 25728K, reserved 1071104K
  class space    used 3043K, capacity 3452K, committed 3456K, reserved 1048576K
}
Event: 3.344 GC heap before
{Heap before GC invocations=4 (full 0):
 garbage-first heap   total 391168K, used 129379K [0x0000000683e00000, 0x0000000800000000)
  region size 1024K, 126 young (129024K), 7 survivors (7168K)
 Metaspace       used 24552K, capacity 25679K, committed 25728K, reserved 1071104K
  class space    used 3043K, capacity 3452K, committed 3456K, reserved 1048576K
}
Event: 3.349 GC heap after
{Heap after GC invocations=5 (full 0):
 garbage-first heap   total 391168K, used 7522K [0x0000000683e00000, 0x0000000800000000)
  region size 1024K, 7 young (7168K), 7 survivors (7168K)
 Metaspace       used 24552K, capacity 25679K, committed 25728K, reserved 1071104K
  class space    used 3043K, capacity 3452K, committed 3456K, reserved 1048576K
}
Event: 3.397 GC heap before
{Heap before GC invocations=5 (full 0):
 garbage-first heap   total 391168K, used 162146K [0x0000000683e00000, 0x0000000800000000)
  region size 1024K, 158 young (161792K), 7 survivors (7168K)
 Metaspace       used 24557K, capacity 25679K, committed 25728K, reserved 1071104K
  class space    used 3043K, capacity 3452K, committed 3456K, reserved 1048576K
}
Event: 3.401 GC heap after
{Heap after GC invocations=6 (full 0):
 garbage-first heap   total 391168K, used 7594K [0x0000000683e00000, 0x0000000800000000)
  region size 1024K, 7 young (7168K), 7 survivors (7168K)
 Metaspace       used 24557K, capacity 25679K, committed 25728K, reserved 1071104K
  class space    used 3043K, capacity 3452K, committed 3456K, reserved 1048576K
}
Event: 3.474 GC heap before
{Heap before GC invocations=6 (full 0):
 garbage-first heap   total 391168K, used 208298K [0x0000000683e00000, 0x0000000800000000)
  region size 1024K, 203 young (207872K), 7 survivors (7168K)
 Metaspace       used 24559K, capacity 25679K, committed 25728K, reserved 1071104K
  class space    used 3043K, capacity 3452K, committed 3456K, reserved 1048576K
}
Event: 3.481 GC heap after
{Heap after GC invocations=7 (full 0):
 garbage-first heap   total 391168K, used 7609K [0x0000000683e00000, 0x0000000800000000)
  region size 1024K, 7 young (7168K), 7 survivors (7168K)
 Metaspace       used 24559K, capacity 25679K, committed 25728K, reserved 1071104K
  class space    used 3043K, capacity 3452K, committed 3456K, reserved 1048576K
}

Deoptimization events (10 events):
Event: 4.055 Thread 0x000002afef13e800 Uncommon trap: reason=unstable_if action=reinterpret pc=0x000002afd4727ce4 method=java.util.concurrent.ConcurrentHashMap.get(Ljava/lang/Object;)Ljava/lang/Object; @ 86 c2
Event: 4.055 Thread 0x000002aff11dd800 Uncommon trap: reason=unstable_if action=reinterpret pc=0x000002afd4751cb0 method=java.util.concurrent.ConcurrentHashMap.get(Ljava/lang/Object;)Ljava/lang/Object; @ 86 c2
Event: 4.055 Thread 0x000002aff11dd800 Uncommon trap: reason=class_check action=maybe_recompile pc=0x000002afd4741158 method=java.util.concurrent.ConcurrentHashMap.putVal(Ljava/lang/Object;Ljava/lang/Object;Z)Ljava/lang/Object; @ 242 c2
Event: 4.136 Thread 0x000002afc46d9800 Uncommon trap: reason=unstable_if action=reinterpret pc=0x000002afd47dfac8 method=org.objectweb.asm.Frame.execute(IILorg/objectweb/asm/Symbol;Lorg/objectweb/asm/SymbolTable;)V @ 1 c2
Event: 4.184 Thread 0x000002afc46d9800 Uncommon trap: reason=unstable_if action=reinterpret pc=0x000002afd476c180 method=net.bytebuddy.description.type.TypeDefinition$Sort.isNonGeneric()Z @ 4 c2
Event: 4.249 Thread 0x000002afc46d9800 Uncommon trap: reason=profile_predicate action=maybe_recompile pc=0x000002afd4801c54 method=java.util.regex.Pattern$BnM.optimize(Ljava/util/regex/Pattern$Node;)Ljava/util/regex/Pattern$Node; @ 67 c2
Event: 4.249 Thread 0x000002afc46d9800 Uncommon trap: reason=profile_predicate action=maybe_recompile pc=0x000002afd4801c54 method=java.util.regex.Pattern$BnM.optimize(Ljava/util/regex/Pattern$Node;)Ljava/util/regex/Pattern$Node; @ 67 c2
Event: 4.250 Thread 0x000002afc46d9800 Uncommon trap: reason=profile_predicate action=maybe_recompile pc=0x000002afd4801c54 method=java.util.regex.Pattern$BnM.optimize(Ljava/util/regex/Pattern$Node;)Ljava/util/regex/Pattern$Node; @ 67 c2
Event: 4.250 Thread 0x000002afc46d9800 Uncommon trap: reason=profile_predicate action=maybe_recompile pc=0x000002afd4801c54 method=java.util.regex.Pattern$BnM.optimize(Ljava/util/regex/Pattern$Node;)Ljava/util/regex/Pattern$Node; @ 67 c2
Event: 4.250 Thread 0x000002afc46d9800 Uncommon trap: reason=null_check action=make_not_entrant pc=0x000002afd47fb758 method=com.facebook.presto.bytecode.ParameterizedType.<init>(Ljava/lang/Class;)V @ 44 c2

Classes redefined (0 events):
No events

Internal exceptions (10 events):
Event: 4.295 Thread 0x000002afc46d9800 Exception <a 'sun/nio/fs/WindowsException'{0x00000006917cb730}> (0x00000006917cb730) thrown at [./open/src/hotspot/share/prims/jni.cpp, line 611]
Event: 4.295 Thread 0x000002afc46d9800 Exception <a 'sun/nio/fs/WindowsException'{0x00000006917cbbb0}> (0x00000006917cbbb0) thrown at [./open/src/hotspot/share/prims/jni.cpp, line 611]
Event: 4.296 Thread 0x000002afc46d9800 Exception <a 'sun/nio/fs/WindowsException'{0x00000006917ce470}> (0x00000006917ce470) thrown at [./open/src/hotspot/share/prims/jni.cpp, line 611]
Event: 4.296 Thread 0x000002afc46d9800 Exception <a 'sun/nio/fs/WindowsException'{0x00000006917ce8f0}> (0x00000006917ce8f0) thrown at [./open/src/hotspot/share/prims/jni.cpp, line 611]
Event: 4.356 Thread 0x000002afc46d9800 Exception <a 'sun/nio/fs/WindowsException'{0x0000000690e0b920}> (0x0000000690e0b920) thrown at [./open/src/hotspot/share/prims/jni.cpp, line 611]
Event: 4.356 Thread 0x000002afc46d9800 Exception <a 'sun/nio/fs/WindowsException'{0x0000000690e0bd10}> (0x0000000690e0bd10) thrown at [./open/src/hotspot/share/prims/jni.cpp, line 611]
Event: 4.363 Thread 0x000002afc46d9800 Exception <a 'sun/nio/fs/WindowsException'{0x0000000690e32ba0}> (0x0000000690e32ba0) thrown at [./open/src/hotspot/share/prims/jni.cpp, line 611]
Event: 4.363 Thread 0x000002afc46d9800 Exception <a 'sun/nio/fs/WindowsException'{0x0000000690e33020}> (0x0000000690e33020) thrown at [./open/src/hotspot/share/prims/jni.cpp, line 611]
Event: 4.364 Thread 0x000002afc46d9800 Exception <a 'sun/nio/fs/WindowsException'{0x0000000690e37b30}> (0x0000000690e37b30) thrown at [./open/src/hotspot/share/prims/jni.cpp, line 611]
Event: 4.364 Thread 0x000002afc46d9800 Exception <a 'sun/nio/fs/WindowsException'{0x0000000690e37fb0}> (0x0000000690e37fb0) thrown at [./open/src/hotspot/share/prims/jni.cpp, line 611]

Events (10 events):
Event: 4.370 Thread 0x000002aff20ac800 DEOPT PACKING pc=0x000002afcd2cc3e4 sp=0x000000c6d88fdb70
Event: 4.370 Thread 0x000002aff20ac800 DEOPT UNPACKING pc=0x000002afccbcbb5e sp=0x000000c6d88fd028 mode 1
Event: 4.370 Thread 0x000002aff20ac800 DEOPT PACKING pc=0x000002afcd4e6814 sp=0x000000c6d88fe610
Event: 4.370 Thread 0x000002aff20ac800 DEOPT UNPACKING pc=0x000002afccbcbb5e sp=0x000000c6d88fdae0 mode 1
Event: 4.370 Executing VM operation: RevokeBias
Event: 4.370 Executing VM operation: RevokeBias done
Event: 4.370 Executing VM operation: RevokeBias
Event: 4.370 Executing VM operation: RevokeBias done
Event: 4.370 Executing VM operation: RevokeBias
Event: 4.371 Executing VM operation: RevokeBias done


Dynamic libraries:
0x00007ff7ccd40000 - 0x00007ff7ccd4f000 	C:\Program Files\Java\jdk-11.0.12\bin\java.exe
0x00007ffd1e2f0000 - 0x00007ffd1e4e8000 	C:\WINDOWS\SYSTEM32\ntdll.dll
0x00007ffd1dfb0000 - 0x00007ffd1e06d000 	C:\WINDOWS\System32\KERNEL32.DLL
0x00007ffd1bc50000 - 0x00007ffd1bf1e000 	C:\WINDOWS\System32\KERNELBASE.dll
0x00007ffd1ba80000 - 0x00007ffd1bb80000 	C:\WINDOWS\System32\ucrtbase.dll
0x00007ffd15010000 - 0x00007ffd15028000 	C:\Program Files\Java\jdk-11.0.12\bin\jli.dll
0x00007ffd15030000 - 0x00007ffd15045000 	C:\Program Files\Java\jdk-11.0.12\bin\VCRUNTIME140.dll
0x00007ffd1c990000 - 0x00007ffd1ca3e000 	C:\WINDOWS\System32\ADVAPI32.dll
0x00007ffd1db80000 - 0x00007ffd1dc1e000 	C:\WINDOWS\System32\msvcrt.dll
0x00007ffd1d890000 - 0x00007ffd1d92c000 	C:\WINDOWS\System32\sechost.dll
0x00007ffd1c480000 - 0x00007ffd1c5a5000 	C:\WINDOWS\System32\RPCRT4.dll
0x00007ffd1ceb0000 - 0x00007ffd1d050000 	C:\WINDOWS\System32\USER32.dll
0x00007ffcfe570000 - 0x00007ffcfe80a000 	C:\WINDOWS\WinSxS\amd64_microsoft.windows.common-controls_6595b64144ccf1df_6.0.19041.1110_none_60b5254171f9507e\COMCTL32.dll
0x00007ffd1bb80000 - 0x00007ffd1bba2000 	C:\WINDOWS\System32\win32u.dll
0x00007ffd1d0c0000 - 0x00007ffd1d0ea000 	C:\WINDOWS\System32\GDI32.dll
0x00007ffd1c190000 - 0x00007ffd1c29b000 	C:\WINDOWS\System32\gdi32full.dll
0x00007ffd1bbb0000 - 0x00007ffd1bc4d000 	C:\WINDOWS\System32\msvcp_win.dll
0x00007ffd11a70000 - 0x00007ffd11a7a000 	C:\WINDOWS\SYSTEM32\VERSION.dll
0x00007ffd1d850000 - 0x00007ffd1d880000 	C:\WINDOWS\System32\IMM32.DLL
0x00007ffd12480000 - 0x00007ffd1251b000 	C:\Program Files\Java\jdk-11.0.12\bin\msvcp140.dll
0x00007ffcce0a0000 - 0x00007ffcceb9f000 	C:\Program Files\Java\jdk-11.0.12\bin\server\jvm.dll
0x00007ffd1dfa0000 - 0x00007ffd1dfa8000 	C:\WINDOWS\System32\PSAPI.DLL
0x00007ffd03c70000 - 0x00007ffd03c97000 	C:\WINDOWS\SYSTEM32\WINMM.dll
0x00007ffcfdfb0000 - 0x00007ffcfdfb9000 	C:\WINDOWS\SYSTEM32\WSOCK32.dll
0x00007ffd1d050000 - 0x00007ffd1d0bb000 	C:\WINDOWS\System32\WS2_32.dll
0x00007ffd19980000 - 0x00007ffd19992000 	C:\WINDOWS\SYSTEM32\kernel.appcore.dll
0x00007ffd15000000 - 0x00007ffd15010000 	C:\Program Files\Java\jdk-11.0.12\bin\verify.dll
0x00007ffd19780000 - 0x00007ffd19964000 	C:\WINDOWS\SYSTEM32\DBGHELP.DLL
0x00007ffd0dd70000 - 0x00007ffd0dd9c000 	C:\WINDOWS\SYSTEM32\dbgcore.DLL
0x00007ffd1bf20000 - 0x00007ffd1bfa2000 	C:\WINDOWS\System32\bcryptPrimitives.dll
0x00007ffd14fd0000 - 0x00007ffd14ff8000 	C:\Program Files\Java\jdk-11.0.12\bin\java.dll
0x00007ffd14fc0000 - 0x00007ffd14fca000 	C:\Program Files\Java\jdk-11.0.12\bin\jimage.dll
0x00007ffd004e0000 - 0x00007ffd00518000 	C:\Program Files\Java\jdk-11.0.12\bin\jdwp.dll
0x00007ffd13960000 - 0x00007ffd1396e000 	C:\Program Files\Java\jdk-11.0.12\bin\instrument.dll
0x00007ffd14fa0000 - 0x00007ffd14fb6000 	C:\Program Files\Java\jdk-11.0.12\bin\zip.dll
0x00007ffd1d100000 - 0x00007ffd1d844000 	C:\WINDOWS\System32\SHELL32.dll
0x00007ffd19b10000 - 0x00007ffd1a2a4000 	C:\WINDOWS\SYSTEM32\windows.storage.dll
0x00007ffd1c630000 - 0x00007ffd1c984000 	C:\WINDOWS\System32\combase.dll
0x00007ffd1b470000 - 0x00007ffd1b4a0000 	C:\WINDOWS\SYSTEM32\Wldp.dll
0x00007ffd1c350000 - 0x00007ffd1c3fd000 	C:\WINDOWS\System32\SHCORE.dll
0x00007ffd1dc80000 - 0x00007ffd1dcd5000 	C:\WINDOWS\System32\shlwapi.dll
0x00007ffd1b950000 - 0x00007ffd1b96f000 	C:\WINDOWS\SYSTEM32\profapi.dll
0x00007ffd13950000 - 0x00007ffd1395a000 	C:\Program Files\Java\jdk-11.0.12\bin\dt_socket.dll
0x00007ffd1b1d0000 - 0x00007ffd1b23a000 	C:\WINDOWS\system32\mswsock.dll
0x00007ffd14f80000 - 0x00007ffd14f99000 	C:\Program Files\Java\jdk-11.0.12\bin\net.dll
0x00007ffd0d720000 - 0x00007ffd0d82a000 	C:\WINDOWS\SYSTEM32\WINHTTP.dll
0x00007ffd13aa0000 - 0x00007ffd13ab2000 	C:\Program Files\Java\jdk-11.0.12\bin\nio.dll
0x00007ffd1b3c0000 - 0x00007ffd1b3d8000 	C:\WINDOWS\SYSTEM32\CRYPTSP.dll
0x00007ffd1aae0000 - 0x00007ffd1ab14000 	C:\WINDOWS\system32\rsaenh.dll
0x00007ffd1c160000 - 0x00007ffd1c187000 	C:\WINDOWS\System32\bcrypt.dll
0x00007ffd1b8d0000 - 0x00007ffd1b8fe000 	C:\WINDOWS\SYSTEM32\USERENV.dll
0x00007ffd1b3e0000 - 0x00007ffd1b3ec000 	C:\WINDOWS\SYSTEM32\CRYPTBASE.dll
0x00007ffd1ae70000 - 0x00007ffd1aeab000 	C:\WINDOWS\SYSTEM32\IPHLPAPI.DLL
0x00007ffd1d880000 - 0x00007ffd1d888000 	C:\WINDOWS\System32\NSI.dll
0x00007ffd10e50000 - 0x00007ffd10e67000 	C:\WINDOWS\SYSTEM32\dhcpcsvc6.DLL
0x00007ffd114f0000 - 0x00007ffd1150d000 	C:\WINDOWS\SYSTEM32\dhcpcsvc.DLL
0x00007ffd1aec0000 - 0x00007ffd1af8b000 	C:\WINDOWS\SYSTEM32\DNSAPI.dll

dbghelp: loaded successfully - version: 4.0.5 - missing functions: none
symbol engine: initialized successfully - sym options: 0x614 - pdb path: .;C:\Program Files\Java\jdk-11.0.12\bin;C:\WINDOWS\SYSTEM32;C:\WINDOWS\WinSxS\amd64_microsoft.windows.common-controls_6595b64144ccf1df_6.0.19041.1110_none_60b5254171f9507e;C:\Program Files\Java\jdk-11.0.12\bin\server

VM Arguments:
jvm_args: -agentlib:jdwp=transport=dt_socket,address=127.0.0.1:53013,suspend=y,server=n -ea --add-opens=java.base/java.lang=ALL-UNNAMED --add-opens=java.base/java.lang.invoke=ALL-UNNAMED --add-opens=java.base/java.lang.reflect=ALL-UNNAMED --add-opens=java.base/java.io=ALL-UNNAMED --add-opens=java.base/java.nio=ALL-UNNAMED --add-opens=java.base/java.math=ALL-UNNAMED --add-opens=java.base/java.util=ALL-UNNAMED --add-opens=java.base/jdk.internal.misc=ALL-UNNAMED -Dio.netty.tryReflectionSetAccessible=true -Djava.util.logging.config.file=../../config/java.util.logging.properties --add-opens=java.base/java.lang=ALL-UNNAMED --add-opens=java.base/java.lang.invoke=ALL-UNNAMED --add-opens=java.base/java.lang.reflect=ALL-UNNAMED --add-opens=java.base/java.io=ALL-UNNAMED --add-opens=java.base/java.nio=ALL-UNNAMED --add-opens=java.base/java.math=ALL-UNNAMED --add-opens=java.base/java.util=ALL-UNNAMED --add-opens=java.base/jdk.internal.misc=ALL-UNNAMED -Dio.netty.tryReflectionSetAccessible=true -Djava.util.logging.config.file=../../config/java.util.logging.properties -Didea.test.cyclic.buffer.size=1048576 -javaagent:C:\Users\tkalk\AppData\Local\JetBrains\IdeaIC2021.2\captureAgent\debugger-agent.jar -Dfile.encoding=UTF-8 
java_command: com.intellij.rt.junit.JUnitStarter -ideVersion5 -junit5 org.apache.ignite.internal.pagememory.persistence.PersistentPageMemoryNoLoadTest
java_class_path (initial): C:\Users\tkalk\.m2\repository\org\junit\platform\junit-platform-launcher\1.8.1\junit-platform-launcher-1.8.1.jar;C:\Program Files\JetBrains\IntelliJ IDEA Community Edition 2020.2.3\lib\idea_rt.jar;C:\Program Files\JetBrains\IntelliJ IDEA Community Edition 2020.2.3\plugins\junit\lib\junit5-rt.jar;C:\Program Files\JetBrains\IntelliJ IDEA Community Edition 2020.2.3\plugins\junit\lib\junit-rt.jar;C:\Users\tkalk\IdeaProjects\incubator-ignite3\modules\page-memory\target\test-classes;C:\Users\tkalk\IdeaProjects\incubator-ignite3\modules\page-memory\target\classes;C:\Users\tkalk\IdeaProjects\incubator-ignite3\modules\api\target\classes;C:\Users\tkalk\IdeaProjects\incubator-ignite3\modules\configuration-api\target\classes;C:\Users\tkalk\.m2\repository\org\jetbrains\annotations\20.1.0\annotations-20.1.0.jar;C:\Users\tkalk\IdeaProjects\incubator-ignite3\modules\core\target\classes;C:\Users\tkalk\.m2\repository\it\unimi\dsi\fastutil-core\8.5.6\fastutil-core-8.5.6.jar;C:\Users\tkalk\IdeaProjects\incubator-ignite3\modules\configuration\target\classes;C:\Users\tkalk\IdeaProjects\incubator-ignite3\modules\bytecode\target\classes;C:\Users\tkalk\.m2\repository\org\ow2\asm\asm\9.0\asm-9.0.jar;C:\Users\tkalk\.m2\repository\org\ow2\asm\asm-tree\9.0\asm-tree-9.0.jar;C:\Users\tkalk\.m2\repository\org\ow2\asm\asm-util\9.0\asm-util-9.0.jar;C:\Users\tkalk\.m2\repository\org\ow2\asm\asm-analysis\9.0\asm-analysis-9.0.jar;C:\Users\tkalk\IdeaProjects\incubator-ignite3\modules\rest-api\target\classes;C:\Users\tkalk\.m2\repository\com\fasterxml\jackson\core\jackson-annotations\2.13.1\jackson-annotations-2.13.1.jar;C:\Users\tkalk\.m2\repository\com\fasterxml\jackson\core\jackson-databind\2.13.1\jackson-databind-2.13.1.jar;C:\Users\tkalk\.m2\repository\com\fasterxml\jackson\core\jackson-core\2.13.1\jackson-core-2.13.1.jar;C:\Users\tkalk\.m2\repository\jakarta\annotation\jakarta.annotation-api\2.0.0\jakarta.annotation-api-2.0.0.jar;C:\Users\tkalk\.m2\repository\jakarta\in
Launcher Type: SUN_STANDARD

[Global flags]
     intx CICompilerCount                          = 4                                         {product} {ergonomic}
     uint ConcGCThreads                            = 2                                         {product} {ergonomic}
     uint G1ConcRefinementThreads                  = 8                                         {product} {ergonomic}
   size_t G1HeapRegionSize                         = 1048576                                   {product} {ergonomic}
    uintx GCDrainStackTargetSize                   = 64                                        {product} {ergonomic}
   size_t InitialHeapSize                          = 400556032                                 {product} {ergonomic}
   size_t MarkStackSize                            = 4194304                                   {product} {ergonomic}
   size_t MaxHeapSize                              = 6377439232                                {product} {ergonomic}
   size_t MaxNewSize                               = 3826253824                                {product} {ergonomic}
   size_t MinHeapDeltaBytes                        = 1048576                                   {product} {ergonomic}
    uintx NonNMethodCodeHeapSize                   = 5836300                                {pd product} {ergonomic}
    uintx NonProfiledCodeHeapSize                  = 122910970                              {pd product} {ergonomic}
    uintx ProfiledCodeHeapSize                     = 122910970                              {pd product} {ergonomic}
    uintx ReservedCodeCacheSize                    = 251658240                              {pd product} {ergonomic}
     bool SegmentedCodeCache                       = true                                      {product} {ergonomic}
     bool UseCompressedClassPointers               = true                                 {lp64_product} {ergonomic}
     bool UseCompressedOops                        = true                                 {lp64_product} {ergonomic}
     bool UseG1GC                                  = true                                      {product} {ergonomic}
     bool UseLargePagesIndividualAllocation        = false                                  {pd product} {ergonomic}

Logging:
Log output configuration:
 #0: stdout all=warning uptime,level,tags
 #1: stderr all=off uptime,level,tags

Environment Variables:
JAVA_HOME=C:\Program Files\Java\jdk-11.0.12
PATH=C:\Program Files\Common Files\Oracle\Java\javapath;C:\Program Files (x86)\Common Files\Oracle\Java\javapath;C:\WINDOWS\system32;C:\WINDOWS;C:\WINDOWS\System32\Wbem;C:\WINDOWS\System32\WindowsPowerShell\v1.0\;C:\WINDOWS\System32\OpenSSH\;C:\Program Files\Intel\WiFi\bin\;C:\Program Files\Common Files\Intel\WirelessCommon\;C:\Program Files\Git\cmd;C:\Program Files\Java\jdk1.8.0_271\bin;C:\Program Files\Maven\apache-maven-3.6.3\bin;C:\Program Files\BIND9.16.20.x64;C:\Users\tkalk\AppData\Local\Microsoft\WindowsApps;
USERNAME=tkalk
OS=Windows_NT
PROCESSOR_IDENTIFIER=Intel64 Family 6 Model 142 Stepping 12, GenuineIntel



---------------  S Y S T E M  ---------------

OS: Windows 10 , 64 bit Build 19041 (10.0.19041.1806)

CPU:total 8 (initial active 8) (4 cores per cpu, 2 threads per core) family 6 model 142 stepping 12 microcode 0xd6, cmov, cx8, fxsr, mmx, sse, sse2, sse3, ssse3, sse4.1, sse4.2, popcnt, avx, avx2, aes, clmul, erms, 3dnowpref, lzcnt, ht, tsc, tscinvbit, bmi1, bmi2, adx, fma

Memory: 4k page, system-wide physical 24321M (12742M free)
TotalPageFile size 27905M (AvailPageFile size 15010M)
current process WorkingSet (physical memory assigned to process): 354M, peak: 355M
current process commit charge ("private bytes"): 567M, peak: 614M

vm_info: Java HotSpot(TM) 64-Bit Server VM (11.0.12+8-LTS-237) for windows-amd64 JRE (11.0.12+8-LTS-237), built on Jun  8 2021 11:25:59 by "mach5one" with MS VC++ 15.9 (VS2017)

END.
