JvmtiExport can_access_local_variables 1
JvmtiExport can_hotswap_or_post_breakpoint 1
JvmtiExport can_post_on_exceptions 1
# 286 ciObject found
instanceKlass java/util/stream/ReduceOps$5ReducingSink
instanceKlass java/util/stream/IntPipeline$$Lambda$500
instanceKlass java/util/function/IntBinaryOperator
instanceKlass org/apache/ignite/internal/pagememory/persistence/checkpoint/DataRegionsDirtyPages$$Lambda$499
instanceKlass org/apache/ignite/internal/pagememory/persistence/checkpoint/DataRegionsDirtyPages
instanceKlass org/apache/ignite/internal/pagememory/persistence/checkpoint/DataRegionDirtyPages
instanceKlass org/apache/ignite/internal/pagememory/persistence/checkpoint/CheckpointPages
instanceKlass org/apache/ignite/internal/pagememory/persistence/checkpoint/CheckpointProgressImpl$$Lambda$498
instanceKlass org/apache/ignite/internal/pagememory/persistence/checkpoint/CheckpointWorkflow$$Lambda$497
instanceKlass org/apache/ignite/internal/pagememory/persistence/checkpoint/CheckpointWorkflow$$Lambda$496
instanceKlass org/apache/ignite/internal/pagememory/persistence/checkpoint/CheckpointMetricsTracker
instanceKlass org/apache/ignite/internal/pagememory/persistence/replacement/ClockPageReplacementFlags$$Lambda$495
instanceKlass java/util/function/LongUnaryOperator
instanceKlass java/lang/invoke/LambdaForm$DMH
instanceKlass org/apache/ignite/internal/pagememory/metric/IoStatisticsHolderNoOp
instanceKlass org/apache/ignite/internal/pagememory/persistence/replacement/DelayedPageReplacementTracker$$Lambda$494
instanceKlass org/apache/ignite/internal/pagememory/persistence/replacement/DelayedDirtyPageWrite
instanceKlass org/apache/ignite/internal/pagememory/persistence/PageHeader
instanceKlass org/apache/ignite/lang/IgniteBiTuple
instanceKlass org/apache/ignite/internal/pagememory/persistence/PersistentPageMemoryNoLoadTest$1
instanceKlass org/apache/ignite/internal/pagememory/persistence/PersistentPageMemoryNoLoadTest$$Lambda$493
instanceKlass org/apache/ignite/internal/pagememory/persistence/store/PageAllocationListener
instanceKlass java/lang/invoke/LambdaForm$DMH
instanceKlass org/apache/ignite/internal/pagememory/persistence/FastCrc$$Lambda$492
instanceKlass org/apache/ignite/internal/pagememory/persistence/FastCrc
instanceKlass org/apache/ignite/internal/pagememory/util/PageUtils
instanceKlass org/apache/ignite/internal/pagememory/util/PageIdUtils
instanceKlass org/apache/ignite/internal/pagememory/persistence/PartitionMeta$PartitionMetaSnapshot
instanceKlass org/apache/ignite/internal/pagememory/persistence/GroupPartitionId
instanceKlass sun/nio/ch/Util$BufferCache
instanceKlass sun/nio/ch/Util
instanceKlass java/lang/invoke/LambdaForm$MH
instanceKlass java/lang/invoke/LambdaForm$DMH
instanceKlass java/lang/invoke/LambdaForm$DMH
instanceKlass org/apache/ignite/internal/fileio/AbstractFileIo$$Lambda$491
instanceKlass org/apache/ignite/internal/fileio/AbstractFileIo$IoOperation
instanceKlass java/lang/invoke/LambdaForm$DMH
instanceKlass sun/nio/ch/IOStatus
instanceKlass java/nio/channels/spi/AbstractInterruptibleChannel$1
instanceKlass sun/nio/ch/Interruptible
instanceKlass org/apache/ignite/internal/fileio/AbstractFileIo
instanceKlass org/apache/ignite/internal/pagememory/persistence/store/GroupPageStoresMap$$Lambda$490
instanceKlass org/apache/ignite/internal/pagememory/persistence/store/AbstractFilePageStoreIo
instanceKlass org/apache/ignite/internal/pagememory/persistence/store/FilePageStoreHeader
instanceKlass org/apache/ignite/internal/pagememory/persistence/store/FilePageStoreManager$$Lambda$489
instanceKlass org/apache/ignite/internal/pagememory/persistence/store/FilePageStoreManager$$Lambda$488
instanceKlass org/mockito/internal/matchers/Equals
instanceKlass org/mockito/internal/matchers/ContainsExtraTypeInfo
instanceKlass java/lang/invoke/LambdaForm$MH
instanceKlass java/lang/invoke/LambdaForm$MH
instanceKlass java/lang/invoke/LambdaForm$MH
instanceKlass java/lang/invoke/LambdaForm$MH
instanceKlass java/lang/invoke/LambdaForm$MH
instanceKlass java/lang/invoke/LambdaForm$MH
instanceKlass java/lang/invoke/LambdaForm$MH
instanceKlass java/lang/invoke/LambdaForm$DMH
instanceKlass java/lang/invoke/LambdaForm$MH
instanceKlass java/lang/invoke/LambdaForm$DMH
instanceKlass java/lang/invoke/LambdaForm$MH
instanceKlass java/lang/invoke/LambdaForm$MH
instanceKlass java/lang/invoke/LambdaForm$MH
instanceKlass java/lang/invoke/LambdaForm$MH
instanceKlass java/lang/invoke/LambdaForm$MH
instanceKlass java/lang/invoke/LambdaForm$MH
instanceKlass java/lang/invoke/LambdaForm$MH
instanceKlass java/lang/invoke/LambdaForm$MH
instanceKlass java/lang/invoke/LambdaForm$MH
instanceKlass java/lang/invoke/LambdaForm$MH
instanceKlass java/lang/invoke/LambdaForm$MH
instanceKlass java/lang/invoke/LambdaForm$MH
instanceKlass java/lang/invoke/LambdaForm$MH
instanceKlass java/lang/invoke/LambdaForm$MH
instanceKlass java/lang/invoke/LambdaForm$MH
instanceKlass java/lang/invoke/LambdaForm$MH
instanceKlass java/lang/invoke/LambdaForm$BMH
instanceKlass java/lang/invoke/LambdaForm$DMH
instanceKlass java/lang/invoke/LambdaForm$MH
instanceKlass java/lang/invoke/LambdaForm$DMH
instanceKlass java/lang/invoke/LambdaForm$MH
instanceKlass java/lang/invoke/LambdaForm$MH
instanceKlass java/lang/invoke/LambdaForm$DMH
instanceKlass java/lang/invoke/LambdaForm$MH
instanceKlass java/lang/invoke/LambdaForm$MH
instanceKlass java/lang/invoke/LambdaForm$MH
instanceKlass java/lang/invoke/LambdaForm$MH
instanceKlass java/lang/invoke/LambdaForm$MH
instanceKlass java/lang/invoke/LambdaForm$MH
instanceKlass java/lang/invoke/LambdaForm$MH
instanceKlass java/lang/invoke/LambdaForm$MH
instanceKlass java/lang/invoke/LambdaForm$MH
instanceKlass java/lang/invoke/LambdaForm$MH
instanceKlass java/lang/invoke/LambdaForm$MH
instanceKlass java/lang/invoke/LambdaForm$MH
instanceKlass java/lang/invoke/LambdaForm$MH
instanceKlass java/lang/invoke/LambdaForm$MH
instanceKlass java/lang/invoke/LambdaForm$MH
instanceKlass java/lang/invoke/LambdaForm$MH
instanceKlass java/lang/invoke/LambdaForm$MH
instanceKlass java/lang/invoke/LambdaForm$MH
instanceKlass java/lang/invoke/LambdaForm$MH
instanceKlass java/lang/invoke/LambdaForm$MH
instanceKlass java/lang/invoke/LambdaForm$MH
instanceKlass java/lang/invoke/LambdaForm$MH
instanceKlass java/time/LocalTime$1
instanceKlass java/time/format/DateTimeFormatterBuilder$3
instanceKlass java/time/LocalDate$1
instanceKlass java/time/ZonedDateTime$1
instanceKlass java/time/format/DateTimePrintContext
instanceKlass java/time/ZonedDateTime
instanceKlass java/time/chrono/ChronoZonedDateTime
instanceKlass java/time/LocalTime
instanceKlass java/time/LocalDate
instanceKlass java/time/chrono/ChronoLocalDate
instanceKlass java/time/zone/ZoneOffsetTransition
instanceKlass java/time/LocalDateTime
instanceKlass java/time/chrono/ChronoLocalDateTime
instanceKlass java/time/zone/ZoneOffsetTransitionRule
instanceKlass java/time/zone/ZoneRules
instanceKlass java/time/zone/Ser
instanceKlass java/time/zone/ZoneRulesProvider$1
instanceKlass java/time/zone/ZoneRulesProvider
instanceKlass java/util/zip/Checksum$1
instanceKlass java/util/zip/CRC32
instanceKlass java/util/zip/Checksum
instanceKlass sun/util/calendar/ZoneInfoFile$ZoneOffsetTransitionRule
instanceKlass sun/util/calendar/ZoneInfoFile$1
instanceKlass sun/util/calendar/ZoneInfoFile
instanceKlass java/util/TimeZone
instanceKlass java/util/logging/LogManager$CloseOnReset
instanceKlass sun/nio/ch/FileKey
instanceKlass sun/nio/ch/FileLockTable
instanceKlass sun/nio/ch/NativeThread
instanceKlass java/nio/channels/FileLock
instanceKlass sun/nio/ch/FileChannelImpl$Closer
instanceKlass sun/nio/ch/NativeDispatcher
instanceKlass sun/nio/ch/NativeThreadSet
instanceKlass sun/nio/ch/IOUtil$1
instanceKlass sun/nio/ch/IOUtil
instanceKlass sun/nio/fs/WindowsChannelFactory$2
instanceKlass java/nio/channels/spi/AbstractInterruptibleChannel
instanceKlass java/nio/channels/InterruptibleChannel
instanceKlass java/nio/channels/ScatteringByteChannel
instanceKlass java/nio/channels/GatheringByteChannel
instanceKlass java/nio/channels/SeekableByteChannel
instanceKlass java/nio/channels/ByteChannel
instanceKlass java/nio/channels/WritableByteChannel
instanceKlass java/nio/channels/ReadableByteChannel
instanceKlass java/util/logging/StreamHandler$1
instanceKlass java/util/logging/Handler$1
instanceKlass java/util/logging/ErrorManager
instanceKlass jdk/internal/logger/SimpleConsoleLogger$Formatting
instanceKlass sun/util/logging/PlatformLogger
instanceKlass java/util/logging/SimpleFormatter$$Lambda$487
instanceKlass java/util/logging/Formatter
instanceKlass java/time/Clock
instanceKlass java/time/Instant
instanceKlass java/time/temporal/Temporal
instanceKlass java/util/logging/LogRecord
instanceKlass org/apache/ignite/lang/IgniteStringFormatter
instanceKlass java/lang/invoke/LambdaForm$MH
instanceKlass java/lang/invoke/LambdaForm$DMH
instanceKlass java/lang/invoke/LambdaForm$MH
instanceKlass java/lang/invoke/LambdaForm$MH
instanceKlass java/lang/invoke/LambdaForm$MH
instanceKlass java/lang/invoke/LambdaForm$MH
instanceKlass java/lang/invoke/LambdaForm$MH
instanceKlass java/lang/invoke/LambdaForm$MH
instanceKlass java/lang/invoke/LambdaForm$MH
instanceKlass java/lang/invoke/LambdaForm$MH
instanceKlass java/lang/invoke/LambdaForm$MH
instanceKlass java/lang/invoke/LambdaForm$MH
instanceKlass java/lang/invoke/LambdaForm$MH
instanceKlass jdk/internal/math/FormattedFloatingDecimal$2
instanceKlass jdk/internal/math/FDBigInteger
instanceKlass jdk/internal/math/FormattedFloatingDecimal
instanceKlass java/lang/invoke/LambdaForm$MH
instanceKlass java/lang/invoke/LambdaForm$MH
instanceKlass java/lang/invoke/LambdaForm$MH
instanceKlass java/lang/invoke/LambdaForm$MH
instanceKlass java/lang/invoke/LambdaForm$MH
instanceKlass java/lang/invoke/LambdaForm$MH
instanceKlass java/lang/invoke/LambdaForm$MH
instanceKlass java/lang/invoke/LambdaForm$MH
instanceKlass java/lang/invoke/LambdaForm$MH
instanceKlass java/lang/invoke/LambdaForm$MH
instanceKlass java/lang/invoke/LambdaForm$MH
instanceKlass java/lang/invoke/LambdaForm$MH
instanceKlass java/lang/invoke/LambdaForm$MH
instanceKlass java/lang/invoke/LambdaForm$MH
instanceKlass java/lang/invoke/LambdaForm$MH
instanceKlass org/apache/ignite/internal/pagememory/persistence/replacement/ClockPageReplacementFlags
instanceKlass org/apache/ignite/internal/pagememory/persistence/RobinHoodBackwardShiftHashMap
instanceKlass org/apache/ignite/internal/pagememory/persistence/LoadedPagesMap
instanceKlass org/apache/ignite/internal/pagememory/mem/unsafe/UnsafeChunk
instanceKlass java/lang/invoke/LambdaForm$MH
instanceKlass java/lang/invoke/LambdaForm$BMH
instanceKlass java/lang/invoke/LambdaForm$DMH
instanceKlass java/lang/invoke/LambdaForm$DMH
instanceKlass org/apache/ignite/internal/util/GridUnsafe$$Lambda$486
instanceKlass org/apache/ignite/internal/util/GridUnsafe$2
instanceKlass java/nio/DirectByteBuffer$Deallocator
instanceKlass org/apache/ignite/internal/util/GridUnsafe$1
instanceKlass org/apache/ignite/internal/util/GridUnsafe
instanceKlass org/apache/ignite/internal/util/FastTimestamps
instanceKlass java/lang/invoke/LambdaForm$MH
instanceKlass java/lang/invoke/LambdaForm$DMH
instanceKlass java/lang/invoke/LambdaForm$MH
instanceKlass java/lang/invoke/LambdaForm$MH
instanceKlass java/lang/invoke/LambdaForm$MH
instanceKlass java/lang/invoke/LambdaForm$MH
instanceKlass java/lang/invoke/LambdaForm$MH
instanceKlass java/lang/invoke/LambdaForm$DMH
instanceKlass java/lang/invoke/LambdaForm$MH
instanceKlass java/lang/invoke/LambdaForm$DMH
instanceKlass java/lang/invoke/LambdaForm$MH
instanceKlass java/lang/invoke/LambdaForm$MH
instanceKlass java/lang/invoke/LambdaForm$MH
instanceKlass java/lang/invoke/LambdaForm$MH
instanceKlass java/lang/invoke/LambdaForm$MH
instanceKlass java/lang/invoke/LambdaForm$DMH
instanceKlass java/lang/invoke/LambdaForm$DMH
instanceKlass java/lang/invoke/LambdaForm$MH
instanceKlass java/lang/invoke/LambdaForm$MH
instanceKlass java/lang/invoke/LambdaForm$MH
instanceKlass java/lang/invoke/LambdaForm$MH
instanceKlass java/nio/file/Files$$Lambda$485
instanceKlass java/nio/file/Files$$Lambda$484
instanceKlass java/nio/file/Files$$Lambda$483
instanceKlass java/lang/invoke/LambdaForm$DMH
instanceKlass java/nio/file/FileTreeWalker$Event
instanceKlass java/nio/file/FileTreeWalker$DirectoryNode
instanceKlass java/nio/file/FileTreeWalker
instanceKlass java/nio/file/FileTreeIterator
instanceKlass org/apache/ignite/internal/pagememory/persistence/store/FilePageStoreManager$$Lambda$482
instanceKlass java/util/function/BiPredicate
instanceKlass org/apache/ignite/internal/pagememory/persistence/PersistentPageMemoryNoLoadTest$$Lambda$481
instanceKlass org/apache/ignite/internal/pagememory/DataRegion
instanceKlass org/apache/ignite/internal/pagememory/persistence/replacement/DelayedPageReplacementTracker$Stripe
instanceKlass org/apache/ignite/internal/pagememory/persistence/replacement/PageReplacementPolicy
instanceKlass org/apache/ignite/internal/pagememory/persistence/replacement/ClockPageReplacementPolicyFactory
instanceKlass org/apache/ignite/internal/pagememory/mem/unsafe/UnsafeMemoryAllocator
instanceKlass org/apache/ignite/internal/pagememory/mem/DirectMemoryRegion
instanceKlass org/apache/ignite/internal/pagememory/mem/MemoryAllocator
instanceKlass org/apache/ignite/internal/pagememory/mem/unsafe/UnsafeMemoryProvider
instanceKlass org/apache/ignite/internal/pagememory/persistence/replacement/DelayedPageReplacementTracker
instanceKlass org/apache/ignite/internal/pagememory/persistence/PagePool
instanceKlass org/apache/ignite/internal/pagememory/persistence/PersistentPageMemory$PageChangeTracker
instanceKlass org/apache/ignite/internal/util/OffheapReadWriteLock
instanceKlass java/util/concurrent/atomic/AtomicIntegerFieldUpdater$AtomicIntegerFieldUpdaterImpl$1
instanceKlass java/util/concurrent/atomic/AtomicIntegerFieldUpdater
instanceKlass org/apache/ignite/internal/pagememory/metric/IoStatisticsHolder
instanceKlass org/apache/ignite/internal/pagememory/persistence/replacement/PageReplacementPolicyFactory
instanceKlass org/apache/ignite/internal/pagememory/mem/DirectMemoryProvider
instanceKlass org/apache/ignite/internal/pagememory/persistence/PersistentPageMemoryNoLoadTest$$Lambda$480
instanceKlass org/apache/ignite/internal/pagememory/persistence/checkpoint/CheckpointManager$$Lambda$479
instanceKlass org/apache/ignite/internal/pagememory/persistence/checkpoint/CheckpointTimeoutLock
instanceKlass sun/security/provider/AbstractDrbg$NonceProvider
instanceKlass sun/security/provider/AbstractDrbg$SeederHolder$$Lambda$478
instanceKlass java/lang/invoke/LambdaForm$DMH
instanceKlass java/lang/invoke/LambdaForm$DMH
instanceKlass sun/nio/fs/BasicFileAttributesHolder
instanceKlass java/net/NetworkInterface$2
instanceKlass java/net/DefaultInterface
instanceKlass java/net/Inet6Address$Inet6AddressHolder
instanceKlass java/net/InetAddress$PlatformNameService
instanceKlass java/net/InetAddress$NameService
instanceKlass java/net/Inet6AddressImpl
instanceKlass java/net/InetAddressImpl
instanceKlass java/net/InetAddressImplFactory
instanceKlass java/util/concurrent/ConcurrentSkipListMap$Node
instanceKlass java/util/concurrent/ConcurrentSkipListMap$Index
instanceKlass java/util/concurrent/ConcurrentNavigableMap
instanceKlass java/net/InetAddress$InetAddressHolder
instanceKlass java/net/InetAddress$2
instanceKlass jdk/internal/access/JavaNetInetAddressAccess
instanceKlass java/net/InetAddress$1
instanceKlass java/net/InterfaceAddress
instanceKlass java/net/NetworkInterface$1
instanceKlass java/net/NetworkInterface
instanceKlass sun/security/provider/ByteArrayAccess
instanceKlass sun/security/provider/SeedGenerator$1
instanceKlass sun/security/util/MessageDigestSpi2
instanceKlass sun/security/jca/GetInstance$Instance
instanceKlass sun/security/jca/GetInstance
instanceKlass java/security/MessageDigestSpi
instanceKlass sun/security/provider/SeedGenerator
instanceKlass sun/security/provider/AbstractDrbg$SeederHolder
instanceKlass java/security/DrbgParameters$NextBytes
instanceKlass sun/security/provider/AbstractDrbg$$Lambda$477
instanceKlass sun/security/provider/EntropySource
instanceKlass java/lang/invoke/LambdaForm$DMH
instanceKlass java/lang/invoke/LambdaForm$DMH
instanceKlass sun/security/provider/AbstractDrbg
instanceKlass java/security/DrbgParameters$Instantiation
instanceKlass java/security/DrbgParameters
instanceKlass sun/security/provider/MoreDrbgParameters
instanceKlass sun/security/provider/DRBG$$Lambda$476
instanceKlass java/security/SecureRandomSpi
instanceKlass java/security/SecureRandomParameters
instanceKlass java/security/Provider$UString
instanceKlass java/security/Provider$Service
instanceKlass sun/security/provider/NativePRNG$NonBlocking
instanceKlass sun/security/provider/NativePRNG$Blocking
instanceKlass sun/security/provider/NativePRNG
instanceKlass sun/security/provider/SunEntries$1
instanceKlass sun/security/provider/SunEntries
instanceKlass sun/security/jca/ProviderList$2
instanceKlass jdk/internal/math/FloatingDecimal$ASCIIToBinaryBuffer
instanceKlass jdk/internal/math/FloatingDecimal$PreparedASCIIToBinaryBuffer
instanceKlass jdk/internal/math/FloatingDecimal$ASCIIToBinaryConverter
instanceKlass jdk/internal/math/FloatingDecimal$BinaryToASCIIBuffer
instanceKlass jdk/internal/math/FloatingDecimal$ExceptionalBinaryToASCIIBuffer
instanceKlass jdk/internal/math/FloatingDecimal$BinaryToASCIIConverter
instanceKlass jdk/internal/math/FloatingDecimal
instanceKlass java/security/Provider$EngineDescription
instanceKlass java/security/Provider$ServiceKey
instanceKlass sun/security/jca/ProviderConfig
instanceKlass sun/security/jca/ProviderList
instanceKlass sun/security/jca/Providers
instanceKlass java/util/UUID$Holder
instanceKlass org/apache/ignite/internal/util/IgniteUtils
instanceKlass org/apache/ignite/internal/pagememory/persistence/checkpoint/CheckpointProgressImpl
instanceKlass org/apache/ignite/internal/pagememory/persistence/checkpoint/Checkpoint
instanceKlass org/apache/ignite/internal/thread/LogUncaughtExceptionHandler
instanceKlass org/apache/ignite/internal/thread/NamedThreadFactory
instanceKlass org/apache/ignite/internal/pagememory/persistence/compaction/Compactor$$Lambda$475
instanceKlass org/apache/ignite/internal/util/worker/IgniteWorkerListener
instanceKlass java/util/concurrent/atomic/AtomicLongFieldUpdater$CASUpdater$1
instanceKlass java/util/concurrent/atomic/AtomicLongFieldUpdater
instanceKlass org/apache/ignite/internal/pagememory/persistence/checkpoint/CheckpointPagesWriterFactory$$Lambda$474
instanceKlass org/apache/ignite/internal/pagememory/persistence/checkpoint/CheckpointManager$$Lambda$473
instanceKlass org/apache/ignite/internal/pagememory/persistence/checkpoint/CheckpointPagesWriterFactory
instanceKlass org/apache/ignite/internal/pagememory/persistence/checkpoint/CheckpointWorkflow$$Lambda$472
instanceKlass org/apache/ignite/internal/pagememory/persistence/checkpoint/CheckpointProgress
instanceKlass org/apache/ignite/internal/pagememory/persistence/checkpoint/CheckpointWorkflow
instanceKlass org/apache/ignite/internal/pagememory/persistence/checkpoint/CheckpointMarkersStorage$$Lambda$471
instanceKlass org/apache/ignite/internal/pagememory/persistence/checkpoint/CheckpointMarkersStorage$$Lambda$470
instanceKlass org/apache/ignite/internal/pagememory/persistence/checkpoint/CheckpointMarkersStorage$$Lambda$469
instanceKlass org/apache/ignite/internal/pagememory/persistence/checkpoint/CheckpointMarkersStorage$$Lambda$468
instanceKlass org/apache/ignite/internal/pagememory/persistence/checkpoint/CheckpointMarkersStorage$$Lambda$467
instanceKlass java/nio/file/Files$$Lambda$466
instanceKlass java/nio/file/Files$2
instanceKlass sun/nio/fs/WindowsDirectoryStream$WindowsDirectoryIterator
instanceKlass java/nio/file/Files$AcceptAllFilter
instanceKlass java/nio/file/DirectoryStream$Filter
instanceKlass org/apache/ignite/internal/pagememory/persistence/checkpoint/CheckpointMarkersStorage
instanceKlass org/apache/ignite/internal/pagememory/persistence/checkpoint/CheckpointReadWriteLock$$Lambda$465
instanceKlass org/apache/ignite/internal/pagememory/persistence/checkpoint/CheckpointReadWriteLock
instanceKlass org/apache/ignite/internal/pagememory/persistence/checkpoint/ReentrantReadWriteLockWithTracking
instanceKlass org/mockito/internal/util/reflection/LenientCopyTool
instanceKlass org/apache/ignite/internal/pagememory/persistence/store/FilePageStoreManager$MockitoMock$91196847$auxiliary$IaJJ7xsr
instanceKlass org/apache/ignite/internal/pagememory/persistence/store/FilePageStoreManager$MockitoMock$91196847$auxiliary$zlQT3K35
instanceKlass org/apache/ignite/internal/pagememory/persistence/store/FilePageStoreManager$MockitoMock$91196847$auxiliary$0guZzxKD
instanceKlass org/apache/ignite/internal/pagememory/persistence/store/FilePageStoreManager$MockitoMock$91196847$auxiliary$Ch33UlfH
instanceKlass org/apache/ignite/internal/pagememory/persistence/store/FilePageStoreManager$MockitoMock$91196847$auxiliary$JAWbWADh
instanceKlass org/apache/ignite/internal/pagememory/persistence/store/FilePageStoreManager$MockitoMock$91196847$auxiliary$EEYc6yXK
instanceKlass org/apache/ignite/internal/pagememory/persistence/store/FilePageStoreManager$MockitoMock$91196847$auxiliary$kI4YkQNg
instanceKlass org/apache/ignite/internal/pagememory/persistence/store/FilePageStoreManager$MockitoMock$91196847$auxiliary$AqHZ4g3S
instanceKlass org/apache/ignite/internal/pagememory/persistence/store/FilePageStoreManager$MockitoMock$91196847$auxiliary$suwNQnzb
instanceKlass org/apache/ignite/internal/pagememory/persistence/store/FilePageStoreManager$MockitoMock$91196847$auxiliary$83we1Ivu
instanceKlass org/apache/ignite/internal/pagememory/persistence/store/FilePageStoreManager$MockitoMock$91196847$auxiliary$mVkfjN0D
instanceKlass org/apache/ignite/internal/pagememory/persistence/store/FilePageStoreManager$MockitoMock$91196847$auxiliary$wsmIx57U
instanceKlass org/apache/ignite/internal/pagememory/persistence/store/FilePageStoreManager$MockitoMock$91196847$auxiliary$GqE4RTgn
instanceKlass org/apache/ignite/internal/pagememory/persistence/store/FilePageStoreManager$MockitoMock$91196847$auxiliary$Q22DvRqs
instanceKlass org/apache/ignite/internal/pagememory/persistence/store/FilePageStoreManager$MockitoMock$91196847$auxiliary$VQJAnGOV
instanceKlass sun/reflect/generics/tree/BooleanSignature
instanceKlass java/lang/reflect/AnnotatedParameterizedType
instanceKlass net/bytebuddy/description/type/TypeDescription$Generic$AnnotationReader$ForTypeArgument$AnnotatedParameterizedType
instanceKlass org/apache/ignite/internal/pagememory/persistence/store/FilePageStore
instanceKlass org/mockito/internal/util/MockUtil$$Lambda$464
instanceKlass org/apache/ignite/internal/pagememory/persistence/store/FilePageStoreFactory
instanceKlass org/apache/ignite/internal/pagememory/persistence/store/GroupPageStoresMap
instanceKlass org/apache/ignite/internal/util/worker/IgniteWorker
instanceKlass org/apache/ignite/internal/util/worker/WorkProgressDispatcher
instanceKlass org/apache/ignite/internal/pagememory/persistence/store/LongOperationAsyncExecutor
instanceKlass org/apache/ignite/internal/util/IgniteStripedLock
instanceKlass org/apache/ignite/internal/fileio/FileIo
instanceKlass org/apache/ignite/internal/fileio/RandomAccessFileIoFactory
instanceKlass org/apache/ignite/internal/pagememory/persistence/store/PageStore
instanceKlass org/apache/ignite/internal/pagememory/persistence/PersistentPageMemoryNoLoadTest$$Lambda$463
instanceKlass org/junit/jupiter/engine/extension/TimeoutConfiguration$$Lambda$462
instanceKlass org/junit/jupiter/engine/extension/TimeoutConfiguration$$Lambda$461
instanceKlass org/junit/jupiter/engine/extension/TimeoutExtension$$Lambda$460
instanceKlass java/nio/file/Path$1
instanceKlass sun/nio/fs/WindowsSecurityDescriptor
instanceKlass java/nio/file/attribute/FileAttribute
instanceKlass sun/nio/fs/WindowsDirectoryStream
instanceKlass java/nio/file/DirectoryStream
instanceKlass sun/nio/fs/WindowsChannelFactory$Flags
instanceKlass sun/nio/fs/WindowsChannelFactory$1
instanceKlass sun/nio/fs/WindowsChannelFactory
instanceKlass org/apache/ignite/internal/testframework/IgniteTestUtils
instanceKlass org/apache/ignite/internal/testframework/WorkDirectoryExtension$$Lambda$459
instanceKlass sun/nio/fs/WindowsPath$1
instanceKlass org/junit/jupiter/engine/execution/ExecutableInvoker$$Lambda$458
instanceKlass org/apache/ignite/internal/pagememory/configuration/schema/PageMemoryCheckpointChange
instanceKlass org/apache/ignite/internal/pagememory/configuration/schema/PageMemoryCheckpointView
instanceKlass org/apache/ignite/configuration/validation/Range
instanceKlass org/apache/ignite/internal/pagememory/configuration/schema/PageMemoryCheckpointConfigurationSchema
instanceKlass org/junit/jupiter/api/TestReporter
instanceKlass org/junit/jupiter/engine/execution/ExecutableInvoker$$Lambda$457
instanceKlass org/junit/jupiter/engine/execution/DefaultParameterContext
instanceKlass org/junit/jupiter/engine/descriptor/TestMethodTestDescriptor$$Lambda$456
instanceKlass org/junit/jupiter/engine/descriptor/TestMethodTestDescriptor$$Lambda$455
instanceKlass org/junit/jupiter/api/extension/BeforeTestExecutionCallback
instanceKlass org/apache/ignite/internal/configuration/testframework/ConfigurationExtension$1$$Lambda$454
instanceKlass org/apache/ignite/internal/configuration/notifications/ConfigurationNotifier$1$$Lambda$453
instanceKlass org/apache/ignite/internal/configuration/notifications/ConfigurationNotifier$1$$Lambda$452
instanceKlass org/apache/ignite/internal/configuration/notifications/ConfigurationNotifier$1$$Lambda$451
instanceKlass org/apache/ignite/internal/configuration/util/ConfigurationUtil$5
instanceKlass org/apache/ignite/internal/configuration/notifications/ConfigurationNotifier$1
instanceKlass org/apache/ignite/internal/util/CollectionUtils$3
instanceKlass org/apache/ignite/internal/configuration/notifications/ConfigurationNotifier$$Lambda$450
instanceKlass org/apache/ignite/internal/configuration/notifications/ConfigurationNotifier$$Lambda$449
instanceKlass org/apache/ignite/internal/configuration/ConfigurationListenerHolder$2
instanceKlass org/apache/ignite/internal/configuration/notifications/ConfigurationNotificationUtils
instanceKlass org/apache/ignite/internal/configuration/notifications/ConfigurationContainer
instanceKlass org/apache/ignite/configuration/notifications/ConfigurationNotificationEvent
instanceKlass org/apache/ignite/internal/configuration/notifications/ConfigurationNotificationContext
instanceKlass org/apache/ignite/internal/configuration/notifications/ConfigurationNotifier
instanceKlass org/apache/ignite/internal/configuration/util/ConfigurationUtil$4
instanceKlass com/intellij/rt/debugger/agent/CaptureStorage$HardKey
instanceKlass com/intellij/rt/debugger/agent/CaptureStorage$ExceptionCapturedStack
instanceKlass com/intellij/rt/debugger/agent/CaptureStorage$CapturedStack
instanceKlass java/util/concurrent/CompletableFuture$AsynchronousCompletionTask
instanceKlass java/util/concurrent/ForkJoinPool$WorkQueue
instanceKlass java/util/concurrent/ForkJoinPool$1
instanceKlass java/util/concurrent/ForkJoinPool$DefaultForkJoinWorkerThreadFactory
instanceKlass java/util/concurrent/ForkJoinPool$ForkJoinWorkerThreadFactory
instanceKlass java/util/concurrent/ForkJoinTask
instanceKlass org/jetbrains/capture/org/objectweb/asm/Handler
instanceKlass org/jetbrains/capture/org/objectweb/asm/Edge
instanceKlass org/jetbrains/capture/org/objectweb/asm/Frame
instanceKlass org/jetbrains/capture/org/objectweb/asm/Context
instanceKlass org/jetbrains/capture/org/objectweb/asm/Attribute
instanceKlass org/jetbrains/capture/org/objectweb/asm/ByteVector
instanceKlass org/jetbrains/capture/org/objectweb/asm/Symbol
instanceKlass org/jetbrains/capture/org/objectweb/asm/SymbolTable
instanceKlass org/jetbrains/capture/org/objectweb/asm/MethodVisitor
instanceKlass org/jetbrains/capture/org/objectweb/asm/FieldVisitor
instanceKlass org/jetbrains/capture/org/objectweb/asm/ModuleVisitor
instanceKlass org/jetbrains/capture/org/objectweb/asm/AnnotationVisitor
instanceKlass org/jetbrains/capture/org/objectweb/asm/RecordComponentVisitor
instanceKlass org/jetbrains/capture/org/objectweb/asm/Label
instanceKlass org/jetbrains/capture/org/objectweb/asm/ClassReader
instanceKlass java/util/concurrent/CompletableFuture$AltResult
instanceKlass org/apache/ignite/internal/configuration/testframework/ConfigurationExtension$1$$Lambda$448
instanceKlass org/apache/ignite/internal/configuration/DynamicConfiguration$1
instanceKlass org/apache/ignite/internal/pagememory/persistence/PersistentPageMemoryNoLoadTest$$Lambda$447
instanceKlass org/junit/jupiter/engine/extension/TimeoutConfiguration$$Lambda$446
instanceKlass org/junit/jupiter/engine/extension/TimeoutExtension$$Lambda$445
instanceKlass org/junit/jupiter/engine/descriptor/ClassBasedTestDescriptor$$Lambda$444
instanceKlass org/junit/jupiter/engine/descriptor/ClassBasedTestDescriptor$$Lambda$443
instanceKlass org/junit/jupiter/engine/descriptor/TestMethodTestDescriptor$$Lambda$442
instanceKlass org/apache/ignite/internal/configuration/testframework/ConfigurationExtension$$Lambda$441
instanceKlass org/apache/ignite/internal/configuration/testframework/InjectRevisionListenerHolder
instanceKlass org/apache/ignite/internal/configuration/util/ConfigurationUtil$2
instanceKlass org/apache/ignite/internal/configuration/testframework/ConfigurationExtension$1
instanceKlass org/apache/ignite/internal/configuration/util/ConfigurationUtil$6
instanceKlass org/apache/ignite/internal/configuration/util/ConfigurationUtil$3
instanceKlass org/mockito/internal/util/KotlinInlineClassUtil
instanceKlass org/mockito/internal/invocation/InvocationMatcher$1
instanceKlass org/mockito/internal/invocation/StubInfoImpl
instanceKlass org/mockito/internal/invocation/TypeSafeMatching
instanceKlass org/mockito/internal/invocation/MatcherApplicationStrategy
instanceKlass org/apache/ignite/internal/configuration/hocon/HoconObjectConfigurationSource$1
instanceKlass org/apache/ignite/internal/configuration/hocon/HoconObjectConfigurationSource
instanceKlass org/apache/ignite/internal/configuration/hocon/HoconConverter
instanceKlass com/typesafe/config/impl/ConfigParser$ParseContext
instanceKlass com/typesafe/config/impl/ConfigParser
instanceKlass com/typesafe/config/impl/Path
instanceKlass com/typesafe/config/impl/PathBuilder
instanceKlass com/typesafe/config/impl/PathParser$Element
instanceKlass com/typesafe/config/impl/PathParser
instanceKlass com/typesafe/config/impl/ConfigImplUtil
instanceKlass com/typesafe/config/impl/AbstractConfigNode
instanceKlass com/typesafe/config/parser/ConfigNode
instanceKlass com/typesafe/config/impl/ConfigDocumentParser$ParseContext
instanceKlass com/typesafe/config/impl/ConfigDocumentParser
instanceKlass com/typesafe/config/impl/Tokenizer$TokenIterator$WhitespaceSaver
instanceKlass com/typesafe/config/impl/Token
instanceKlass com/typesafe/config/impl/Tokens
instanceKlass com/typesafe/config/impl/Tokenizer$TokenIterator
instanceKlass com/typesafe/config/impl/Tokenizer
instanceKlass com/typesafe/config/impl/ConfigImpl$DebugHolder
instanceKlass com/typesafe/config/impl/SimpleIncludeContext
instanceKlass com/typesafe/config/impl/SimpleIncluder
instanceKlass com/typesafe/config/impl/FullIncluder
instanceKlass com/typesafe/config/ConfigIncluderClasspath
instanceKlass com/typesafe/config/ConfigIncluderURL
instanceKlass com/typesafe/config/ConfigIncluderFile
instanceKlass com/typesafe/config/impl/ConfigImpl$DefaultIncluderHolder
instanceKlass com/typesafe/config/impl/SimpleConfig
instanceKlass com/typesafe/config/impl/AbstractConfigValue$NoExceptionsModifier
instanceKlass com/typesafe/config/impl/AbstractConfigValue$Modifier
instanceKlass com/typesafe/config/impl/ReplaceableMergeStack
instanceKlass com/typesafe/config/impl/Unmergeable
instanceKlass com/typesafe/config/impl/SimpleConfigOrigin
instanceKlass com/typesafe/config/ConfigList
instanceKlass com/typesafe/config/impl/SimpleIncluder$NameSource
instanceKlass com/typesafe/config/Config
instanceKlass com/typesafe/config/impl/ConfigImpl
instanceKlass com/typesafe/config/impl/Container
instanceKlass com/typesafe/config/impl/AbstractConfigValue
instanceKlass com/typesafe/config/impl/MergeableValue
instanceKlass com/typesafe/config/parser/ConfigDocument
instanceKlass com/typesafe/config/ConfigOrigin
instanceKlass com/typesafe/config/ConfigIncludeContext
instanceKlass com/typesafe/config/ConfigIncluder
instanceKlass com/typesafe/config/impl/Parseable$Relativizer
instanceKlass com/typesafe/config/ConfigObject
instanceKlass com/typesafe/config/ConfigValue
instanceKlass com/typesafe/config/impl/Parseable
i